{
  "C:/Users/ivans/Documents/2 курс 2 семестер/web/clario/src/api/axios.ts": {
    "path": "C:/Users/ivans/Documents/2 курс 2 семестер/web/clario/src/api/axios.ts",
    "statementMap": {
      "0": {
        "start": {
          "line": 2,
          "column": 25
        },
        "end": {
          "line": 2,
          "column": 48
        }
      },
      "1": {
        "start": {
          "line": 3,
          "column": 26
        },
        "end": {
          "line": 3,
          "column": 40
        }
      },
      "2": {
        "start": {
          "line": 4,
          "column": 27
        },
        "end": {
          "line": 4,
          "column": 48
        }
      },
      "3": {
        "start": {
          "line": 6,
          "column": 2
        },
        "end": {
          "line": 8,
          "column": 3
        }
      },
      "4": {
        "start": {
          "line": 7,
          "column": 4
        },
        "end": {
          "line": 7,
          "column": 40
        }
      },
      "5": {
        "start": {
          "line": 9,
          "column": 2
        },
        "end": {
          "line": 11,
          "column": 3
        }
      },
      "6": {
        "start": {
          "line": 10,
          "column": 4
        },
        "end": {
          "line": 10,
          "column": 36
        }
      },
      "7": {
        "start": {
          "line": 12,
          "column": 2
        },
        "end": {
          "line": 12,
          "column": 26
        }
      },
      "8": {
        "start": {
          "line": 15,
          "column": 2
        },
        "end": {
          "line": 15,
          "column": 49
        }
      },
      "9": {
        "start": {
          "line": 15,
          "column": 37
        },
        "end": {
          "line": 15,
          "column": 49
        }
      },
      "10": {
        "start": {
          "line": 16,
          "column": 2
        },
        "end": {
          "line": 20,
          "column": 3
        }
      },
      "11": {
        "start": {
          "line": 17,
          "column": 4
        },
        "end": {
          "line": 17,
          "column": 58
        }
      },
      "12": {
        "start": {
          "line": 19,
          "column": 4
        },
        "end": {
          "line": 19,
          "column": 16
        }
      },
      "13": {
        "start": {
          "line": 23,
          "column": 2
        },
        "end": {
          "line": 23,
          "column": 44
        }
      },
      "14": {
        "start": {
          "line": 23,
          "column": 37
        },
        "end": {
          "line": 23,
          "column": 44
        }
      },
      "15": {
        "start": {
          "line": 24,
          "column": 2
        },
        "end": {
          "line": 32,
          "column": 3
        }
      },
      "16": {
        "start": {
          "line": 25,
          "column": 4
        },
        "end": {
          "line": 29,
          "column": 5
        }
      },
      "17": {
        "start": {
          "line": 26,
          "column": 6
        },
        "end": {
          "line": 26,
          "column": 60
        }
      },
      "18": {
        "start": {
          "line": 28,
          "column": 6
        },
        "end": {
          "line": 28,
          "column": 56
        }
      },
      "19": {
        "start": {
          "line": 31,
          "column": 4
        },
        "end": {
          "line": 31,
          "column": 11
        }
      },
      "20": {
        "start": {
          "line": 35,
          "column": 2
        },
        "end": {
          "line": 35,
          "column": 21
        }
      },
      "21": {
        "start": {
          "line": 37,
          "column": 19
        },
        "end": {
          "line": 40,
          "column": 2
        }
      },
      "22": {
        "start": {
          "line": 41,
          "column": 0
        },
        "end": {
          "line": 51,
          "column": 2
        }
      },
      "23": {
        "start": {
          "line": 43,
          "column": 18
        },
        "end": {
          "line": 43,
          "column": 29
        }
      },
      "24": {
        "start": {
          "line": 44,
          "column": 4
        },
        "end": {
          "line": 47,
          "column": 5
        }
      },
      "25": {
        "start": {
          "line": 45,
          "column": 6
        },
        "end": {
          "line": 45,
          "column": 44
        }
      },
      "26": {
        "start": {
          "line": 46,
          "column": 6
        },
        "end": {
          "line": 46,
          "column": 55
        }
      },
      "27": {
        "start": {
          "line": 48,
          "column": 4
        },
        "end": {
          "line": 48,
          "column": 18
        }
      },
      "28": {
        "start": {
          "line": 50,
          "column": 13
        },
        "end": {
          "line": 50,
          "column": 34
        }
      },
      "29": {
        "start": {
          "line": 52,
          "column": 0
        },
        "end": {
          "line": 64,
          "column": 2
        }
      },
      "30": {
        "start": {
          "line": 53,
          "column": 16
        },
        "end": {
          "line": 53,
          "column": 24
        }
      },
      "31": {
        "start": {
          "line": 55,
          "column": 19
        },
        "end": {
          "line": 55,
          "column": 42
        }
      },
      "32": {
        "start": {
          "line": 56,
          "column": 4
        },
        "end": {
          "line": 61,
          "column": 5
        }
      },
      "33": {
        "start": {
          "line": 57,
          "column": 6
        },
        "end": {
          "line": 57,
          "column": 19
        }
      },
      "34": {
        "start": {
          "line": 58,
          "column": 6
        },
        "end": {
          "line": 60,
          "column": 7
        }
      },
      "35": {
        "start": {
          "line": 59,
          "column": 8
        },
        "end": {
          "line": 59,
          "column": 60
        }
      },
      "36": {
        "start": {
          "line": 62,
          "column": 4
        },
        "end": {
          "line": 62,
          "column": 33
        }
      },
      "37": {
        "start": {
          "line": 66,
          "column": 2
        },
        "end": {
          "line": 66,
          "column": 28
        }
      },
      "38": {
        "start": {
          "line": 69,
          "column": 2
        },
        "end": {
          "line": 69,
          "column": 27
        }
      }
    },
    "fnMap": {
      "0": {
        "name": "getBaseUrl",
        "decl": {
          "start": {
            "line": 5,
            "column": 9
          },
          "end": {
            "line": 5,
            "column": 19
          }
        },
        "loc": {
          "start": {
            "line": 5,
            "column": 22
          },
          "end": {
            "line": 13,
            "column": 1
          }
        },
        "line": 5
      },
      "1": {
        "name": "readToken",
        "decl": {
          "start": {
            "line": 14,
            "column": 9
          },
          "end": {
            "line": 14,
            "column": 18
          }
        },
        "loc": {
          "start": {
            "line": 14,
            "column": 21
          },
          "end": {
            "line": 21,
            "column": 1
          }
        },
        "line": 14
      },
      "2": {
        "name": "persistToken",
        "decl": {
          "start": {
            "line": 22,
            "column": 16
          },
          "end": {
            "line": 22,
            "column": 28
          }
        },
        "loc": {
          "start": {
            "line": 22,
            "column": 36
          },
          "end": {
            "line": 33,
            "column": 1
          }
        },
        "line": 22
      },
      "3": {
        "name": "clearToken",
        "decl": {
          "start": {
            "line": 34,
            "column": 16
          },
          "end": {
            "line": 34,
            "column": 26
          }
        },
        "loc": {
          "start": {
            "line": 34,
            "column": 29
          },
          "end": {
            "line": 36,
            "column": 1
          }
        },
        "line": 34
      },
      "4": {
        "name": "(anonymous_4)",
        "decl": {
          "start": {
            "line": 42,
            "column": 2
          },
          "end": {
            "line": 42,
            "column": 3
          }
        },
        "loc": {
          "start": {
            "line": 42,
            "column": 14
          },
          "end": {
            "line": 49,
            "column": 3
          }
        },
        "line": 42
      },
      "5": {
        "name": "(anonymous_5)",
        "decl": {
          "start": {
            "line": 50,
            "column": 2
          },
          "end": {
            "line": 50,
            "column": 3
          }
        },
        "loc": {
          "start": {
            "line": 50,
            "column": 13
          },
          "end": {
            "line": 50,
            "column": 34
          }
        },
        "line": 50
      },
      "6": {
        "name": "(anonymous_6)",
        "decl": {
          "start": {
            "line": 53,
            "column": 2
          },
          "end": {
            "line": 53,
            "column": 3
          }
        },
        "loc": {
          "start": {
            "line": 53,
            "column": 16
          },
          "end": {
            "line": 53,
            "column": 24
          }
        },
        "line": 53
      },
      "7": {
        "name": "(anonymous_7)",
        "decl": {
          "start": {
            "line": 54,
            "column": 2
          },
          "end": {
            "line": 54,
            "column": 3
          }
        },
        "loc": {
          "start": {
            "line": 54,
            "column": 13
          },
          "end": {
            "line": 63,
            "column": 3
          }
        },
        "line": 54
      },
      "8": {
        "name": "getUnauthorizedEventName",
        "decl": {
          "start": {
            "line": 65,
            "column": 16
          },
          "end": {
            "line": 65,
            "column": 40
          }
        },
        "loc": {
          "start": {
            "line": 65,
            "column": 43
          },
          "end": {
            "line": 67,
            "column": 1
          }
        },
        "line": 65
      },
      "9": {
        "name": "getTokenKey",
        "decl": {
          "start": {
            "line": 68,
            "column": 16
          },
          "end": {
            "line": 68,
            "column": 27
          }
        },
        "loc": {
          "start": {
            "line": 68,
            "column": 30
          },
          "end": {
            "line": 70,
            "column": 1
          }
        },
        "line": 68
      }
    },
    "branchMap": {
      "0": {
        "loc": {
          "start": {
            "line": 6,
            "column": 2
          },
          "end": {
            "line": 8,
            "column": 3
          }
        },
        "type": "if",
        "locations": [
          {
            "start": {
              "line": 6,
              "column": 2
            },
            "end": {
              "line": 8,
              "column": 3
            }
          },
          {
            "start": {},
            "end": {}
          }
        ],
        "line": 6
      },
      "1": {
        "loc": {
          "start": {
            "line": 6,
            "column": 6
          },
          "end": {
            "line": 6,
            "column": 73
          }
        },
        "type": "binary-expr",
        "locations": [
          {
            "start": {
              "line": 6,
              "column": 6
            },
            "end": {
              "line": 6,
              "column": 40
            }
          },
          {
            "start": {
              "line": 6,
              "column": 44
            },
            "end": {
              "line": 6,
              "column": 73
            }
          }
        ],
        "line": 6
      },
      "2": {
        "loc": {
          "start": {
            "line": 9,
            "column": 2
          },
          "end": {
            "line": 11,
            "column": 3
          }
        },
        "type": "if",
        "locations": [
          {
            "start": {
              "line": 9,
              "column": 2
            },
            "end": {
              "line": 11,
              "column": 3
            }
          },
          {
            "start": {},
            "end": {}
          }
        ],
        "line": 9
      },
      "3": {
        "loc": {
          "start": {
            "line": 9,
            "column": 6
          },
          "end": {
            "line": 9,
            "column": 65
          }
        },
        "type": "binary-expr",
        "locations": [
          {
            "start": {
              "line": 9,
              "column": 6
            },
            "end": {
              "line": 9,
              "column": 36
            }
          },
          {
            "start": {
              "line": 9,
              "column": 40
            },
            "end": {
              "line": 9,
              "column": 65
            }
          }
        ],
        "line": 9
      },
      "4": {
        "loc": {
          "start": {
            "line": 15,
            "column": 2
          },
          "end": {
            "line": 15,
            "column": 49
          }
        },
        "type": "if",
        "locations": [
          {
            "start": {
              "line": 15,
              "column": 2
            },
            "end": {
              "line": 15,
              "column": 49
            }
          },
          {
            "start": {},
            "end": {}
          }
        ],
        "line": 15
      },
      "5": {
        "loc": {
          "start": {
            "line": 23,
            "column": 2
          },
          "end": {
            "line": 23,
            "column": 44
          }
        },
        "type": "if",
        "locations": [
          {
            "start": {
              "line": 23,
              "column": 2
            },
            "end": {
              "line": 23,
              "column": 44
            }
          },
          {
            "start": {},
            "end": {}
          }
        ],
        "line": 23
      },
      "6": {
        "loc": {
          "start": {
            "line": 25,
            "column": 4
          },
          "end": {
            "line": 29,
            "column": 5
          }
        },
        "type": "if",
        "locations": [
          {
            "start": {
              "line": 25,
              "column": 4
            },
            "end": {
              "line": 29,
              "column": 5
            }
          },
          {
            "start": {
              "line": 27,
              "column": 11
            },
            "end": {
              "line": 29,
              "column": 5
            }
          }
        ],
        "line": 25
      },
      "7": {
        "loc": {
          "start": {
            "line": 44,
            "column": 4
          },
          "end": {
            "line": 47,
            "column": 5
          }
        },
        "type": "if",
        "locations": [
          {
            "start": {
              "line": 44,
              "column": 4
            },
            "end": {
              "line": 47,
              "column": 5
            }
          },
          {
            "start": {},
            "end": {}
          }
        ],
        "line": 44
      },
      "8": {
        "loc": {
          "start": {
            "line": 45,
            "column": 23
          },
          "end": {
            "line": 45,
            "column": 43
          }
        },
        "type": "binary-expr",
        "locations": [
          {
            "start": {
              "line": 45,
              "column": 23
            },
            "end": {
              "line": 45,
              "column": 37
            }
          },
          {
            "start": {
              "line": 45,
              "column": 41
            },
            "end": {
              "line": 45,
              "column": 43
            }
          }
        ],
        "line": 45
      },
      "9": {
        "loc": {
          "start": {
            "line": 56,
            "column": 4
          },
          "end": {
            "line": 61,
            "column": 5
          }
        },
        "type": "if",
        "locations": [
          {
            "start": {
              "line": 56,
              "column": 4
            },
            "end": {
              "line": 61,
              "column": 5
            }
          },
          {
            "start": {},
            "end": {}
          }
        ],
        "line": 56
      },
      "10": {
        "loc": {
          "start": {
            "line": 56,
            "column": 8
          },
          "end": {
            "line": 56,
            "column": 40
          }
        },
        "type": "binary-expr",
        "locations": [
          {
            "start": {
              "line": 56,
              "column": 8
            },
            "end": {
              "line": 56,
              "column": 22
            }
          },
          {
            "start": {
              "line": 56,
              "column": 26
            },
            "end": {
              "line": 56,
              "column": 40
            }
          }
        ],
        "line": 56
      },
      "11": {
        "loc": {
          "start": {
            "line": 58,
            "column": 6
          },
          "end": {
            "line": 60,
            "column": 7
          }
        },
        "type": "if",
        "locations": [
          {
            "start": {
              "line": 58,
              "column": 6
            },
            "end": {
              "line": 60,
              "column": 7
            }
          },
          {
            "start": {},
            "end": {}
          }
        ],
        "line": 58
      }
    },
    "s": {
      "0": 476,
      "1": 476,
      "2": 476,
      "3": 476,
      "4": 0,
      "5": 476,
      "6": 0,
      "7": 476,
      "8": 751,
      "9": 0,
      "10": 751,
      "11": 751,
      "12": 0,
      "13": 110,
      "14": 0,
      "15": 110,
      "16": 110,
      "17": 62,
      "18": 48,
      "19": 0,
      "20": 44,
      "21": 476,
      "22": 476,
      "23": 751,
      "24": 751,
      "25": 0,
      "26": 0,
      "27": 751,
      "28": 0,
      "29": 476,
      "30": 638,
      "31": 26,
      "32": 26,
      "33": 10,
      "34": 10,
      "35": 10,
      "36": 26,
      "37": 493,
      "38": 493
    },
    "f": {
      "0": 476,
      "1": 751,
      "2": 110,
      "3": 44,
      "4": 751,
      "5": 0,
      "6": 638,
      "7": 26,
      "8": 493,
      "9": 493
    },
    "b": {
      "0": [0, 476],
      "1": [476, 476],
      "2": [0, 476],
      "3": [476, 476],
      "4": [0, 751],
      "5": [0, 110],
      "6": [62, 48],
      "7": [0, 751],
      "8": [0, 0],
      "9": [10, 16],
      "10": [26, 16],
      "11": [10, 0]
    },
    "inputSourceMap": {
      "version": 3,
      "sources": ["C:/Users/ivans/Documents/2 курс 2 семестер/web/clario/src/api/axios.ts"],
      "mappings": "AAAA,OAAO,WAAW;AAElB,MAAM,mBAAmB;AACzB,MAAM,oBAAoB;AAC1B,MAAM,qBAAqB;AAI3B,SAAS,aAAa;AACpB,MAAI,OAAO,gBAAgB,eAAe,YAAY,KAAK,cAAc;AACvE,WAAO,YAAY,IAAI;AAAA,EACzB;AACA,MAAI,OAAO,YAAY,eAAe,QAAQ,KAAK,cAAc;AAC/D,WAAO,QAAQ,IAAI;AAAA,EACrB;AACA,SAAO;AACT;AAEA,SAAS,YAAwB;AAC/B,MAAI,OAAO,WAAW,YAAa,QAAO;AAC1C,MAAI;AACF,WAAO,OAAO,aAAa,QAAQ,iBAAiB;AAAA,EACtD,QAAQ;AACN,WAAO;AAAA,EACT;AACF;AAEO,gBAAS,aAAa,OAAmB;AAC9C,MAAI,OAAO,WAAW,YAAa;AACnC,MAAI;AACF,QAAI,OAAO;AACT,aAAO,aAAa,QAAQ,mBAAmB,KAAK;AAAA,IACtD,OAAO;AACL,aAAO,aAAa,WAAW,iBAAiB;AAAA,IAClD;AAAA,EACF,QAAQ;AACN;AAAA,EACF;AACF;AAEO,gBAAS,aAAa;AAC3B,eAAa,IAAI;AACnB;AAEO,aAAM,MAAM,MAAM,OAAO;AAAA,EAC9B,SAAS,WAAW;AAAA,EACpB,SAAS;AACX,CAAC;AAED,IAAI,aAAa,QAAQ;AAAA,EACvB,CAAC,WAAW;AACV,UAAM,QAAQ,UAAU;AACxB,QAAI,OAAO;AACT,aAAO,UAAU,OAAO,WAAW,CAAC;AACpC,aAAO,QAAQ,gBAAgB,UAAU,KAAK;AAAA,IAChD;AACA,WAAO;AAAA,EACT;AAAA,EACA,CAAC,UAAU,QAAQ,OAAO,KAAK;AACjC;AAEA,IAAI,aAAa,SAAS;AAAA,EACxB,CAAC,aAAa;AAAA,EACd,CAAC,UAAU;AACT,UAAM,SAAS,OAAO,UAAU;AAChC,QAAI,WAAW,OAAO,WAAW,KAAK;AACpC,iBAAW;AACX,UAAI,OAAO,WAAW,aAAa;AACjC,eAAO,cAAc,IAAI,MAAM,kBAAkB,CAAC;AAAA,MACpD;AAAA,IACF;AACA,WAAO,QAAQ,OAAO,KAAK;AAAA,EAC7B;AACF;AAEO,gBAAS,2BAA2B;AACzC,SAAO;AACT;AAEO,gBAAS,cAAc;AAC5B,SAAO;AACT;AAEA,eAAe;",
      "names": []
    },
    "_coverageSchema": "1a1c01bbd47fc00a2c39e90264f33305004495a9",
    "hash": "7014ba5a27443f7f05ec447780b522a0f2620203"
  },
  "C:/Users/ivans/Documents/2 курс 2 семестер/web/clario/src/shared/coverage-helper.cy.tsx": {
    "path": "C:/Users/ivans/Documents/2 курс 2 семестер/web/clario/src/shared/coverage-helper.cy.tsx",
    "statementMap": {
      "0": {
        "start": {
          "line": 5,
          "column": 0
        },
        "end": {
          "line": 29,
          "column": 3
        }
      },
      "1": {
        "start": {
          "line": 6,
          "column": 2
        },
        "end": {
          "line": 28,
          "column": 5
        }
      },
      "2": {
        "start": {
          "line": 7,
          "column": 20
        },
        "end": {
          "line": 15,
          "column": 5
        }
      },
      "3": {
        "start": {
          "line": 8,
          "column": 6
        },
        "end": {
          "line": 14,
          "column": 9
        }
      },
      "4": {
        "start": {
          "line": 8,
          "column": 39
        },
        "end": {
          "line": 8,
          "column": 62
        }
      },
      "5": {
        "start": {
          "line": 9,
          "column": 8
        },
        "end": {
          "line": 13,
          "column": 9
        }
      },
      "6": {
        "start": {
          "line": 11,
          "column": 10
        },
        "end": {
          "line": 11,
          "column": 15
        }
      },
      "7": {
        "start": {
          "line": 16,
          "column": 4
        },
        "end": {
          "line": 16,
          "column": 22
        }
      },
      "8": {
        "start": {
          "line": 17,
          "column": 4
        },
        "end": {
          "line": 27,
          "column": 6
        }
      },
      "9": {
        "start": {
          "line": 10,
          "column": 0
        },
        "end": {
          "line": 30,
          "column": 3
        }
      },
      "10": {
        "start": {
          "line": 11,
          "column": 2
        },
        "end": {
          "line": 29,
          "column": 5
        }
      },
      "11": {
        "start": {
          "line": 12,
          "column": 4
        },
        "end": {
          "line": 12,
          "column": 17
        }
      },
      "12": {
        "start": {
          "line": 13,
          "column": 16
        },
        "end": {
          "line": 13,
          "column": 29
        }
      },
      "13": {
        "start": {
          "line": 14,
          "column": 22
        },
        "end": {
          "line": 14,
          "column": 48
        }
      },
      "14": {
        "start": {
          "line": 15,
          "column": 4
        },
        "end": {
          "line": 15,
          "column": 31
        }
      },
      "15": {
        "start": {
          "line": 16,
          "column": 4
        },
        "end": {
          "line": 16,
          "column": 34
        }
      },
      "16": {
        "start": {
          "line": 17,
          "column": 4
        },
        "end": {
          "line": 17,
          "column": 40
        }
      },
      "17": {
        "start": {
          "line": 18,
          "column": 4
        },
        "end": {
          "line": 28,
          "column": 6
        }
      }
    },
    "fnMap": {
      "0": {
        "name": "(anonymous_0)",
        "decl": {
          "start": {
            "line": 5,
            "column": 28
          },
          "end": {
            "line": 5,
            "column": 29
          }
        },
        "loc": {
          "start": {
            "line": 5,
            "column": 34
          },
          "end": {
            "line": 29,
            "column": 1
          }
        },
        "line": 5
      },
      "1": {
        "name": "(anonymous_1)",
        "decl": {
          "start": {
            "line": 6,
            "column": 58
          },
          "end": {
            "line": 6,
            "column": 59
          }
        },
        "loc": {
          "start": {
            "line": 6,
            "column": 64
          },
          "end": {
            "line": 28,
            "column": 3
          }
        },
        "line": 6
      },
      "2": {
        "name": "(anonymous_2)",
        "decl": {
          "start": {
            "line": 7,
            "column": 20
          },
          "end": {
            "line": 7,
            "column": 21
          }
        },
        "loc": {
          "start": {
            "line": 7,
            "column": 29
          },
          "end": {
            "line": 15,
            "column": 5
          }
        },
        "line": 7
      },
      "3": {
        "name": "(anonymous_3)",
        "decl": {
          "start": {
            "line": 8,
            "column": 32
          },
          "end": {
            "line": 8,
            "column": 33
          }
        },
        "loc": {
          "start": {
            "line": 8,
            "column": 39
          },
          "end": {
            "line": 8,
            "column": 62
          }
        },
        "line": 8
      },
      "4": {
        "name": "(anonymous_4)",
        "decl": {
          "start": {
            "line": 8,
            "column": 72
          },
          "end": {
            "line": 8,
            "column": 73
          }
        },
        "loc": {
          "start": {
            "line": 8,
            "column": 80
          },
          "end": {
            "line": 14,
            "column": 7
          }
        },
        "line": 8
      },
      "5": {
        "name": "(anonymous_0)",
        "decl": {
          "start": {
            "line": 10,
            "column": 28
          },
          "end": {
            "line": 10,
            "column": 29
          }
        },
        "loc": {
          "start": {
            "line": 10,
            "column": 34
          },
          "end": {
            "line": 30,
            "column": 1
          }
        },
        "line": 10
      },
      "6": {
        "name": "(anonymous_1)",
        "decl": {
          "start": {
            "line": 11,
            "column": 62
          },
          "end": {
            "line": 11,
            "column": 63
          }
        },
        "loc": {
          "start": {
            "line": 11,
            "column": 68
          },
          "end": {
            "line": 29,
            "column": 3
          }
        },
        "line": 11
      }
    },
    "branchMap": {},
    "s": {
      "0": 4,
      "1": 4,
      "2": 4,
      "3": 4,
      "4": 24,
      "5": 24,
      "6": 54,
      "7": 34,
      "8": 34,
      "9": 30,
      "10": 30,
      "11": 54,
      "12": 34,
      "13": 34,
      "14": 34,
      "15": 34,
      "16": 34,
      "17": 34
    },
    "f": {
      "0": 4,
      "1": 4,
      "2": 4,
      "3": 24,
      "4": 24,
      "5": 30,
      "6": 30
    },
    "b": {},
    "inputSourceMap": {
      "version": 3,
      "mappings": "AAwBQ;AAtBR,SAASA,aAAa;AACtB,SAASC,oBAAoB;AAC7B,YAAYC,cAAc;AAE1BC,SAAS,mBAAmB,MAAM;AAChCC,KAAG,qDAAqD,MAAM;AAC5D,UAAMC,UAAUA,CAACC,QAAiC;AAChDC,aAAOC,OAAOF,GAAG,EACdG,OAAO,CAACC,MAAM,OAAOA,MAAM,UAAU,EACrCC,QAAQ,CAACC,OAAO;AACf,YAAI;AACF;AAAC,UAACA,GAA+B;AAAA,QACnC,QAAQ;AAAA,QACN;AAAA,MAEJ,CAAC;AAAA,IACL;AAEAP,YAAQH,QAAQ;AAEhBF;AAAAA,MACE,uBAAC,gBACC,iCAAC,SAAI,+BAAL;AAAA;AAAA;AAAA;AAAA,aAAoB,KADtB;AAAA;AAAA;AAAA;AAAA,aAEA;AAAA,IACF;AAAA,EACF,CAAC;AACH,CAAC",
      "names": [
        "mount",
        "MemoryRouter",
        "axiosApi",
        "describe",
        "it",
        "callAll",
        "mod",
        "Object",
        "values",
        "filter",
        "v",
        "forEach",
        "fn"
      ],
      "ignoreList": [],
      "sources": [
        "C:/Users/ivans/Documents/2 курс 2 семестер/web/clario/src/shared/coverage-helper.cy.tsx"
      ],
      "file": "C:/Users/ivans/Documents/2 курс 2 семестер/web/clario/src/shared/coverage-helper.cy.tsx"
    },
    "_coverageSchema": "1a1c01bbd47fc00a2c39e90264f33305004495a9",
    "hash": "ae58d0f31d9075cdb50caf02c4e3b50d1aa1c8b1"
  },
  "C:/Users/ivans/Documents/2 курс 2 семестер/web/clario/src/app/index.tsx": {
    "path": "C:/Users/ivans/Documents/2 курс 2 семестер/web/clario/src/app/index.tsx",
    "statementMap": {},
    "fnMap": {},
    "branchMap": {},
    "s": {},
    "f": {},
    "b": {}
  },
  "C:/Users/ivans/Documents/2 курс 2 семестер/web/clario/src/App.tsx": {
    "path": "C:/Users/ivans/Documents/2 курс 2 семестер/web/clario/src/App.tsx",
    "statementMap": {},
    "fnMap": {},
    "branchMap": {},
    "s": {},
    "f": {},
    "b": {}
  },
  "C:/Users/ivans/Documents/2 курс 2 семестер/web/clario/src/dev/DevNav.cy.tsx": {
    "path": "C:/Users/ivans/Documents/2 курс 2 семестер/web/clario/src/dev/DevNav.cy.tsx",
    "statementMap": {},
    "fnMap": {},
    "branchMap": {},
    "s": {},
    "f": {},
    "b": {}
  },
  "C:/Users/ivans/Documents/2 курс 2 семестер/web/clario/src/pages/Assistant/Assistant.cy.tsx": {
    "path": "C:/Users/ivans/Documents/2 курс 2 семестер/web/clario/src/pages/Assistant/Assistant.cy.tsx",
    "statementMap": {
      "0": {
        "start": {
          "line": 5,
          "column": 0
        },
        "end": {
          "line": 36,
          "column": 3
        }
      },
      "1": {
        "start": {
          "line": 6,
          "column": 2
        },
        "end": {
          "line": 20,
          "column": 5
        }
      },
      "2": {
        "start": {
          "line": 7,
          "column": 4
        },
        "end": {
          "line": 17,
          "column": 6
        }
      },
      "3": {
        "start": {
          "line": 18,
          "column": 4
        },
        "end": {
          "line": 18,
          "column": 54
        }
      },
      "4": {
        "start": {
          "line": 19,
          "column": 4
        },
        "end": {
          "line": 19,
          "column": 46
        }
      },
      "5": {
        "start": {
          "line": 21,
          "column": 2
        },
        "end": {
          "line": 35,
          "column": 5
        }
      },
      "6": {
        "start": {
          "line": 22,
          "column": 4
        },
        "end": {
          "line": 32,
          "column": 6
        }
      },
      "7": {
        "start": {
          "line": 33,
          "column": 4
        },
        "end": {
          "line": 33,
          "column": 65
        }
      },
      "8": {
        "start": {
          "line": 34,
          "column": 4
        },
        "end": {
          "line": 34,
          "column": 45
        }
      }
    },
    "fnMap": {
      "0": {
        "name": "(anonymous_0)",
        "decl": {
          "start": {
            "line": 5,
            "column": 27
          },
          "end": {
            "line": 5,
            "column": 28
          }
        },
        "loc": {
          "start": {
            "line": 5,
            "column": 33
          },
          "end": {
            "line": 36,
            "column": 1
          }
        },
        "line": 5
      },
      "1": {
        "name": "(anonymous_1)",
        "decl": {
          "start": {
            "line": 6,
            "column": 45
          },
          "end": {
            "line": 6,
            "column": 46
          }
        },
        "loc": {
          "start": {
            "line": 6,
            "column": 51
          },
          "end": {
            "line": 20,
            "column": 3
          }
        },
        "line": 6
      },
      "2": {
        "name": "(anonymous_2)",
        "decl": {
          "start": {
            "line": 21,
            "column": 38
          },
          "end": {
            "line": 21,
            "column": 39
          }
        },
        "loc": {
          "start": {
            "line": 21,
            "column": 44
          },
          "end": {
            "line": 35,
            "column": 3
          }
        },
        "line": 21
      }
    },
    "branchMap": {},
    "s": {
      "0": 48,
      "1": 48,
      "2": 48,
      "3": 48,
      "4": 48,
      "5": 48,
      "6": 32,
      "7": 32,
      "8": 32
    },
    "f": {
      "0": 48,
      "1": 48,
      "2": 32
    },
    "b": {}
  },
  "C:/Users/ivans/Documents/2 курс 2 семестер/web/clario/src/pages/Assistant/index.tsx": {
    "path": "C:/Users/ivans/Documents/2 курс 2 семестер/web/clario/src/pages/Assistant/index.tsx",
    "statementMap": {
      "0": {
        "start": {
          "line": 5,
          "column": 2
        },
        "end": {
          "line": 99,
          "column": 11
        }
      }
    },
    "fnMap": {
      "0": {
        "name": "Assistant",
        "decl": {
          "start": {
            "line": 4,
            "column": 24
          },
          "end": {
            "line": 4,
            "column": 33
          }
        },
        "loc": {
          "start": {
            "line": 4,
            "column": 36
          },
          "end": {
            "line": 100,
            "column": 1
          }
        },
        "line": 4
      }
    },
    "branchMap": {},
    "s": {
      "0": 80
    },
    "f": {
      "0": 80
    },
    "b": {}
  },
  "C:/Users/ivans/Documents/2 курс 2 семестер/web/clario/src/pages/Auth/index.tsx": {
    "path": "C:/Users/ivans/Documents/2 курс 2 семестер/web/clario/src/pages/Auth/index.tsx",
    "statementMap": {},
    "fnMap": {},
    "branchMap": {},
    "s": {},
    "f": {},
    "b": {}
  },
  "C:/Users/ivans/Documents/2 курс 2 семестер/web/clario/src/pages/Auth/Login/index.tsx": {
    "path": "C:/Users/ivans/Documents/2 курс 2 семестер/web/clario/src/pages/Auth/Login/index.tsx",
    "statementMap": {
      "0": {
        "start": {
          "line": 7,
          "column": 19
        },
        "end": {
          "line": 7,
          "column": 32
        }
      },
      "1": {
        "start": {
          "line": 8,
          "column": 36
        },
        "end": {
          "line": 8,
          "column": 45
        }
      },
      "2": {
        "start": {
          "line": 9,
          "column": 28
        },
        "end": {
          "line": 9,
          "column": 40
        }
      },
      "3": {
        "start": {
          "line": 10,
          "column": 34
        },
        "end": {
          "line": 10,
          "column": 46
        }
      },
      "4": {
        "start": {
          "line": 11,
          "column": 36
        },
        "end": {
          "line": 11,
          "column": 50
        }
      },
      "5": {
        "start": {
          "line": 13,
          "column": 4
        },
        "end": {
          "line": 13,
          "column": 23
        }
      },
      "6": {
        "start": {
          "line": 14,
          "column": 4
        },
        "end": {
          "line": 14,
          "column": 23
        }
      },
      "7": {
        "start": {
          "line": 15,
          "column": 4
        },
        "end": {
          "line": 18,
          "column": 5
        }
      },
      "8": {
        "start": {
          "line": 16,
          "column": 6
        },
        "end": {
          "line": 16,
          "column": 54
        }
      },
      "9": {
        "start": {
          "line": 17,
          "column": 6
        },
        "end": {
          "line": 17,
          "column": 13
        }
      },
      "10": {
        "start": {
          "line": 19,
          "column": 4
        },
        "end": {
          "line": 24,
          "column": 5
        }
      },
      "11": {
        "start": {
          "line": 20,
          "column": 6
        },
        "end": {
          "line": 20,
          "column": 49
        }
      },
      "12": {
        "start": {
          "line": 21,
          "column": 6
        },
        "end": {
          "line": 21,
          "column": 29
        }
      },
      "13": {
        "start": {
          "line": 23,
          "column": 6
        },
        "end": {
          "line": 23,
          "column": 13
        }
      },
      "14": {
        "start": {
          "line": 26,
          "column": 21
        },
        "end": {
          "line": 26,
          "column": 39
        }
      },
      "15": {
        "start": {
          "line": 27,
          "column": 2
        },
        "end": {
          "line": 203,
          "column": 11
        }
      },
      "16": {
        "start": {
          "line": 114,
          "column": 29
        },
        "end": {
          "line": 114,
          "column": 53
        }
      },
      "17": {
        "start": {
          "line": 132,
          "column": 29
        },
        "end": {
          "line": 132,
          "column": 56
        }
      }
    },
    "fnMap": {
      "0": {
        "name": "Login",
        "decl": {
          "start": {
            "line": 6,
            "column": 24
          },
          "end": {
            "line": 6,
            "column": 29
          }
        },
        "loc": {
          "start": {
            "line": 6,
            "column": 32
          },
          "end": {
            "line": 204,
            "column": 1
          }
        },
        "line": 6
      },
      "1": {
        "name": "handleSubmit",
        "decl": {
          "start": {
            "line": 12,
            "column": 17
          },
          "end": {
            "line": 12,
            "column": 29
          }
        },
        "loc": {
          "start": {
            "line": 12,
            "column": 33
          },
          "end": {
            "line": 25,
            "column": 3
          }
        },
        "line": 12
      },
      "2": {
        "name": "(anonymous_2)",
        "decl": {
          "start": {
            "line": 114,
            "column": 22
          },
          "end": {
            "line": 114,
            "column": 23
          }
        },
        "loc": {
          "start": {
            "line": 114,
            "column": 29
          },
          "end": {
            "line": 114,
            "column": 53
          }
        },
        "line": 114
      },
      "3": {
        "name": "(anonymous_3)",
        "decl": {
          "start": {
            "line": 132,
            "column": 22
          },
          "end": {
            "line": 132,
            "column": 23
          }
        },
        "loc": {
          "start": {
            "line": 132,
            "column": 29
          },
          "end": {
            "line": 132,
            "column": 56
          }
        },
        "line": 132
      }
    },
    "branchMap": {
      "0": {
        "loc": {
          "start": {
            "line": 15,
            "column": 4
          },
          "end": {
            "line": 18,
            "column": 5
          }
        },
        "type": "if",
        "locations": [
          {
            "start": {
              "line": 15,
              "column": 4
            },
            "end": {
              "line": 18,
              "column": 5
            }
          },
          {
            "start": {},
            "end": {}
          }
        ],
        "line": 15
      },
      "1": {
        "loc": {
          "start": {
            "line": 15,
            "column": 8
          },
          "end": {
            "line": 15,
            "column": 41
          }
        },
        "type": "binary-expr",
        "locations": [
          {
            "start": {
              "line": 15,
              "column": 8
            },
            "end": {
              "line": 15,
              "column": 21
            }
          },
          {
            "start": {
              "line": 15,
              "column": 25
            },
            "end": {
              "line": 15,
              "column": 41
            }
          }
        ],
        "line": 15
      },
      "2": {
        "loc": {
          "start": {
            "line": 26,
            "column": 21
          },
          "end": {
            "line": 26,
            "column": 39
          }
        },
        "type": "binary-expr",
        "locations": [
          {
            "start": {
              "line": 26,
              "column": 21
            },
            "end": {
              "line": 26,
              "column": 30
            }
          },
          {
            "start": {
              "line": 26,
              "column": 34
            },
            "end": {
              "line": 26,
              "column": 39
            }
          }
        ],
        "line": 26
      },
      "3": {
        "loc": {
          "start": {
            "line": 175,
            "column": 8
          },
          "end": {
            "line": 179,
            "column": 16
          }
        },
        "type": "binary-expr",
        "locations": [
          {
            "start": {
              "line": 175,
              "column": 8
            },
            "end": {
              "line": 175,
              "column": 18
            }
          },
          {
            "start": {
              "line": 175,
              "column": 38
            },
            "end": {
              "line": 179,
              "column": 16
            }
          }
        ],
        "line": 175
      },
      "4": {
        "loc": {
          "start": {
            "line": 180,
            "column": 111
          },
          "end": {
            "line": 180,
            "column": 141
          }
        },
        "type": "cond-expr",
        "locations": [
          {
            "start": {
              "line": 180,
              "column": 121
            },
            "end": {
              "line": 180,
              "column": 130
            }
          },
          {
            "start": {
              "line": 180,
              "column": 133
            },
            "end": {
              "line": 180,
              "column": 141
            }
          }
        ],
        "line": 180
      }
    },
    "s": {
      "0": 1056,
      "1": 1056,
      "2": 1056,
      "3": 1056,
      "4": 1056,
      "5": 80,
      "6": 80,
      "7": 80,
      "8": 48,
      "9": 48,
      "10": 32,
      "11": 32,
      "12": 32,
      "13": 0,
      "14": 1056,
      "15": 1056,
      "16": 512,
      "17": 352
    },
    "f": {
      "0": 1056,
      "1": 80,
      "2": 512,
      "3": 352
    },
    "b": {
      "0": [48, 32],
      "1": [80, 32],
      "2": [1056, 1008],
      "3": [1056, 48],
      "4": [32, 1024]
    }
  },
  "C:/Users/ivans/Documents/2 курс 2 семестер/web/clario/src/pages/Auth/Login/Login.cy.tsx": {
    "path": "C:/Users/ivans/Documents/2 курс 2 семестер/web/clario/src/pages/Auth/Login/Login.cy.tsx",
    "statementMap": {
      "0": {
        "start": {
          "line": 7,
          "column": 2
        },
        "end": {
          "line": 18,
          "column": 17
        }
      },
      "1": {
        "start": {
          "line": 19,
          "column": 2
        },
        "end": {
          "line": 41,
          "column": 4
        }
      },
      "2": {
        "start": {
          "line": 43,
          "column": 0
        },
        "end": {
          "line": 60,
          "column": 3
        }
      },
      "3": {
        "start": {
          "line": 44,
          "column": 2
        },
        "end": {
          "line": 50,
          "column": 5
        }
      },
      "4": {
        "start": {
          "line": 45,
          "column": 4
        },
        "end": {
          "line": 45,
          "column": 17
        }
      },
      "5": {
        "start": {
          "line": 46,
          "column": 4
        },
        "end": {
          "line": 48,
          "column": 7
        }
      },
      "6": {
        "start": {
          "line": 47,
          "column": 6
        },
        "end": {
          "line": 47,
          "column": 46
        }
      },
      "7": {
        "start": {
          "line": 49,
          "column": 4
        },
        "end": {
          "line": 49,
          "column": 35
        }
      },
      "8": {
        "start": {
          "line": 51,
          "column": 2
        },
        "end": {
          "line": 59,
          "column": 5
        }
      },
      "9": {
        "start": {
          "line": 52,
          "column": 4
        },
        "end": {
          "line": 52,
          "column": 17
        }
      },
      "10": {
        "start": {
          "line": 53,
          "column": 4
        },
        "end": {
          "line": 57,
          "column": 7
        }
      },
      "11": {
        "start": {
          "line": 54,
          "column": 6
        },
        "end": {
          "line": 54,
          "column": 53
        }
      },
      "12": {
        "start": {
          "line": 55,
          "column": 6
        },
        "end": {
          "line": 55,
          "column": 48
        }
      },
      "13": {
        "start": {
          "line": 56,
          "column": 6
        },
        "end": {
          "line": 56,
          "column": 46
        }
      },
      "14": {
        "start": {
          "line": 58,
          "column": 4
        },
        "end": {
          "line": 58,
          "column": 22
        }
      }
    },
    "fnMap": {
      "0": {
        "name": "mountLogin",
        "decl": {
          "start": {
            "line": 6,
            "column": 9
          },
          "end": {
            "line": 6,
            "column": 19
          }
        },
        "loc": {
          "start": {
            "line": 6,
            "column": 22
          },
          "end": {
            "line": 42,
            "column": 1
          }
        },
        "line": 6
      },
      "1": {
        "name": "(anonymous_1)",
        "decl": {
          "start": {
            "line": 43,
            "column": 23
          },
          "end": {
            "line": 43,
            "column": 24
          }
        },
        "loc": {
          "start": {
            "line": 43,
            "column": 29
          },
          "end": {
            "line": 60,
            "column": 1
          }
        },
        "line": 43
      },
      "2": {
        "name": "(anonymous_2)",
        "decl": {
          "start": {
            "line": 44,
            "column": 46
          },
          "end": {
            "line": 44,
            "column": 47
          }
        },
        "loc": {
          "start": {
            "line": 44,
            "column": 52
          },
          "end": {
            "line": 50,
            "column": 3
          }
        },
        "line": 44
      },
      "3": {
        "name": "(anonymous_3)",
        "decl": {
          "start": {
            "line": 46,
            "column": 26
          },
          "end": {
            "line": 46,
            "column": 27
          }
        },
        "loc": {
          "start": {
            "line": 46,
            "column": 32
          },
          "end": {
            "line": 48,
            "column": 5
          }
        },
        "line": 46
      },
      "4": {
        "name": "(anonymous_4)",
        "decl": {
          "start": {
            "line": 51,
            "column": 44
          },
          "end": {
            "line": 51,
            "column": 45
          }
        },
        "loc": {
          "start": {
            "line": 51,
            "column": 50
          },
          "end": {
            "line": 59,
            "column": 3
          }
        },
        "line": 51
      },
      "5": {
        "name": "(anonymous_5)",
        "decl": {
          "start": {
            "line": 53,
            "column": 26
          },
          "end": {
            "line": 53,
            "column": 27
          }
        },
        "loc": {
          "start": {
            "line": 53,
            "column": 32
          },
          "end": {
            "line": 57,
            "column": 5
          }
        },
        "line": 53
      }
    },
    "branchMap": {},
    "s": {
      "0": 80,
      "1": 80,
      "2": 48,
      "3": 48,
      "4": 48,
      "5": 48,
      "6": 48,
      "7": 48,
      "8": 48,
      "9": 32,
      "10": 32,
      "11": 32,
      "12": 32,
      "13": 32,
      "14": 32
    },
    "f": {
      "0": 80,
      "1": 48,
      "2": 48,
      "3": 48,
      "4": 32,
      "5": 32
    },
    "b": {}
  },
  "C:/Users/ivans/Documents/2 курс 2 семестер/web/clario/src/pages/Auth/Register/index.tsx": {
    "path": "C:/Users/ivans/Documents/2 курс 2 семестер/web/clario/src/pages/Auth/Register/index.tsx",
    "statementMap": {
      "0": {
        "start": {
          "line": 7,
          "column": 19
        },
        "end": {
          "line": 7,
          "column": 32
        }
      },
      "1": {
        "start": {
          "line": 8,
          "column": 39
        },
        "end": {
          "line": 8,
          "column": 48
        }
      },
      "2": {
        "start": {
          "line": 9,
          "column": 36
        },
        "end": {
          "line": 9,
          "column": 48
        }
      },
      "3": {
        "start": {
          "line": 10,
          "column": 34
        },
        "end": {
          "line": 10,
          "column": 46
        }
      },
      "4": {
        "start": {
          "line": 11,
          "column": 28
        },
        "end": {
          "line": 11,
          "column": 40
        }
      },
      "5": {
        "start": {
          "line": 12,
          "column": 28
        },
        "end": {
          "line": 12,
          "column": 40
        }
      },
      "6": {
        "start": {
          "line": 13,
          "column": 34
        },
        "end": {
          "line": 13,
          "column": 46
        }
      },
      "7": {
        "start": {
          "line": 14,
          "column": 32
        },
        "end": {
          "line": 14,
          "column": 44
        }
      },
      "8": {
        "start": {
          "line": 15,
          "column": 36
        },
        "end": {
          "line": 15,
          "column": 50
        }
      },
      "9": {
        "start": {
          "line": 17,
          "column": 4
        },
        "end": {
          "line": 17,
          "column": 23
        }
      },
      "10": {
        "start": {
          "line": 18,
          "column": 4
        },
        "end": {
          "line": 18,
          "column": 23
        }
      },
      "11": {
        "start": {
          "line": 19,
          "column": 18
        },
        "end": {
          "line": 19,
          "column": 34
        }
      },
      "12": {
        "start": {
          "line": 20,
          "column": 17
        },
        "end": {
          "line": 20,
          "column": 32
        }
      },
      "13": {
        "start": {
          "line": 21,
          "column": 21
        },
        "end": {
          "line": 21,
          "column": 33
        }
      },
      "14": {
        "start": {
          "line": 22,
          "column": 21
        },
        "end": {
          "line": 22,
          "column": 33
        }
      },
      "15": {
        "start": {
          "line": 23,
          "column": 17
        },
        "end": {
          "line": 23,
          "column": 32
        }
      },
      "16": {
        "start": {
          "line": 24,
          "column": 17
        },
        "end": {
          "line": 24,
          "column": 31
        }
      },
      "17": {
        "start": {
          "line": 25,
          "column": 4
        },
        "end": {
          "line": 28,
          "column": 5
        }
      },
      "18": {
        "start": {
          "line": 26,
          "column": 6
        },
        "end": {
          "line": 26,
          "column": 54
        }
      },
      "19": {
        "start": {
          "line": 27,
          "column": 6
        },
        "end": {
          "line": 27,
          "column": 13
        }
      },
      "20": {
        "start": {
          "line": 29,
          "column": 4
        },
        "end": {
          "line": 32,
          "column": 5
        }
      },
      "21": {
        "start": {
          "line": 30,
          "column": 6
        },
        "end": {
          "line": 30,
          "column": 74
        }
      },
      "22": {
        "start": {
          "line": 31,
          "column": 6
        },
        "end": {
          "line": 31,
          "column": 13
        }
      },
      "23": {
        "start": {
          "line": 33,
          "column": 24
        },
        "end": {
          "line": 33,
          "column": 56
        }
      },
      "24": {
        "start": {
          "line": 34,
          "column": 4
        },
        "end": {
          "line": 37,
          "column": 5
        }
      },
      "25": {
        "start": {
          "line": 35,
          "column": 6
        },
        "end": {
          "line": 35,
          "column": 65
        }
      },
      "26": {
        "start": {
          "line": 36,
          "column": 6
        },
        "end": {
          "line": 36,
          "column": 13
        }
      },
      "27": {
        "start": {
          "line": 38,
          "column": 25
        },
        "end": {
          "line": 38,
          "column": 40
        }
      },
      "28": {
        "start": {
          "line": 39,
          "column": 4
        },
        "end": {
          "line": 42,
          "column": 5
        }
      },
      "29": {
        "start": {
          "line": 40,
          "column": 6
        },
        "end": {
          "line": 40,
          "column": 70
        }
      },
      "30": {
        "start": {
          "line": 41,
          "column": 6
        },
        "end": {
          "line": 41,
          "column": 13
        }
      },
      "31": {
        "start": {
          "line": 43,
          "column": 25
        },
        "end": {
          "line": 43,
          "column": 53
        }
      },
      "32": {
        "start": {
          "line": 44,
          "column": 4
        },
        "end": {
          "line": 47,
          "column": 5
        }
      },
      "33": {
        "start": {
          "line": 45,
          "column": 6
        },
        "end": {
          "line": 45,
          "column": 56
        }
      },
      "34": {
        "start": {
          "line": 46,
          "column": 6
        },
        "end": {
          "line": 46,
          "column": 13
        }
      },
      "35": {
        "start": {
          "line": 48,
          "column": 4
        },
        "end": {
          "line": 51,
          "column": 5
        }
      },
      "36": {
        "start": {
          "line": 49,
          "column": 6
        },
        "end": {
          "line": 49,
          "column": 63
        }
      },
      "37": {
        "start": {
          "line": 50,
          "column": 6
        },
        "end": {
          "line": 50,
          "column": 13
        }
      },
      "38": {
        "start": {
          "line": 52,
          "column": 4
        },
        "end": {
          "line": 55,
          "column": 5
        }
      },
      "39": {
        "start": {
          "line": 53,
          "column": 6
        },
        "end": {
          "line": 53,
          "column": 44
        }
      },
      "40": {
        "start": {
          "line": 54,
          "column": 6
        },
        "end": {
          "line": 54,
          "column": 13
        }
      },
      "41": {
        "start": {
          "line": 56,
          "column": 4
        },
        "end": {
          "line": 67,
          "column": 5
        }
      },
      "42": {
        "start": {
          "line": 57,
          "column": 6
        },
        "end": {
          "line": 63,
          "column": 9
        }
      },
      "43": {
        "start": {
          "line": 64,
          "column": 6
        },
        "end": {
          "line": 64,
          "column": 29
        }
      },
      "44": {
        "start": {
          "line": 66,
          "column": 6
        },
        "end": {
          "line": 66,
          "column": 13
        }
      },
      "45": {
        "start": {
          "line": 69,
          "column": 21
        },
        "end": {
          "line": 69,
          "column": 39
        }
      },
      "46": {
        "start": {
          "line": 70,
          "column": 2
        },
        "end": {
          "line": 297,
          "column": 11
        }
      },
      "47": {
        "start": {
          "line": 165,
          "column": 31
        },
        "end": {
          "line": 165,
          "column": 59
        }
      },
      "48": {
        "start": {
          "line": 182,
          "column": 31
        },
        "end": {
          "line": 182,
          "column": 58
        }
      },
      "49": {
        "start": {
          "line": 204,
          "column": 29
        },
        "end": {
          "line": 204,
          "column": 53
        }
      },
      "50": {
        "start": {
          "line": 222,
          "column": 29
        },
        "end": {
          "line": 222,
          "column": 53
        }
      },
      "51": {
        "start": {
          "line": 240,
          "column": 29
        },
        "end": {
          "line": 240,
          "column": 56
        }
      },
      "52": {
        "start": {
          "line": 258,
          "column": 29
        },
        "end": {
          "line": 258,
          "column": 55
        }
      }
    },
    "fnMap": {
      "0": {
        "name": "Register",
        "decl": {
          "start": {
            "line": 6,
            "column": 24
          },
          "end": {
            "line": 6,
            "column": 32
          }
        },
        "loc": {
          "start": {
            "line": 6,
            "column": 35
          },
          "end": {
            "line": 298,
            "column": 1
          }
        },
        "line": 6
      },
      "1": {
        "name": "handleSubmit",
        "decl": {
          "start": {
            "line": 16,
            "column": 17
          },
          "end": {
            "line": 16,
            "column": 29
          }
        },
        "loc": {
          "start": {
            "line": 16,
            "column": 33
          },
          "end": {
            "line": 68,
            "column": 3
          }
        },
        "line": 16
      },
      "2": {
        "name": "(anonymous_2)",
        "decl": {
          "start": {
            "line": 165,
            "column": 24
          },
          "end": {
            "line": 165,
            "column": 25
          }
        },
        "loc": {
          "start": {
            "line": 165,
            "column": 31
          },
          "end": {
            "line": 165,
            "column": 59
          }
        },
        "line": 165
      },
      "3": {
        "name": "(anonymous_3)",
        "decl": {
          "start": {
            "line": 182,
            "column": 24
          },
          "end": {
            "line": 182,
            "column": 25
          }
        },
        "loc": {
          "start": {
            "line": 182,
            "column": 31
          },
          "end": {
            "line": 182,
            "column": 58
          }
        },
        "line": 182
      },
      "4": {
        "name": "(anonymous_4)",
        "decl": {
          "start": {
            "line": 204,
            "column": 22
          },
          "end": {
            "line": 204,
            "column": 23
          }
        },
        "loc": {
          "start": {
            "line": 204,
            "column": 29
          },
          "end": {
            "line": 204,
            "column": 53
          }
        },
        "line": 204
      },
      "5": {
        "name": "(anonymous_5)",
        "decl": {
          "start": {
            "line": 222,
            "column": 22
          },
          "end": {
            "line": 222,
            "column": 23
          }
        },
        "loc": {
          "start": {
            "line": 222,
            "column": 29
          },
          "end": {
            "line": 222,
            "column": 53
          }
        },
        "line": 222
      },
      "6": {
        "name": "(anonymous_6)",
        "decl": {
          "start": {
            "line": 240,
            "column": 22
          },
          "end": {
            "line": 240,
            "column": 23
          }
        },
        "loc": {
          "start": {
            "line": 240,
            "column": 29
          },
          "end": {
            "line": 240,
            "column": 56
          }
        },
        "line": 240
      },
      "7": {
        "name": "(anonymous_7)",
        "decl": {
          "start": {
            "line": 258,
            "column": 22
          },
          "end": {
            "line": 258,
            "column": 23
          }
        },
        "loc": {
          "start": {
            "line": 258,
            "column": 29
          },
          "end": {
            "line": 258,
            "column": 55
          }
        },
        "line": 258
      }
    },
    "branchMap": {
      "0": {
        "loc": {
          "start": {
            "line": 25,
            "column": 4
          },
          "end": {
            "line": 28,
            "column": 5
          }
        },
        "type": "if",
        "locations": [
          {
            "start": {
              "line": 25,
              "column": 4
            },
            "end": {
              "line": 28,
              "column": 5
            }
          },
          {
            "start": {},
            "end": {}
          }
        ],
        "line": 25
      },
      "1": {
        "loc": {
          "start": {
            "line": 25,
            "column": 8
          },
          "end": {
            "line": 25,
            "column": 67
          }
        },
        "type": "binary-expr",
        "locations": [
          {
            "start": {
              "line": 25,
              "column": 8
            },
            "end": {
              "line": 25,
              "column": 14
            }
          },
          {
            "start": {
              "line": 25,
              "column": 18
            },
            "end": {
              "line": 25,
              "column": 23
            }
          },
          {
            "start": {
              "line": 25,
              "column": 27
            },
            "end": {
              "line": 25,
              "column": 36
            }
          },
          {
            "start": {
              "line": 25,
              "column": 40
            },
            "end": {
              "line": 25,
              "column": 49
            }
          },
          {
            "start": {
              "line": 25,
              "column": 53
            },
            "end": {
              "line": 25,
              "column": 58
            }
          },
          {
            "start": {
              "line": 25,
              "column": 62
            },
            "end": {
              "line": 25,
              "column": 67
            }
          }
        ],
        "line": 25
      },
      "2": {
        "loc": {
          "start": {
            "line": 29,
            "column": 4
          },
          "end": {
            "line": 32,
            "column": 5
          }
        },
        "type": "if",
        "locations": [
          {
            "start": {
              "line": 29,
              "column": 4
            },
            "end": {
              "line": 32,
              "column": 5
            }
          },
          {
            "start": {},
            "end": {}
          }
        ],
        "line": 29
      },
      "3": {
        "loc": {
          "start": {
            "line": 29,
            "column": 8
          },
          "end": {
            "line": 29,
            "column": 43
          }
        },
        "type": "binary-expr",
        "locations": [
          {
            "start": {
              "line": 29,
              "column": 8
            },
            "end": {
              "line": 29,
              "column": 24
            }
          },
          {
            "start": {
              "line": 29,
              "column": 28
            },
            "end": {
              "line": 29,
              "column": 43
            }
          }
        ],
        "line": 29
      },
      "4": {
        "loc": {
          "start": {
            "line": 34,
            "column": 4
          },
          "end": {
            "line": 37,
            "column": 5
          }
        },
        "type": "if",
        "locations": [
          {
            "start": {
              "line": 34,
              "column": 4
            },
            "end": {
              "line": 37,
              "column": 5
            }
          },
          {
            "start": {},
            "end": {}
          }
        ],
        "line": 34
      },
      "5": {
        "loc": {
          "start": {
            "line": 34,
            "column": 8
          },
          "end": {
            "line": 34,
            "column": 59
          }
        },
        "type": "binary-expr",
        "locations": [
          {
            "start": {
              "line": 34,
              "column": 8
            },
            "end": {
              "line": 34,
              "column": 32
            }
          },
          {
            "start": {
              "line": 34,
              "column": 36
            },
            "end": {
              "line": 34,
              "column": 59
            }
          }
        ],
        "line": 34
      },
      "6": {
        "loc": {
          "start": {
            "line": 39,
            "column": 4
          },
          "end": {
            "line": 42,
            "column": 5
          }
        },
        "type": "if",
        "locations": [
          {
            "start": {
              "line": 39,
              "column": 4
            },
            "end": {
              "line": 42,
              "column": 5
            }
          },
          {
            "start": {},
            "end": {}
          }
        ],
        "line": 39
      },
      "7": {
        "loc": {
          "start": {
            "line": 44,
            "column": 4
          },
          "end": {
            "line": 47,
            "column": 5
          }
        },
        "type": "if",
        "locations": [
          {
            "start": {
              "line": 44,
              "column": 4
            },
            "end": {
              "line": 47,
              "column": 5
            }
          },
          {
            "start": {},
            "end": {}
          }
        ],
        "line": 44
      },
      "8": {
        "loc": {
          "start": {
            "line": 48,
            "column": 4
          },
          "end": {
            "line": 51,
            "column": 5
          }
        },
        "type": "if",
        "locations": [
          {
            "start": {
              "line": 48,
              "column": 4
            },
            "end": {
              "line": 51,
              "column": 5
            }
          },
          {
            "start": {},
            "end": {}
          }
        ],
        "line": 48
      },
      "9": {
        "loc": {
          "start": {
            "line": 52,
            "column": 4
          },
          "end": {
            "line": 55,
            "column": 5
          }
        },
        "type": "if",
        "locations": [
          {
            "start": {
              "line": 52,
              "column": 4
            },
            "end": {
              "line": 55,
              "column": 5
            }
          },
          {
            "start": {},
            "end": {}
          }
        ],
        "line": 52
      },
      "10": {
        "loc": {
          "start": {
            "line": 69,
            "column": 21
          },
          "end": {
            "line": 69,
            "column": 39
          }
        },
        "type": "binary-expr",
        "locations": [
          {
            "start": {
              "line": 69,
              "column": 21
            },
            "end": {
              "line": 69,
              "column": 30
            }
          },
          {
            "start": {
              "line": 69,
              "column": 34
            },
            "end": {
              "line": 69,
              "column": 39
            }
          }
        ],
        "line": 69
      },
      "11": {
        "loc": {
          "start": {
            "line": 269,
            "column": 8
          },
          "end": {
            "line": 273,
            "column": 16
          }
        },
        "type": "binary-expr",
        "locations": [
          {
            "start": {
              "line": 269,
              "column": 8
            },
            "end": {
              "line": 269,
              "column": 18
            }
          },
          {
            "start": {
              "line": 269,
              "column": 38
            },
            "end": {
              "line": 273,
              "column": 16
            }
          }
        ],
        "line": 269
      },
      "12": {
        "loc": {
          "start": {
            "line": 274,
            "column": 111
          },
          "end": {
            "line": 274,
            "column": 156
          }
        },
        "type": "cond-expr",
        "locations": [
          {
            "start": {
              "line": 274,
              "column": 121
            },
            "end": {
              "line": 274,
              "column": 136
            }
          },
          {
            "start": {
              "line": 274,
              "column": 139
            },
            "end": {
              "line": 274,
              "column": 156
            }
          }
        ],
        "line": 274
      }
    },
    "s": {
      "0": 1002,
      "1": 986,
      "2": 934,
      "3": 934,
      "4": 934,
      "5": 934,
      "6": 934,
      "7": 934,
      "8": 934,
      "9": 15,
      "10": 15,
      "11": 15,
      "12": 15,
      "13": 15,
      "14": 15,
      "15": 15,
      "16": 15,
      "17": 15,
      "18": 15,
      "19": 15,
      "20": 0,
      "21": 0,
      "22": 0,
      "23": 0,
      "24": 0,
      "25": 0,
      "26": 0,
      "27": 0,
      "28": 0,
      "29": 0,
      "30": 0,
      "31": 0,
      "32": 0,
      "33": 0,
      "34": 0,
      "35": 0,
      "36": 0,
      "37": 0,
      "38": 0,
      "39": 0,
      "40": 0,
      "41": 0,
      "42": 0,
      "43": 0,
      "44": 0,
      "45": 934,
      "46": 934,
      "47": 122,
      "48": 200,
      "49": 238,
      "50": 206,
      "51": 96,
      "52": 0
    },
    "f": {
      "0": 1002,
      "1": 15,
      "2": 122,
      "3": 200,
      "4": 238,
      "5": 206,
      "6": 96,
      "7": 0
    },
    "b": {
      "0": [15, 0],
      "1": [15, 0, 0, 0, 0, 0],
      "2": [0, 0],
      "3": [0, 0],
      "4": [0, 0],
      "5": [0, 0],
      "6": [0, 0],
      "7": [0, 0],
      "8": [0, 0],
      "9": [0, 0],
      "10": [934, 919],
      "11": [934, 15],
      "12": [0, 934]
    }
  },
  "C:/Users/ivans/Documents/2 курс 2 семестер/web/clario/src/pages/Auth/Register/Register.cy.tsx": {
    "path": "C:/Users/ivans/Documents/2 курс 2 семестер/web/clario/src/pages/Auth/Register/Register.cy.tsx",
    "statementMap": {
      "0": {
        "start": {
          "line": 7,
          "column": 2
        },
        "end": {
          "line": 18,
          "column": 5
        }
      },
      "1": {
        "start": {
          "line": 19,
          "column": 2
        },
        "end": {
          "line": 41,
          "column": 4
        }
      },
      "2": {
        "start": {
          "line": 43,
          "column": 0
        },
        "end": {
          "line": 62,
          "column": 3
        }
      },
      "3": {
        "start": {
          "line": 44,
          "column": 2
        },
        "end": {
          "line": 50,
          "column": 5
        }
      },
      "4": {
        "start": {
          "line": 45,
          "column": 4
        },
        "end": {
          "line": 45,
          "column": 20
        }
      },
      "5": {
        "start": {
          "line": 46,
          "column": 4
        },
        "end": {
          "line": 48,
          "column": 7
        }
      },
      "6": {
        "start": {
          "line": 47,
          "column": 6
        },
        "end": {
          "line": 47,
          "column": 46
        }
      },
      "7": {
        "start": {
          "line": 49,
          "column": 4
        },
        "end": {
          "line": 49,
          "column": 35
        }
      },
      "8": {
        "start": {
          "line": 51,
          "column": 2
        },
        "end": {
          "line": 61,
          "column": 5
        }
      },
      "9": {
        "start": {
          "line": 52,
          "column": 4
        },
        "end": {
          "line": 52,
          "column": 20
        }
      },
      "10": {
        "start": {
          "line": 53,
          "column": 4
        },
        "end": {
          "line": 59,
          "column": 7
        }
      },
      "11": {
        "start": {
          "line": 54,
          "column": 6
        },
        "end": {
          "line": 54,
          "column": 46
        }
      },
      "12": {
        "start": {
          "line": 55,
          "column": 6
        },
        "end": {
          "line": 55,
          "column": 53
        }
      },
      "13": {
        "start": {
          "line": 56,
          "column": 6
        },
        "end": {
          "line": 56,
          "column": 48
        }
      },
      "14": {
        "start": {
          "line": 57,
          "column": 6
        },
        "end": {
          "line": 57,
          "column": 48
        }
      },
      "15": {
        "start": {
          "line": 58,
          "column": 6
        },
        "end": {
          "line": 58,
          "column": 46
        }
      },
      "16": {
        "start": {
          "line": 60,
          "column": 4
        },
        "end": {
          "line": 60,
          "column": 35
        }
      },
      "17": {
        "start": {
          "line": 5,
          "column": 21
        },
        "end": {
          "line": 5,
          "column": 40
        }
      },
      "18": {
        "start": {
          "line": 6,
          "column": 0
        },
        "end": {
          "line": 61,
          "column": 3
        }
      },
      "19": {
        "start": {
          "line": 7,
          "column": 24
        },
        "end": {
          "line": 13,
          "column": 3
        }
      },
      "20": {
        "start": {
          "line": 8,
          "column": 4
        },
        "end": {
          "line": 8,
          "column": 59
        }
      },
      "21": {
        "start": {
          "line": 9,
          "column": 4
        },
        "end": {
          "line": 9,
          "column": 58
        }
      },
      "22": {
        "start": {
          "line": 10,
          "column": 4
        },
        "end": {
          "line": 10,
          "column": 67
        }
      },
      "23": {
        "start": {
          "line": 11,
          "column": 4
        },
        "end": {
          "line": 11,
          "column": 67
        }
      },
      "24": {
        "start": {
          "line": 12,
          "column": 4
        },
        "end": {
          "line": 12,
          "column": 74
        }
      },
      "25": {
        "start": {
          "line": 14,
          "column": 24
        },
        "end": {
          "line": 26,
          "column": 3
        }
      },
      "26": {
        "start": {
          "line": 15,
          "column": 4
        },
        "end": {
          "line": 25,
          "column": 6
        }
      },
      "27": {
        "start": {
          "line": 27,
          "column": 2
        },
        "end": {
          "line": 31,
          "column": 5
        }
      },
      "28": {
        "start": {
          "line": 28,
          "column": 4
        },
        "end": {
          "line": 28,
          "column": 20
        }
      },
      "29": {
        "start": {
          "line": 29,
          "column": 4
        },
        "end": {
          "line": 29,
          "column": 44
        }
      },
      "30": {
        "start": {
          "line": 30,
          "column": 4
        },
        "end": {
          "line": 30,
          "column": 52
        }
      },
      "31": {
        "start": {
          "line": 32,
          "column": 2
        },
        "end": {
          "line": 48,
          "column": 5
        }
      },
      "32": {
        "start": {
          "line": 33,
          "column": 4
        },
        "end": {
          "line": 44,
          "column": 22
        }
      },
      "33": {
        "start": {
          "line": 46,
          "column": 4
        },
        "end": {
          "line": 46,
          "column": 20
        }
      },
      "34": {
        "start": {
          "line": 47,
          "column": 4
        },
        "end": {
          "line": 47,
          "column": 44
        }
      },
      "35": {
        "start": {
          "line": 49,
          "column": 2
        },
        "end": {
          "line": 60,
          "column": 5
        }
      },
      "36": {
        "start": {
          "line": 50,
          "column": 4
        },
        "end": {
          "line": 55,
          "column": 26
        }
      },
      "37": {
        "start": {
          "line": 56,
          "column": 4
        },
        "end": {
          "line": 56,
          "column": 20
        }
      },
      "38": {
        "start": {
          "line": 57,
          "column": 4
        },
        "end": {
          "line": 57,
          "column": 20
        }
      },
      "39": {
        "start": {
          "line": 58,
          "column": 4
        },
        "end": {
          "line": 58,
          "column": 44
        }
      },
      "40": {
        "start": {
          "line": 59,
          "column": 4
        },
[...]
        "start": {
          "line": 10,
          "column": 43
        },
        "end": {
          "line": 10,
          "column": 47
        }
      },
      "5": {
        "start": {
          "line": 10,
          "column": 61
        },
        "end": {
          "line": 10,
          "column": 67
        }
      },
      "6": {
        "start": {
          "line": 14,
          "column": 0
        },
        "end": {
          "line": 21,
          "column": 3
        }
      },
      "7": {
        "start": {
          "line": 15,
          "column": 2
        },
        "end": {
          "line": 20,
          "column": 5
        }
      },
      "8": {
        "start": {
          "line": 16,
          "column": 4
        },
        "end": {
          "line": 16,
          "column": 54
        }
      },
      "9": {
        "start": {
          "line": 17,
          "column": 4
        },
        "end": {
          "line": 19,
          "column": 7
        }
      },
      "10": {
        "start": {
          "line": 18,
          "column": 6
        },
        "end": {
          "line": 18,
          "column": 94
        }
      },
      "11": {
        "start": {
          "line": 18,
          "column": 41
        },
        "end": {
          "line": 18,
          "column": 58
        }
      },
      "12": {
        "start": {
          "line": 18,
          "column": 71
        },
        "end": {
          "line": 18,
          "column": 92
        }
      }
    },
    "fnMap": {
      "0": {
        "name": "callAll",
        "decl": {
          "start": {
            "line": 4,
            "column": 9
          },
          "end": {
            "line": 4,
            "column": 16
          }
        },
        "loc": {
          "start": {
            "line": 4,
            "column": 25
          },
          "end": {
            "line": 13,
            "column": 1
          }
        },
        "line": 4
      },
      "1": {
        "name": "(anonymous_1)",
        "decl": {
          "start": {
            "line": 6,
            "column": 4
          },
          "end": {
            "line": 6,
            "column": 5
          }
        },
        "loc": {
          "start": {
            "line": 6,
            "column": 11
          },
          "end": {
            "line": 6,
            "column": 34
          }
        },
        "line": 6
      },
      "2": {
        "name": "(anonymous_2)",
        "decl": {
          "start": {
            "line": 10,
            "column": 6
          },
          "end": {
            "line": 10,
            "column": 7
          }
        },
        "loc": {
          "start": {
            "line": 10,
            "column": 14
          },
          "end": {
            "line": 10,
            "column": 68
          }
        },
        "line": 10
      },
      "3": {
        "name": "(anonymous_3)",
        "decl": {
          "start": {
            "line": 10,
            "column": 37
          },
          "end": {
            "line": 10,
            "column": 38
          }
        },
        "loc": {
          "start": {
            "line": 10,
            "column": 43
          },
          "end": {
            "line": 10,
            "column": 47
          }
        },
        "line": 10
      },
      "4": {
        "name": "(anonymous_4)",
        "decl": {
          "start": {
            "line": 10,
            "column": 55
          },
          "end": {
            "line": 10,
            "column": 56
          }
        },
        "loc": {
          "start": {
            "line": 10,
            "column": 61
          },
          "end": {
            "line": 10,
            "column": 67
          }
        },
        "line": 10
      },
      "5": {
        "name": "(anonymous_5)",
        "decl": {
          "start": {
            "line": 14,
            "column": 31
          },
          "end": {
            "line": 14,
            "column": 32
          }
        },
        "loc": {
          "start": {
            "line": 14,
            "column": 37
          },
          "end": {
            "line": 21,
            "column": 1
          }
        },
        "line": 14
      },
      "6": {
        "name": "(anonymous_6)",
        "decl": {
          "start": {
            "line": 15,
            "column": 41
          },
          "end": {
            "line": 15,
            "column": 42
          }
        },
        "loc": {
          "start": {
            "line": 15,
            "column": 47
          },
          "end": {
            "line": 20,
            "column": 3
          }
        },
        "line": 15
      },
      "7": {
        "name": "(anonymous_7)",
        "decl": {
          "start": {
            "line": 17,
            "column": 23
          },
          "end": {
            "line": 17,
            "column": 24
          }
        },
        "loc": {
          "start": {
            "line": 17,
            "column": 29
          },
          "end": {
            "line": 19,
            "column": 5
          }
        },
        "line": 17
      },
      "8": {
        "name": "(anonymous_8)",
        "decl": {
          "start": {
            "line": 18,
            "column": 35
          },
          "end": {
            "line": 18,
            "column": 36
          }
        },
        "loc": {
          "start": {
            "line": 18,
            "column": 41
          },
          "end": {
            "line": 18,
            "column": 58
          }
        },
        "line": 18
      },
      "9": {
        "name": "(anonymous_9)",
        "decl": {
          "start": {
            "line": 18,
            "column": 65
          },
          "end": {
            "line": 18,
            "column": 66
          }
        },
        "loc": {
          "start": {
            "line": 18,
            "column": 71
          },
          "end": {
            "line": 18,
            "column": 92
          }
        },
        "line": 18
      }
    },
    "branchMap": {},
    "s": {
      "0": 96,
      "1": 288,
      "2": 96,
      "3": 288,
      "4": 288,
      "5": 32,
      "6": 32,
      "7": 32,
      "8": 32,
      "9": 32,
      "10": 32,
      "11": 32,
      "12": 32
    },
    "f": {
      "0": 96,
      "1": 288,
      "2": 288,
      "3": 288,
      "4": 32,
      "5": 32,
      "6": 32,
      "7": 32,
      "8": 32,
      "9": 32
    },
    "b": {},
    "inputSourceMap": {
      "version": 3,
      "sources": [
        "C:/Users/ivans/Documents/2 курс 2 семестер/web/clario/src/services/services.cy.tsx"
      ],
      "mappings": "AAEA,YAAY,aAAa;AACzB,YAAY,cAAc;AAC1B,YAAY,kBAAkB;AAE9B,SAAS,QAAQ,QAAa;AAC5B,QAAM,MAAM,OAAO,OAAO,MAAM,EAAE;AAAA,IAChC,CAAC,MAAM,OAAO,MAAM;AAAA,EACtB;AAEA,SAAO,QAAQ;AAAA,IACb,IAAI;AAAA,MAAI,CAAC,OACP,QAAQ,QAAQ,EACb,KAAK,MAAM,GAAG,CAAC,EACf,MAAM,MAAM,MAAS;AAAA,IAC1B;AAAA,EACF;AACF;AAEA,SAAS,sBAAsB,MAAM;AACnC,KAAG,oCAAoC,MAAM;AAC3C,OAAG,UAAU,MAAM,EAAE,YAAY,KAAK,MAAM,CAAC,EAAE,CAAC;AAEhD,OAAG,KAAK,IAAI,EAAE,KAAK,MAAM;AACvB,aAAO,QAAQ,OAAO,EACnB,KAAK,MAAM,QAAQ,QAAQ,CAAC,EAC5B,KAAK,MAAM,QAAQ,YAAY,CAAC;AAAA,IACrC,CAAC;AAAA,EACH,CAAC;AACH,CAAC;",
      "names": []
    },
    "_coverageSchema": "1a1c01bbd47fc00a2c39e90264f33305004495a9",
    "hash": "82e5c4cd64820e35ccec008b2dc91b70092fd7e2"
  },
  "C:/Users/ivans/Documents/2 курс 2 семестер/web/clario/src/services/transactions.api.ts": {
    "path": "C:/Users/ivans/Documents/2 курс 2 семестер/web/clario/src/services/transactions.api.ts",
    "statementMap": {
      "0": {
        "start": {
          "line": 3,
          "column": 19
        },
        "end": {
          "line": 3,
          "column": 75
        }
      },
      "1": {
        "start": {
          "line": 4,
          "column": 2
        },
        "end": {
          "line": 14,
          "column": 4
        }
      },
      "2": {
        "start": {
          "line": 17,
          "column": 19
        },
        "end": {
          "line": 17,
          "column": 49
        }
      },
      "3": {
        "start": {
          "line": 18,
          "column": 2
        },
        "end": {
          "line": 18,
          "column": 33
        }
      },
      "4": {
        "start": {
          "line": 21,
          "column": 15
        },
        "end": {
          "line": 28,
          "column": 3
        }
      },
      "5": {
        "start": {
          "line": 29,
          "column": 19
        },
        "end": {
          "line": 29,
          "column": 56
        }
      },
      "6": {
        "start": {
          "line": 30,
          "column": 2
        },
        "end": {
          "line": 30,
          "column": 29
        }
      },
      "7": {
        "start": {
          "line": 33,
          "column": 2
        },
        "end": {
          "line": 33,
          "column": 42
        }
      }
    },
    "fnMap": {
      "0": {
        "name": "toTransaction",
        "decl": {
          "start": {
            "line": 2,
            "column": 9
          },
          "end": {
            "line": 2,
            "column": 22
          }
        },
        "loc": {
          "start": {
            "line": 2,
            "column": 28
          },
          "end": {
            "line": 15,
            "column": 1
          }
        },
        "line": 2
      },
      "1": {
        "name": "getTransactions",
        "decl": {
          "start": {
            "line": 16,
            "column": 22
          },
          "end": {
            "line": 16,
            "column": 37
          }
        },
        "loc": {
          "start": {
            "line": 16,
            "column": 40
          },
          "end": {
            "line": 19,
            "column": 1
          }
        },
        "line": 16
      },
      "2": {
        "name": "createTransaction",
        "decl": {
          "start": {
            "line": 20,
            "column": 22
          },
          "end": {
            "line": 20,
            "column": 39
          }
        },
        "loc": {
          "start": {
            "line": 20,
            "column": 49
          },
          "end": {
            "line": 31,
            "column": 1
          }
        },
        "line": 20
      },
      "3": {
        "name": "deleteTransaction",
        "decl": {
          "start": {
            "line": 32,
            "column": 22
          },
          "end": {
            "line": 32,
            "column": 39
          }
        },
        "loc": {
          "start": {
            "line": 32,
            "column": 44
          },
          "end": {
            "line": 34,
            "column": 1
          }
        },
        "line": 32
      }
    },
    "branchMap": {
      "0": {
        "loc": {
          "start": {
            "line": 3,
            "column": 19
          },
          "end": {
            "line": 3,
            "column": 75
          }
        },
        "type": "cond-expr",
        "locations": [
          {
            "start": {
              "line": 3,
              "column": 43
            },
            "end": {
              "line": 3,
              "column": 50
            }
          },
          {
            "start": {
              "line": 3,
              "column": 53
            },
            "end": {
              "line": 3,
              "column": 75
            }
          }
        ],
        "line": 3
      },
      "1": {
        "loc": {
          "start": {
            "line": 3,
            "column": 53
          },
          "end": {
            "line": 3,
            "column": 75
          }
        },
        "type": "binary-expr",
        "locations": [
          {
            "start": {
              "line": 3,
              "column": 53
            },
            "end": {
              "line": 3,
              "column": 65
            }
          },
          {
            "start": {
              "line": 3,
              "column": 69
            },
            "end": {
              "line": 3,
              "column": 75
            }
          }
        ],
        "line": 3
      },
      "2": {
        "loc": {
          "start": {
            "line": 6,
            "column": 12
          },
          "end": {
            "line": 6,
            "column": 42
          }
        },
        "type": "binary-expr",
        "locations": [
          {
            "start": {
              "line": 6,
              "column": 12
            },
            "end": {
              "line": 6,
              "column": 23
            }
          },
          {
            "start": {
              "line": 6,
              "column": 27
            },
            "end": {
              "line": 6,
              "column": 37
            }
          },
          {
            "start": {
              "line": 6,
              "column": 41
            },
            "end": {
              "line": 6,
              "column": 42
            }
          }
        ],
        "line": 6
      },
      "3": {
        "loc": {
          "start": {
            "line": 11,
            "column": 17
          },
          "end": {
            "line": 11,
            "column": 42
          }
        },
        "type": "binary-expr",
        "locations": [
          {
            "start": {
              "line": 11,
              "column": 17
            },
            "end": {
              "line": 11,
              "column": 32
            }
          },
          {
            "start": {
              "line": 11,
              "column": 36
            },
            "end": {
              "line": 11,
              "column": 42
            }
          }
        ],
        "line": 11
      },
      "4": {
        "loc": {
          "start": {
            "line": 12,
            "column": 12
          },
          "end": {
            "line": 12,
            "column": 31
          }
        },
        "type": "binary-expr",
        "locations": [
          {
            "start": {
              "line": 12,
              "column": 12
            },
            "end": {
              "line": 12,
              "column": 23
            }
          },
          {
            "start": {
              "line": 12,
              "column": 27
            },
            "end": {
              "line": 12,
              "column": 31
            }
          }
        ],
        "line": 12
      },
      "5": {
        "loc": {
          "start": {
            "line": 24,
            "column": 14
          },
          "end": {
            "line": 24,
            "column": 73
          }
        },
        "type": "cond-expr",
        "locations": [
          {
            "start": {
              "line": 24,
              "column": 42
            },
            "end": {
              "line": 24,
              "column": 46
            }
          },
          {
            "start": {
              "line": 24,
              "column": 49
            },
            "end": {
              "line": 24,
              "column": 73
            }
          }
        ],
        "line": 24
      },
      "6": {
        "loc": {
          "start": {
            "line": 24,
            "column": 49
          },
          "end": {
            "line": 24,
            "column": 73
          }
        },
        "type": "binary-expr",
        "locations": [
          {
            "start": {
              "line": 24,
              "column": 49
            },
            "end": {
              "line": 24,
              "column": 65
            }
          },
          {
            "start": {
              "line": 24,
              "column": 69
            },
            "end": {
              "line": 24,
              "column": 73
            }
          }
        ],
        "line": 24
      },
      "7": {
        "loc": {
          "start": {
            "line": 25,
            "column": 17
          },
          "end": {
            "line": 25,
            "column": 44
          }
        },
        "type": "binary-expr",
        "locations": [
          {
            "start": {
              "line": 25,
              "column": 17
            },
            "end": {
              "line": 25,
              "column": 36
            }
          },
          {
            "start": {
              "line": 25,
              "column": 40
            },
            "end": {
              "line": 25,
              "column": 44
            }
          }
        ],
        "line": 25
      },
      "8": {
        "loc": {
          "start": {
            "line": 27,
            "column": 13
          },
          "end": {
            "line": 27,
            "column": 35
          }
        },
        "type": "binary-expr",
        "locations": [
          {
            "start": {
              "line": 27,
              "column": 13
            },
            "end": {
              "line": 27,
              "column": 27
            }
          },
          {
            "start": {
              "line": 27,
              "column": 31
            },
            "end": {
              "line": 27,
              "column": 35
            }
          }
        ],
        "line": 27
      }
    },
    "s": {
      "0": 23,
      "1": 23,
      "2": 202,
      "3": 174,
      "4": 10,
      "5": 10,
      "6": 10,
      "7": 0
    },
    "f": {
      "0": 23,
      "1": 202,
      "2": 10,
      "3": 0
    },
    "b": {
      "0": [9, 14],
      "1": [14, 14],
      "2": [23, 23, 23],
      "3": [23, 10],
      "4": [23, 23],
      "5": [0, 10],
      "6": [10, 0],
      "7": [10, 4],
      "8": [10, 10]
    },
    "inputSourceMap": {
      "version": 3,
      "sources": [
        "C:/Users/ivans/Documents/2 курс 2 семестер/web/clario/src/services/transactions.api.ts"
      ],
      "mappings": "AAAC,OAAO,SAAS;AAgBjB,SAAS,cAAc,KAAkC;AACvD,QAAM,WAAW,IAAI,SAAS,WAAW,UAAU,IAAI,YAAY;AAEnE,SAAO;AAAA,IACL,IAAI,IAAI;AAAA,IACR,QAAQ,IAAI,WAAW,IAAI,UAAU;AAAA,IACrC,MAAM,IAAI;AAAA,IACV;AAAA,IACA,QAAQ,OAAO,IAAI,MAAM;AAAA,IACzB,MAAM,IAAI;AAAA,IACV,aAAa,IAAI,eAAe;AAAA,IAChC,QAAQ,IAAI,WAAW;AAAA,IACvB,WAAW,IAAI;AAAA,EACjB;AACF;AAEA,sBAAsB,kBAA0C;AAC9D,QAAM,EAAE,KAAK,IAAI,MAAM,IAAI,IAAsB,eAAe;AAChE,SAAO,KAAK,IAAI,aAAa;AAC/B;AAEA,sBAAsB,kBAAkB,SAAyD;AAC/F,QAAM,OAAO;AAAA,IACX,MAAM,QAAQ;AAAA,IACd,QAAQ,QAAQ;AAAA,IAChB,UAAU,QAAQ,SAAS,WAAW,OAAO,QAAQ,YAAY;AAAA,IACjE,aAAa,QAAQ,eAAe;AAAA,IACpC,MAAM,QAAQ;AAAA,IACd,SAAS,QAAQ,UAAU;AAAA,EAC7B;AAEA,QAAM,EAAE,KAAK,IAAI,MAAM,IAAI,KAAqB,iBAAiB,IAAI;AACrE,SAAO,cAAc,IAAI;AAC3B;AAEA,sBAAsB,kBAAkB,IAA2B;AACjE,QAAM,IAAI,OAAO,iBAAiB,EAAE,EAAE;AACxC;",
      "names": []
    },
    "_coverageSchema": "1a1c01bbd47fc00a2c39e90264f33305004495a9",
    "hash": "62f0e91ecec5da01f92e75bbe17d9318c019265c"
  },
  "C:/Users/ivans/Documents/2 курс 2 семестер/web/clario/src/main.tsx": {
    "path": "C:/Users/ivans/Documents/2 курс 2 семестер/web/clario/src/main.tsx",
    "statementMap": {},
    "fnMap": {},
    "branchMap": {},
    "s": {},
    "f": {},
    "b": {}
  },
  "C:/Users/ivans/Documents/2 курс 2 семестер/web/clario/src/shared/types/goals.ts": {
    "path": "C:/Users/ivans/Documents/2 курс 2 семестер/web/clario/src/shared/types/goals.ts",
    "statementMap": {},
    "fnMap": {},
    "branchMap": {},
    "s": {},
    "f": {},
    "b": {}
  },
  "C:/Users/ivans/Documents/2 курс 2 семестер/web/clario/src/shared/types/transactions.ts": {
    "path": "C:/Users/ivans/Documents/2 курс 2 семестер/web/clario/src/shared/types/transactions.ts",
    "statementMap": {},
    "fnMap": {},
    "branchMap": {},
    "s": {},
    "f": {},
    "b": {}
  },
  "C:/Users/ivans/Documents/2 курс 2 семестер/web/clario/src/types/css.d.ts": {
    "path": "C:/Users/ivans/Documents/2 курс 2 семестер/web/clario/src/types/css.d.ts",
    "statementMap": {},
    "fnMap": {},
    "branchMap": {},
    "s": {},
    "f": {},
    "b": {}
  }
}
