<?xml version="1.0" encoding="UTF-8"?>
<coverage generated="1765213677022" clover="3.2.0">
  <project timestamp="1765213677022" name="All files">
    <metrics statements="1064" coveredstatements="771" conditionals="497" coveredconditionals="247" methods="318" coveredmethods="250" elements="1879" coveredelements="1268" complexity="0" loc="1064" ncloc="1064" packages="21" files="40" classes="40"/>
    <package name="src">
      <metrics statements="0" coveredstatements="0" conditionals="0" coveredconditionals="0" methods="0" coveredmethods="0"/>
      <file name="App.tsx" path="C:/Users/ivans/Documents/2 курс 2 семестер/web/clario/src/App.tsx">
        <metrics statements="0" coveredstatements="0" conditionals="0" coveredconditionals="0" methods="0" coveredmethods="0"/>
      </file>
      <file name="main.tsx" path="C:/Users/ivans/Documents/2 курс 2 семестер/web/clario/src/main.tsx">
        <metrics statements="0" coveredstatements="0" conditionals="0" coveredconditionals="0" methods="0" coveredmethods="0"/>
      </file>
    </package>
    <package name="src.api">
      <metrics statements="37" coveredstatements="30" conditionals="17" coveredconditionals="10" methods="10" coveredmethods="9"/>
      <file name="axios.ts" path="C:/Users/ivans/Documents/2 курс 2 семестер/web/clario/src/api/axios.ts">
        <metrics statements="37" coveredstatements="30" conditionals="17" coveredconditionals="10" methods="10" coveredmethods="9"/>
        <line num="3" count="285" type="stmt"/>
        <line num="4" count="285" type="stmt"/>
        <line num="5" count="285" type="stmt"/>
        <line num="10" count="285" type="cond" truecount="2" falsecount="1"/>
        <line num="11" count="0" type="stmt"/>
        <line num="13" count="285" type="cond" truecount="2" falsecount="1"/>
        <line num="14" count="0" type="stmt"/>
        <line num="16" count="285" type="stmt"/>
        <line num="20" count="437" type="cond" truecount="0" falsecount="1"/>
        <line num="21" count="437" type="stmt"/>
        <line num="22" count="437" type="stmt"/>
        <line num="24" count="0" type="stmt"/>
        <line num="29" count="74" type="cond" truecount="0" falsecount="1"/>
        <line num="30" count="74" type="stmt"/>
        <line num="31" count="74" type="cond" truecount="2" falsecount="0"/>
        <line num="32" count="38" type="stmt"/>
        <line num="34" count="36" type="stmt"/>
        <line num="37" count="0" type="stmt"/>
        <line num="42" count="32" type="stmt"/>
        <line num="45" count="285" type="stmt"/>
        <line num="50" count="285" type="stmt"/>
        <line num="52" count="437" type="stmt"/>
        <line num="53" count="437" type="cond" truecount="0" falsecount="1"/>
        <line num="54" count="0" type="cond" truecount="0" falsecount="2"/>
        <line num="55" count="0" type="stmt"/>
        <line num="57" count="437" type="stmt"/>
        <line num="59" count="0" type="stmt"/>
        <line num="62" count="285" type="stmt"/>
        <line num="63" count="353" type="stmt"/>
        <line num="65" count="18" type="stmt"/>
        <line num="66" count="18" type="cond" truecount="3" falsecount="0"/>
        <line num="67" count="10" type="stmt"/>
        <line num="68" count="10" type="cond" truecount="1" falsecount="0"/>
        <line num="69" count="10" type="stmt"/>
        <line num="72" count="18" type="stmt"/>
        <line num="77" count="244" type="stmt"/>
        <line num="81" count="244" type="stmt"/>
      </file>
    </package>
    <package name="src.app">
      <metrics statements="0" coveredstatements="0" conditionals="0" coveredconditionals="0" methods="0" coveredmethods="0"/>
      <file name="index.tsx" path="C:/Users/ivans/Documents/2 курс 2 семестер/web/clario/src/app/index.tsx">
        <metrics statements="0" coveredstatements="0" conditionals="0" coveredconditionals="0" methods="0" coveredmethods="0"/>
      </file>
    </package>
    <package name="src.dev">
      <metrics statements="0" coveredstatements="0" conditionals="0" coveredconditionals="0" methods="0" coveredmethods="0"/>
      <file name="DevNav.cy.tsx" path="C:/Users/ivans/Documents/2 курс 2 семестер/web/clario/src/dev/DevNav.cy.tsx">
        <metrics statements="0" coveredstatements="0" conditionals="0" coveredconditionals="0" methods="0" coveredmethods="0"/>
      </file>
    </package>
    <package name="src.pages.Assistant">
      <metrics statements="10" coveredstatements="10" conditionals="0" coveredconditionals="0" methods="4" coveredmethods="4"/>
      <file name="Assistant.cy.tsx" path="C:/Users/ivans/Documents/2 курс 2 семестер/web/clario/src/pages/Assistant/Assistant.cy.tsx">
        <metrics statements="9" coveredstatements="9" conditionals="0" coveredconditionals="0" methods="3" coveredmethods="3"/>
        <line num="5" count="30" type="stmt"/>
        <line num="6" count="30" type="stmt"/>
        <line num="7" count="30" type="stmt"/>
        <line num="18" count="30" type="stmt"/>
        <line num="19" count="30" type="stmt"/>
        <line num="21" count="30" type="stmt"/>
        <line num="22" count="20" type="stmt"/>
        <line num="33" count="20" type="stmt"/>
        <line num="34" count="20" type="stmt"/>
      </file>
      <file name="index.tsx" path="C:/Users/ivans/Documents/2 курс 2 семестер/web/clario/src/pages/Assistant/index.tsx">
        <metrics statements="1" coveredstatements="1" conditionals="0" coveredconditionals="0" methods="1" coveredmethods="1"/>
        <line num="5" count="50" type="stmt"/>
      </file>
    </package>
    <package name="src.pages.Auth">
      <metrics statements="0" coveredstatements="0" conditionals="0" coveredconditionals="0" methods="0" coveredmethods="0"/>
      <file name="index.tsx" path="C:/Users/ivans/Documents/2 курс 2 семестер/web/clario/src/pages/Auth/index.tsx">
        <metrics statements="0" coveredstatements="0" conditionals="0" coveredconditionals="0" methods="0" coveredmethods="0"/>
      </file>
    </package>
    <package name="src.pages.Auth.Login">
      <metrics statements="33" coveredstatements="32" conditionals="10" coveredconditionals="10" methods="10" coveredmethods="10"/>
      <file name="Login.cy.tsx" path="C:/Users/ivans/Documents/2 курс 2 семестер/web/clario/src/pages/Auth/Login/Login.cy.tsx">
        <metrics statements="15" coveredstatements="15" conditionals="0" coveredconditionals="0" methods="6" coveredmethods="6"/>
        <line num="7" count="50" type="stmt"/>
        <line num="19" count="50" type="stmt"/>
        <line num="43" count="30" type="stmt"/>
        <line num="44" count="30" type="stmt"/>
        <line num="45" count="30" type="stmt"/>
        <line num="46" count="30" type="stmt"/>
        <line num="47" count="30" type="stmt"/>
        <line num="49" count="30" type="stmt"/>
        <line num="51" count="30" type="stmt"/>
        <line num="52" count="20" type="stmt"/>
        <line num="53" count="20" type="stmt"/>
        <line num="54" count="20" type="stmt"/>
        <line num="55" count="20" type="stmt"/>
        <line num="56" count="20" type="stmt"/>
        <line num="58" count="20" type="stmt"/>
      </file>
      <file name="index.tsx" path="C:/Users/ivans/Documents/2 курс 2 семестер/web/clario/src/pages/Auth/Login/index.tsx">
        <metrics statements="18" coveredstatements="17" conditionals="10" coveredconditionals="10" methods="4" coveredmethods="4"/>
        <line num="7" count="660" type="stmt"/>
        <line num="8" count="660" type="stmt"/>
        <line num="9" count="660" type="stmt"/>
        <line num="10" count="660" type="stmt"/>
        <line num="11" count="660" type="stmt"/>
        <line num="13" count="50" type="stmt"/>
        <line num="14" count="50" type="stmt"/>
        <line num="15" count="50" type="cond" truecount="4" falsecount="0"/>
        <line num="16" count="30" type="stmt"/>
        <line num="17" count="30" type="stmt"/>
        <line num="19" count="20" type="stmt"/>
        <line num="20" count="20" type="stmt"/>
        <line num="21" count="20" type="stmt"/>
        <line num="23" count="0" type="stmt"/>
        <line num="26" count="660" type="cond" truecount="2" falsecount="0"/>
        <line num="27" count="660" type="stmt"/>
        <line num="114" count="320" type="stmt"/>
        <line num="132" count="220" type="stmt"/>
      </file>
    </package>
    <package name="src.pages.Auth.Register">
      <metrics statements="93" coveredstatements="66" conditionals="30" coveredconditionals="7" methods="26" coveredmethods="24"/>
      <file name="Register.cy.tsx" path="C:/Users/ivans/Documents/2 курс 2 семестер/web/clario/src/pages/Auth/Register/Register.cy.tsx">
        <metrics statements="40" coveredstatements="40" conditionals="0" coveredconditionals="0" methods="18" coveredmethods="18"/>
        <line num="5" count="8" type="stmt"/>
        <line num="6" count="10" type="stmt"/>
        <line num="7" count="39" type="stmt"/>
        <line num="8" count="41" type="stmt"/>
        <line num="9" count="41" type="stmt"/>
        <line num="10" count="41" type="stmt"/>
        <line num="11" count="41" type="stmt"/>
        <line num="12" count="41" type="stmt"/>
        <line num="14" count="8" type="stmt"/>
        <line num="15" count="18" type="stmt"/>
        <line num="16" count="22" type="stmt"/>
        <line num="17" count="22" type="stmt"/>
        <line num="18" count="24" type="stmt"/>
        <line num="19" count="33" type="stmt"/>
        <line num="20" count="24" type="stmt"/>
        <line num="21" count="24" type="stmt"/>
        <line num="22" count="20" type="stmt"/>
        <line num="27" count="33" type="stmt"/>
        <line num="28" count="33" type="stmt"/>
        <line num="29" count="33" type="stmt"/>
        <line num="30" count="33" type="stmt"/>
        <line num="32" count="8" type="stmt"/>
        <line num="33" count="6" type="stmt"/>
        <line num="43" count="15" type="stmt"/>
        <line num="44" count="23" type="stmt"/>
        <line num="45" count="21" type="stmt"/>
        <line num="46" count="23" type="stmt"/>
        <line num="47" count="23" type="stmt"/>
        <line num="49" count="23" type="stmt"/>
        <line num="50" count="19" type="stmt"/>
        <line num="51" count="15" type="stmt"/>
        <line num="52" count="14" type="stmt"/>
        <line num="53" count="18" type="stmt"/>
        <line num="54" count="14" type="stmt"/>
        <line num="55" count="18" type="stmt"/>
        <line num="56" count="18" type="stmt"/>
        <line num="57" count="18" type="stmt"/>
        <line num="58" count="18" type="stmt"/>
        <line num="59" count="19" type="stmt"/>
        <line num="60" count="18" type="stmt"/>
      </file>
      <file name="index.tsx" path="C:/Users/ivans/Documents/2 курс 2 семестер/web/clario/src/pages/Auth/Register/index.tsx">
        <metrics statements="53" coveredstatements="26" conditionals="30" coveredconditionals="7" methods="8" coveredmethods="6"/>
        <line num="7" count="572" type="stmt"/>
        <line num="8" count="558" type="stmt"/>
        <line num="9" count="510" type="stmt"/>
        <line num="10" count="510" type="stmt"/>
        <line num="11" count="510" type="stmt"/>
        <line num="12" count="510" type="stmt"/>
        <line num="13" count="510" type="stmt"/>
        <line num="14" count="510" type="stmt"/>
        <line num="15" count="510" type="stmt"/>
        <line num="17" count="15" type="stmt"/>
        <line num="18" count="15" type="stmt"/>
        <line num="19" count="15" type="stmt"/>
        <line num="20" count="15" type="stmt"/>
        <line num="21" count="15" type="stmt"/>
        <line num="22" count="15" type="stmt"/>
        <line num="23" count="15" type="stmt"/>
        <line num="24" count="15" type="stmt"/>
        <line num="25" count="15" type="cond" truecount="2" falsecount="6"/>
        <line num="26" count="15" type="stmt"/>
        <line num="27" count="15" type="stmt"/>
        <line num="29" count="0" type="cond" truecount="0" falsecount="4"/>
        <line num="30" count="0" type="stmt"/>
        <line num="31" count="0" type="stmt"/>
        <line num="33" count="0" type="stmt"/>
        <line num="34" count="0" type="cond" truecount="0" falsecount="4"/>
        <line num="35" count="0" type="stmt"/>
        <line num="36" count="0" type="stmt"/>
        <line num="38" count="0" type="stmt"/>
        <line num="39" count="0" type="cond" truecount="0" falsecount="2"/>
        <line num="40" count="0" type="stmt"/>
        <line num="41" count="0" type="stmt"/>
        <line num="43" count="0" type="stmt"/>
        <line num="44" count="0" type="cond" truecount="0" falsecount="2"/>
        <line num="45" count="0" type="stmt"/>
        <line num="46" count="0" type="stmt"/>
        <line num="48" count="0" type="cond" truecount="0" falsecount="2"/>
        <line num="49" count="0" type="stmt"/>
        <line num="50" count="0" type="stmt"/>
        <line num="52" count="0" type="cond" truecount="0" falsecount="2"/>
        <line num="53" count="0" type="stmt"/>
        <line num="54" count="0" type="stmt"/>
        <line num="56" count="0" type="stmt"/>
        <line num="57" count="0" type="stmt"/>
        <line num="64" count="0" type="stmt"/>
        <line num="66" count="0" type="stmt"/>
        <line num="69" count="510" type="cond" truecount="2" falsecount="0"/>
        <line num="70" count="510" type="stmt"/>
        <line num="165" count="90" type="stmt"/>
        <line num="182" count="160" type="stmt"/>
        <line num="204" count="110" type="stmt"/>
        <line num="222" count="110" type="stmt"/>
        <line num="240" count="0" type="stmt"/>
        <line num="258" count="0" type="stmt"/>
      </file>
    </package>
    <package name="src.pages.BalanceAndTransactions">
      <metrics statements="271" coveredstatements="217" conditionals="139" coveredconditionals="80" methods="63" coveredmethods="47"/>
      <file name="BalanceAndTransactions.cy.tsx" path="C:/Users/ivans/Documents/2 курс 2 семестер/web/clario/src/pages/BalanceAndTransactions/BalanceAndTransactions.cy.tsx">
        <metrics statements="65" coveredstatements="65" conditionals="2" coveredconditionals="0" methods="26" coveredmethods="26"/>
        <line num="6" count="37" type="stmt"/>
        <line num="13" count="16" type="stmt"/>
        <line num="14" count="58" type="stmt"/>
        <line num="15" count="54" type="cond" truecount="0" falsecount="2"/>
        <line num="16" count="51" type="stmt"/>
        <line num="17" count="48" type="stmt"/>
        <line num="18" count="54" type="stmt"/>
        <line num="19" count="15" type="stmt"/>
        <line num="21" count="9" type="stmt"/>
        <line num="23" count="27" type="stmt"/>
        <line num="24" count="39" type="stmt"/>
        <line num="25" count="48" type="stmt"/>
        <line num="26" count="48" type="stmt"/>
        <line num="27" count="48" type="stmt"/>
        <line num="28" count="27" type="stmt"/>
        <line num="29" count="21" type="stmt"/>
        <line num="41" count="24" type="stmt"/>
        <line num="42" count="24" type="stmt"/>
        <line num="43" count="48" type="stmt"/>
        <line num="44" count="33" type="stmt"/>
        <line num="45" count="33" type="stmt"/>
        <line num="46" count="33" type="stmt"/>
        <line num="47" count="12" type="stmt"/>
        <line num="48" count="30" type="stmt"/>
        <line num="49" count="18" type="stmt"/>
        <line num="50" count="18" type="stmt"/>
        <line num="51" count="21" type="stmt"/>
        <line num="52" count="39" type="stmt"/>
        <line num="53" count="39" type="stmt"/>
        <line num="54" count="30" type="stmt"/>
        <line num="55" count="28" type="stmt"/>
        <line num="56" count="34" type="stmt"/>
        <line num="57" count="22" type="stmt"/>
        <line num="58" count="25" type="stmt"/>
        <line num="59" count="22" type="stmt"/>
        <line num="60" count="25" type="stmt"/>
        <line num="61" count="22" type="stmt"/>
        <line num="62" count="19" type="stmt"/>
        <line num="63" count="18" type="stmt"/>
        <line num="64" count="18" type="stmt"/>
        <line num="65" count="18" type="stmt"/>
        <line num="67" count="18" type="stmt"/>
        <line num="68" count="18" type="stmt"/>
        <line num="69" count="18" type="stmt"/>
        <line num="70" count="18" type="stmt"/>
        <line num="72" count="18" type="stmt"/>
        <line num="75" count="12" type="stmt"/>
        <line num="77" count="16" type="stmt"/>
        <line num="78" count="14" type="stmt"/>
        <line num="79" count="14" type="stmt"/>
        <line num="80" count="14" type="stmt"/>
        <line num="81" count="8" type="stmt"/>
        <line num="82" count="8" type="stmt"/>
        <line num="83" count="10" type="stmt"/>
        <line num="84" count="6" type="stmt"/>
        <line num="86" count="14" type="stmt"/>
        <line num="87" count="6" type="stmt"/>
        <line num="88" count="6" type="stmt"/>
        <line num="89" count="6" type="stmt"/>
        <line num="91" count="8" type="stmt"/>
        <line num="102" count="6" type="stmt"/>
        <line num="103" count="6" type="stmt"/>
        <line num="104" count="4" type="stmt"/>
        <line num="105" count="4" type="stmt"/>
        <line num="106" count="4" type="stmt"/>
      </file>
      <file name="index.tsx" path="C:/Users/ivans/Documents/2 курс 2 семестер/web/clario/src/pages/BalanceAndTransactions/index.tsx">
        <metrics statements="206" coveredstatements="152" conditionals="137" coveredconditionals="80" methods="37" coveredmethods="21"/>
        <line num="7" count="37" type="stmt"/>
        <line num="8" count="37" type="stmt"/>
        <line num="9" count="37" type="stmt"/>
        <line num="11" count="206" type="cond" truecount="2" falsecount="0"/>
        <line num="12" count="106" type="stmt"/>
        <line num="13" count="106" type="stmt"/>
        <line num="14" count="106" type="cond" truecount="2" falsecount="0"/>
        <line num="15" count="16" type="stmt"/>
        <line num="16" count="16" type="stmt"/>
        <line num="17" count="16" type="stmt"/>
        <line num="18" count="16" type="stmt"/>
        <line num="19" count="16" type="stmt"/>
        <line num="20" count="16" type="cond" truecount="5" falsecount="0"/>
        <line num="21" count="10" type="stmt"/>
        <line num="24" count="96" type="cond" truecount="1" falsecount="1"/>
        <line num="25" count="96" type="stmt"/>
        <line num="26" count="96" type="cond" truecount="2" falsecount="0"/>
        <line num="27" count="90" type="stmt"/>
        <line num="28" count="90" type="stmt"/>
        <line num="29" count="90" type="stmt"/>
        <line num="30" count="90" type="stmt"/>
        <line num="31" count="90" type="stmt"/>
        <line num="32" count="90" type="cond" truecount="4" falsecount="1"/>
        <line num="33" count="90" type="stmt"/>
        <line num="36" count="6" type="stmt"/>
        <line num="37" count="6" type="cond" truecount="1" falsecount="1"/>
        <line num="38" count="0" type="stmt"/>
        <line num="39" count="0" type="stmt"/>
        <line num="41" count="6" type="stmt"/>
        <line num="44" count="652" type="stmt"/>
        <line num="45" count="648" type="stmt"/>
        <line num="46" count="648" type="stmt"/>
        <line num="47" count="648" type="stmt"/>
        <line num="48" count="648" type="stmt"/>
        <line num="49" count="648" type="stmt"/>
        <line num="50" count="648" type="stmt"/>
        <line num="51" count="648" type="stmt"/>
        <line num="52" count="648" type="stmt"/>
        <line num="53" count="648" type="stmt"/>
        <line num="63" count="648" type="stmt"/>
        <line num="64" count="648" type="stmt"/>
        <line num="65" count="143" type="stmt"/>
        <line num="66" count="143" type="stmt"/>
        <line num="67" count="143" type="stmt"/>
        <line num="68" count="19" type="cond" truecount="2" falsecount="0"/>
        <line num="69" count="10" type="stmt"/>
        <line num="71" count="143" type="stmt"/>
        <line num="77" count="648" type="stmt"/>
        <line num="78" count="143" type="stmt"/>
        <line num="79" count="143" type="stmt"/>
        <line num="80" count="143" type="stmt"/>
        <line num="81" count="143" type="stmt"/>
        <line num="82" count="1001" type="stmt"/>
        <line num="83" count="1001" type="stmt"/>
        <line num="84" count="1001" type="stmt"/>
        <line num="85" count="1001" type="stmt"/>
        <line num="86" count="1001" type="stmt"/>
        <line num="87" count="1001" type="stmt"/>
        <line num="88" count="1001" type="stmt"/>
        <line num="89" count="133" type="stmt"/>
        <line num="90" count="133" type="cond" truecount="2" falsecount="0"/>
        <line num="91" count="63" type="cond" truecount="2" falsecount="2"/>
        <line num="92" count="0" type="cond" truecount="0" falsecount="2"/>
        <line num="93" count="0" type="stmt"/>
        <line num="96" count="1001" type="stmt"/>
        <line num="100" count="1001" type="stmt"/>
        <line num="102" count="143" type="stmt"/>
        <line num="104" count="648" type="stmt"/>
        <line num="105" count="143" type="stmt"/>
        <line num="113" count="143" type="stmt"/>
        <line num="114" count="19" type="cond" truecount="1" falsecount="1"/>
        <line num="115" count="0" type="stmt"/>
        <line num="116" count="0" type="cond" truecount="0" falsecount="2"/>
        <line num="117" count="0" type="stmt"/>
        <line num="119" count="0" type="stmt"/>
        <line num="121" count="858" type="cond" truecount="2" falsecount="0"/>
        <line num="122" count="858" type="stmt"/>
        <line num="128" count="143" type="stmt"/>
        <line num="129" count="143" type="stmt"/>
        <line num="130" count="143" type="stmt"/>
        <line num="131" count="858" type="cond" truecount="1" falsecount="1"/>
        <line num="132" count="0" type="stmt"/>
        <line num="133" count="0" type="stmt"/>
        <line num="134" count="0" type="stmt"/>
        <line num="135" count="0" type="stmt"/>
        <line num="137" count="143" type="cond" truecount="1" falsecount="1"/>
        <line num="138" count="143" type="stmt"/>
        <line num="140" count="648" type="stmt"/>
        <line num="141" count="143" type="stmt"/>
        <line num="142" count="143" type="stmt"/>
        <line num="143" count="143" type="stmt"/>
        <line num="144" count="143" type="stmt"/>
        <line num="145" count="19" type="stmt"/>
        <line num="146" count="19" type="cond" truecount="2" falsecount="0"/>
        <line num="147" count="9" type="stmt"/>
        <line num="148" count="9" type="cond" truecount="1" falsecount="1"/>
        <line num="149" count="9" type="stmt"/>
        <line num="150" count="9" type="cond" truecount="2" falsecount="0"/>
        <line num="151" count="9" type="cond" truecount="1" falsecount="1"/>
        <line num="152" count="9" type="stmt"/>
        <line num="154" count="143" type="stmt"/>
        <line num="155" count="143" type="stmt"/>
        <line num="156" count="143" type="stmt"/>
        <line num="157" count="143" type="stmt"/>
        <line num="158" count="9" type="cond" truecount="1" falsecount="1"/>
        <line num="159" count="9" type="stmt"/>
        <line num="161" count="143" type="stmt"/>
        <line num="162" count="143" type="stmt"/>
        <line num="163" count="143" type="stmt"/>
        <line num="164" count="143" type="stmt"/>
        <line num="165" count="143" type="stmt"/>
        <line num="166" count="1001" type="stmt"/>
        <line num="167" count="1001" type="stmt"/>
        <line num="168" count="1001" type="stmt"/>
        <line num="169" count="1001" type="stmt"/>
        <line num="170" count="1001" type="cond" truecount="1" falsecount="1"/>
        <line num="171" count="0" type="cond" truecount="0" falsecount="2"/>
        <line num="173" count="1001" type="stmt"/>
        <line num="177" count="1001" type="stmt"/>
        <line num="179" count="143" type="stmt"/>
        <line num="182" count="16" type="stmt"/>
        <line num="183" count="16" type="stmt"/>
        <line num="184" count="16" type="stmt"/>
        <line num="185" count="16" type="stmt"/>
        <line num="186" count="16" type="stmt"/>
        <line num="187" count="16" type="cond" truecount="3" falsecount="1"/>
        <line num="188" count="0" type="stmt"/>
        <line num="189" count="0" type="stmt"/>
        <line num="191" count="16" type="stmt"/>
        <line num="192" count="16" type="cond" truecount="2" falsecount="0"/>
        <line num="193" count="6" type="stmt"/>
        <line num="194" count="6" type="stmt"/>
        <line num="196" count="10" type="cond" truecount="3" falsecount="1"/>
        <line num="197" count="0" type="stmt"/>
        <line num="198" count="0" type="stmt"/>
        <line num="200" count="10" type="stmt"/>
        <line num="201" count="10" type="stmt"/>
        <line num="208" count="10" type="stmt"/>
        <line num="209" count="10" type="stmt"/>
        <line num="210" count="10" type="stmt"/>
        <line num="211" count="10" type="stmt"/>
        <line num="212" count="10" type="stmt"/>
        <line num="213" count="10" type="stmt"/>
        <line num="214" count="10" type="stmt"/>
        <line num="216" count="0" type="stmt"/>
        <line num="220" count="0" type="stmt"/>
        <line num="221" count="0" type="stmt"/>
        <line num="222" count="0" type="stmt"/>
        <line num="224" count="0" type="stmt"/>
        <line num="228" count="0" type="stmt"/>
        <line num="229" count="0" type="cond" truecount="0" falsecount="2"/>
        <line num="230" count="0" type="stmt"/>
        <line num="231" count="0" type="stmt"/>
        <line num="232" count="0" type="stmt"/>
        <line num="234" count="648" type="stmt"/>
        <line num="235" count="143" type="stmt"/>
        <line num="236" count="143" type="stmt"/>
        <line num="237" count="0" type="stmt"/>
        <line num="238" count="0" type="stmt"/>
        <line num="239" count="0" type="cond" truecount="0" falsecount="4"/>
        <line num="240" count="0" type="cond" truecount="0" falsecount="4"/>
        <line num="241" count="0" type="cond" truecount="0" falsecount="4"/>
        <line num="242" count="0" type="stmt"/>
        <line num="244" count="143" type="stmt"/>
        <line num="246" count="648" type="stmt"/>
        <line num="247" count="648" type="stmt"/>
        <line num="248" count="88" type="stmt"/>
        <line num="250" count="648" type="stmt"/>
        <line num="251" count="648" type="stmt"/>
        <line num="252" count="648" type="stmt"/>
        <line num="253" count="648" type="cond" truecount="3" falsecount="0"/>
        <line num="254" count="648" type="stmt"/>
        <line num="374" count="0" type="stmt"/>
        <line num="375" count="0" type="stmt"/>
        <line num="437" count="3888" type="stmt"/>
        <line num="554" count="10" type="stmt"/>
        <line num="555" count="10" type="cond" truecount="1" falsecount="1"/>
        <line num="556" count="0" type="stmt"/>
        <line num="557" count="0" type="stmt"/>
        <line num="577" count="0" type="stmt"/>
        <line num="578" count="0" type="stmt"/>
        <line num="579" count="0" type="stmt"/>
        <line num="605" count="0" type="stmt"/>
        <line num="637" count="0" type="cond" truecount="0" falsecount="2"/>
        <line num="644" count="0" type="stmt"/>
        <line num="689" count="0" type="stmt"/>
        <line num="690" count="0" type="stmt"/>
        <line num="691" count="0" type="cond" truecount="0" falsecount="2"/>
        <line num="692" count="0" type="stmt"/>
        <line num="693" count="0" type="cond" truecount="0" falsecount="2"/>
        <line num="694" count="0" type="stmt"/>
        <line num="725" count="166" type="stmt"/>
        <line num="741" count="0" type="stmt"/>
        <line num="742" count="3888" type="stmt"/>
        <line num="763" count="54" type="stmt"/>
        <line num="780" count="108" type="stmt"/>
        <line num="892" count="38" type="stmt"/>
        <line num="893" count="38" type="cond" truecount="2" falsecount="0"/>
        <line num="898" count="38" type="stmt"/>
        <line num="904" count="0" type="cond" truecount="0" falsecount="2"/>
        <line num="905" count="0" type="stmt"/>
        <line num="953" count="648" type="stmt"/>
        <line num="954" count="648" type="stmt"/>
        <line num="955" count="648" type="stmt"/>
        <line num="960" count="0" type="stmt"/>
        <line num="980" count="0" type="cond" truecount="0" falsecount="2"/>
      </file>
    </package>
    <package name="src.pages.Dashboard">
      <metrics statements="157" coveredstatements="121" conditionals="98" coveredconditionals="42" methods="38" coveredmethods="35"/>
      <file name="Dashboard.cy.tsx" path="C:/Users/ivans/Documents/2 курс 2 семестер/web/clario/src/pages/Dashboard/Dashboard.cy.tsx">
        <metrics statements="49" coveredstatements="49" conditionals="2" coveredconditionals="0" methods="22" coveredmethods="22"/>
        <line num="5" count="8" type="stmt"/>
        <line num="6" count="32" type="stmt"/>
        <line num="7" count="8" type="stmt"/>
        <line num="13" count="26" type="stmt"/>
        <line num="14" count="47" type="stmt"/>
        <line num="15" count="44" type="cond" truecount="0" falsecount="2"/>
        <line num="16" count="46" type="stmt"/>
        <line num="17" count="36" type="stmt"/>
        <line num="18" count="46" type="stmt"/>
        <line num="19" count="46" type="stmt"/>
        <line num="21" count="31" type="stmt"/>
        <line num="22" count="41" type="stmt"/>
        <line num="23" count="3" type="stmt"/>
        <line num="24" count="11" type="stmt"/>
        <line num="25" count="26" type="stmt"/>
        <line num="26" count="14" type="stmt"/>
        <line num="27" count="23" type="stmt"/>
        <line num="28" count="39" type="stmt"/>
        <line num="29" count="38" type="stmt"/>
        <line num="33" count="49" type="stmt"/>
        <line num="34" count="47" type="stmt"/>
        <line num="35" count="49" type="stmt"/>
        <line num="36" count="49" type="stmt"/>
        <line num="37" count="45" type="stmt"/>
        <line num="38" count="45" type="stmt"/>
        <line num="43" count="24" type="stmt"/>
        <line num="44" count="12" type="stmt"/>
        <line num="45" count="24" type="stmt"/>
        <line num="46" count="23" type="stmt"/>
        <line num="47" count="38" type="stmt"/>
        <line num="48" count="28" type="stmt"/>
        <line num="49" count="28" type="stmt"/>
        <line num="50" count="18" type="stmt"/>
        <line num="51" count="6" type="stmt"/>
        <line num="52" count="17" type="stmt"/>
        <line num="53" count="17" type="stmt"/>
        <line num="54" count="17" type="stmt"/>
        <line num="55" count="14" type="stmt"/>
        <line num="56" count="17" type="stmt"/>
        <line num="57" count="18" type="stmt"/>
        <line num="58" count="8" type="stmt"/>
        <line num="59" count="8" type="stmt"/>
        <line num="60" count="11" type="stmt"/>
        <line num="61" count="10" type="stmt"/>
        <line num="73" count="2" type="stmt"/>
        <line num="79" count="4" type="stmt"/>
        <line num="80" count="4" type="stmt"/>
        <line num="88" count="2" type="stmt"/>
        <line num="89" count="2" type="stmt"/>
      </file>
      <file name="index.tsx" path="C:/Users/ivans/Documents/2 курс 2 семестер/web/clario/src/pages/Dashboard/index.tsx">
        <metrics statements="108" coveredstatements="72" conditionals="96" coveredconditionals="42" methods="16" coveredmethods="13"/>
        <line num="9" count="4" type="cond" truecount="1" falsecount="1"/>
        <line num="10" count="4" type="stmt"/>
        <line num="11" count="4" type="stmt"/>
        <line num="12" count="4" type="cond" truecount="1" falsecount="1"/>
        <line num="13" count="0" type="stmt"/>
        <line num="14" count="0" type="stmt"/>
        <line num="15" count="0" type="stmt"/>
        <line num="16" count="0" type="stmt"/>
        <line num="17" count="0" type="cond" truecount="0" falsecount="2"/>
        <line num="18" count="0" type="stmt"/>
        <line num="19" count="0" type="stmt"/>
        <line num="21" count="4" type="stmt"/>
        <line num="22" count="4" type="cond" truecount="1" falsecount="1"/>
        <line num="23" count="4" type="stmt"/>
        <line num="25" count="4" type="stmt"/>
        <line num="26" count="4" type="cond" truecount="1" falsecount="1"/>
        <line num="27" count="4" type="stmt"/>
        <line num="28" count="4" type="stmt"/>
        <line num="29" count="4" type="stmt"/>
        <line num="30" count="4" type="stmt"/>
        <line num="31" count="4" type="cond" truecount="1" falsecount="1"/>
        <line num="32" count="4" type="stmt"/>
        <line num="33" count="4" type="stmt"/>
        <line num="35" count="0" type="stmt"/>
        <line num="36" count="0" type="cond" truecount="0" falsecount="2"/>
        <line num="37" count="0" type="stmt"/>
        <line num="38" count="0" type="stmt"/>
        <line num="40" count="0" type="stmt"/>
        <line num="43" count="0" type="cond" truecount="0" falsecount="7"/>
        <line num="45" count="0" type="stmt"/>
        <line num="47" count="0" type="stmt"/>
        <line num="49" count="0" type="stmt"/>
        <line num="52" count="0" type="stmt"/>
        <line num="54" count="0" type="stmt"/>
        <line num="56" count="0" type="stmt"/>
        <line num="60" count="187" type="stmt"/>
        <line num="61" count="143" type="stmt"/>
        <line num="62" count="143" type="stmt"/>
        <line num="63" count="143" type="stmt"/>
        <line num="64" count="143" type="stmt"/>
        <line num="65" count="43" type="stmt"/>
        <line num="67" count="43" type="stmt"/>
        <line num="68" count="43" type="stmt"/>
        <line num="69" count="43" type="stmt"/>
        <line num="70" count="26" type="cond" truecount="1" falsecount="1"/>
        <line num="71" count="26" type="stmt"/>
        <line num="74" count="0" type="cond" truecount="0" falsecount="2"/>
        <line num="75" count="0" type="stmt"/>
        <line num="79" count="43" type="stmt"/>
        <line num="80" count="43" type="stmt"/>
        <line num="81" count="19" type="stmt"/>
        <line num="84" count="143" type="stmt"/>
        <line num="85" count="83" type="cond" truecount="2" falsecount="0"/>
        <line num="86" count="40" type="cond" truecount="1" falsecount="1"/>
        <line num="87" count="40" type="cond" truecount="1" falsecount="1"/>
        <line num="88" count="40" type="stmt"/>
        <line num="89" count="40" type="cond" truecount="1" falsecount="1"/>
        <line num="90" count="0" type="cond" truecount="0" falsecount="2"/>
        <line num="91" count="0" type="stmt"/>
        <line num="93" count="143" type="stmt"/>
        <line num="94" count="62" type="stmt"/>
        <line num="95" count="62" type="stmt"/>
        <line num="96" count="62" type="stmt"/>
        <line num="97" count="62" type="stmt"/>
        <line num="98" count="62" type="stmt"/>
        <line num="99" count="62" type="stmt"/>
        <line num="100" count="62" type="stmt"/>
        <line num="101" count="62" type="stmt"/>
        <line num="102" count="62" type="stmt"/>
        <line num="103" count="62" type="stmt"/>
        <line num="104" count="62" type="stmt"/>
        <line num="105" count="4" type="cond" truecount="1" falsecount="1"/>
        <line num="106" count="4" type="stmt"/>
        <line num="107" count="4" type="stmt"/>
        <line num="108" count="4" type="cond" truecount="3" falsecount="2"/>
        <line num="109" count="0" type="cond" truecount="0" falsecount="2"/>
        <line num="110" count="0" type="stmt"/>
        <line num="113" count="62" type="stmt"/>
        <line num="114" count="0" type="stmt"/>
        <line num="115" count="0" type="stmt"/>
        <line num="116" count="0" type="cond" truecount="0" falsecount="4"/>
        <line num="117" count="0" type="cond" truecount="0" falsecount="4"/>
        <line num="118" count="0" type="cond" truecount="0" falsecount="4"/>
        <line num="119" count="0" type="stmt"/>
        <line num="121" count="62" type="stmt"/>
        <line num="122" count="62" type="stmt"/>
        <line num="129" count="143" type="stmt"/>
        <line num="130" count="69" type="cond" truecount="1" falsecount="1"/>
        <line num="133" count="143" type="stmt"/>
        <line num="134" count="69" type="stmt"/>
        <line num="135" count="69" type="stmt"/>
        <line num="136" count="4" type="cond" truecount="1" falsecount="1"/>
        <line num="137" count="4" type="stmt"/>
        <line num="138" count="4" type="cond" truecount="1" falsecount="1"/>
        <line num="139" count="0" type="stmt"/>
        <line num="144" count="4" type="cond" truecount="1" falsecount="1"/>
        <line num="145" count="0" type="stmt"/>
        <line num="152" count="69" type="stmt"/>
        <line num="154" count="143" type="stmt"/>
        <line num="155" count="143" type="cond" truecount="1" falsecount="1"/>
        <line num="156" count="143" type="cond" truecount="1" falsecount="1"/>
        <line num="157" count="143" type="stmt"/>
        <line num="158" count="143" type="cond" truecount="2" falsecount="0"/>
        <line num="159" count="143" type="stmt"/>
        <line num="323" count="4" type="cond" truecount="2" falsecount="0"/>
        <line num="375" count="0" type="cond" truecount="0" falsecount="2"/>
        <line num="376" count="0" type="cond" truecount="0" falsecount="2"/>
        <line num="377" count="0" type="stmt"/>
      </file>
    </package>
    <package name="src.pages.Goals">
      <metrics statements="199" coveredstatements="85" conditionals="100" coveredconditionals="27" methods="68" coveredmethods="40"/>
      <file name="Goals.cy.tsx" path="C:/Users/ivans/Documents/2 курс 2 семестер/web/clario/src/pages/Goals/Goals.cy.tsx">
        <metrics statements="45" coveredstatements="45" conditionals="1" coveredconditionals="0" methods="29" coveredmethods="29"/>
        <line num="5" count="23" type="stmt"/>
        <line num="6" count="41" type="cond" truecount="0" falsecount="1"/>
        <line num="7" count="41" type="stmt"/>
        <line num="8" count="32" type="stmt"/>
        <line num="11" count="26" type="stmt"/>
        <line num="12" count="30" type="stmt"/>
        <line num="16" count="23" type="stmt"/>
        <line num="17" count="36" type="stmt"/>
        <line num="18" count="45" type="stmt"/>
        <line num="19" count="45" type="stmt"/>
        <line num="20" count="45" type="stmt"/>
        <line num="21" count="16" type="stmt"/>
        <line num="22" count="25" type="stmt"/>
        <line num="23" count="36" type="stmt"/>
        <line num="24" count="33" type="stmt"/>
        <line num="25" count="34" type="stmt"/>
        <line num="26" count="39" type="stmt"/>
        <line num="27" count="14" type="stmt"/>
        <line num="28" count="16" type="stmt"/>
        <line num="29" count="14" type="stmt"/>
        <line num="30" count="29" type="stmt"/>
        <line num="31" count="10" type="stmt"/>
        <line num="32" count="12" type="stmt"/>
        <line num="33" count="23" type="stmt"/>
        <line num="34" count="20" type="stmt"/>
        <line num="35" count="23" type="stmt"/>
        <line num="36" count="20" type="stmt"/>
        <line num="37" count="23" type="stmt"/>
        <line num="38" count="8" type="stmt"/>
        <line num="39" count="14" type="stmt"/>
        <line num="40" count="11" type="stmt"/>
        <line num="41" count="11" type="stmt"/>
        <line num="42" count="11" type="stmt"/>
        <line num="49" count="9" type="stmt"/>
        <line num="51" count="12" type="stmt"/>
        <line num="52" count="10" type="stmt"/>
        <line num="53" count="10" type="stmt"/>
        <line num="54" count="8" type="stmt"/>
        <line num="55" count="10" type="stmt"/>
        <line num="56" count="4" type="stmt"/>
        <line num="57" count="8" type="stmt"/>
        <line num="58" count="4" type="stmt"/>
        <line num="69" count="4" type="stmt"/>
        <line num="70" count="4" type="stmt"/>
        <line num="71" count="4" type="stmt"/>
      </file>
      <file name="index.tsx" path="C:/Users/ivans/Documents/2 курс 2 семестер/web/clario/src/pages/Goals/index.tsx">
        <metrics statements="154" coveredstatements="40" conditionals="99" coveredconditionals="27" methods="39" coveredmethods="11"/>
        <line num="7" count="172" type="stmt"/>
        <line num="8" count="172" type="stmt"/>
        <line num="9" count="172" type="stmt"/>
        <line num="10" count="172" type="stmt"/>
        <line num="11" count="172" type="stmt"/>
        <line num="12" count="172" type="stmt"/>
        <line num="13" count="172" type="stmt"/>
        <line num="14" count="172" type="stmt"/>
        <line num="15" count="172" type="stmt"/>
        <line num="16" count="172" type="stmt"/>
        <line num="17" count="172" type="stmt"/>
        <line num="18" count="172" type="stmt"/>
        <line num="19" count="172" type="stmt"/>
        <line num="20" count="172" type="stmt"/>
        <line num="21" count="70" type="stmt"/>
        <line num="23" count="70" type="stmt"/>
        <line num="24" count="70" type="stmt"/>
        <line num="25" count="70" type="stmt"/>
        <line num="26" count="35" type="cond" truecount="1" falsecount="1"/>
        <line num="27" count="35" type="stmt"/>
        <line num="30" count="18" type="cond" truecount="2" falsecount="0"/>
        <line num="31" count="6" type="stmt"/>
        <line num="35" count="70" type="stmt"/>
        <line num="36" count="70" type="stmt"/>
        <line num="37" count="35" type="stmt"/>
        <line num="40" count="172" type="stmt"/>
        <line num="41" count="100" type="stmt"/>
        <line num="42" count="100" type="cond" truecount="1" falsecount="1"/>
        <line num="43" count="100" type="cond" truecount="1" falsecount="1"/>
        <line num="44" count="0" type="cond" truecount="0" falsecount="2"/>
        <line num="45" count="0" type="stmt"/>
        <line num="46" count="0" type="stmt"/>
        <line num="47" count="0" type="stmt"/>
        <line num="48" count="0" type="stmt"/>
        <line num="49" count="0" type="stmt"/>
        <line num="51" count="0" type="stmt"/>
        <line num="52" count="0" type="stmt"/>
        <line num="53" count="0" type="stmt"/>
        <line num="54" count="0" type="stmt"/>
        <line num="55" count="0" type="stmt"/>
        <line num="57" count="100" type="cond" truecount="1" falsecount="1"/>
        <line num="58" count="0" type="cond" truecount="0" falsecount="2"/>
        <line num="62" count="0" type="stmt"/>
        <line num="63" count="0" type="stmt"/>
        <line num="64" count="0" type="stmt"/>
        <line num="65" count="0" type="stmt"/>
        <line num="66" count="0" type="cond" truecount="0" falsecount="4"/>
        <line num="67" count="0" type="stmt"/>
        <line num="68" count="0" type="stmt"/>
        <line num="70" count="0" type="cond" truecount="0" falsecount="4"/>
        <line num="71" count="0" type="stmt"/>
        <line num="72" count="0" type="stmt"/>
        <line num="74" count="0" type="cond" truecount="0" falsecount="4"/>
        <line num="75" count="0" type="stmt"/>
        <line num="76" count="0" type="stmt"/>
        <line num="82" count="0" type="stmt"/>
        <line num="83" count="0" type="stmt"/>
        <line num="84" count="0" type="stmt"/>
        <line num="85" count="0" type="stmt"/>
        <line num="86" count="0" type="stmt"/>
        <line num="88" count="0" type="stmt"/>
        <line num="92" count="0" type="stmt"/>
        <line num="93" count="0" type="stmt"/>
        <line num="94" count="0" type="stmt"/>
        <line num="95" count="0" type="stmt"/>
        <line num="96" count="0" type="stmt"/>
        <line num="99" count="0" type="stmt"/>
        <line num="100" count="0" type="cond" truecount="0" falsecount="2"/>
        <line num="101" count="0" type="stmt"/>
        <line num="102" count="0" type="cond" truecount="0" falsecount="2"/>
        <line num="103" count="0" type="cond" truecount="0" falsecount="2"/>
        <line num="104" count="0" type="cond" truecount="0" falsecount="2"/>
        <line num="105" count="0" type="cond" truecount="0" falsecount="4"/>
        <line num="106" count="0" type="stmt"/>
        <line num="107" count="0" type="stmt"/>
        <line num="109" count="0" type="cond" truecount="0" falsecount="2"/>
        <line num="110" count="0" type="cond" truecount="0" falsecount="5"/>
        <line num="111" count="0" type="stmt"/>
        <line num="112" count="0" type="stmt"/>
        <line num="114" count="0" type="stmt"/>
        <line num="115" count="0" type="cond" truecount="0" falsecount="2"/>
        <line num="116" count="0" type="stmt"/>
        <line num="118" count="0" type="cond" truecount="0" falsecount="2"/>
        <line num="119" count="0" type="stmt"/>
        <line num="121" count="0" type="stmt"/>
        <line num="122" count="0" type="stmt"/>
        <line num="127" count="0" type="cond" truecount="0" falsecount="2"/>
        <line num="128" count="0" type="stmt"/>
        <line num="129" count="0" type="stmt"/>
        <line num="130" count="0" type="stmt"/>
        <line num="132" count="0" type="stmt"/>
        <line num="136" count="0" type="stmt"/>
        <line num="137" count="0" type="cond" truecount="0" falsecount="2"/>
        <line num="138" count="0" type="stmt"/>
        <line num="139" count="0" type="stmt"/>
        <line num="140" count="0" type="stmt"/>
        <line num="142" count="0" type="stmt"/>
        <line num="145" count="172" type="stmt"/>
        <line num="146" count="172" type="stmt"/>
        <line num="147" count="18" type="cond" truecount="1" falsecount="1"/>
        <line num="148" count="18" type="stmt"/>
        <line num="149" count="18" type="cond" truecount="1" falsecount="1"/>
        <line num="150" count="0" type="stmt"/>
        <line num="155" count="18" type="cond" truecount="1" falsecount="1"/>
        <line num="156" count="0" type="stmt"/>
        <line num="163" count="172" type="cond" truecount="1" falsecount="1"/>
        <line num="164" count="172" type="stmt"/>
        <line num="214" count="0" type="cond" truecount="0" falsecount="2"/>
        <line num="215" count="0" type="stmt"/>
        <line num="216" count="0" type="cond" truecount="0" falsecount="2"/>
        <line num="217" count="0" type="stmt"/>
        <line num="218" count="0" type="stmt"/>
        <line num="219" count="0" type="cond" truecount="0" falsecount="6"/>
        <line num="221" count="0" type="stmt"/>
        <line num="222" count="0" type="stmt"/>
        <line num="223" count="0" type="stmt"/>
        <line num="225" count="0" type="stmt"/>
        <line num="226" count="0" type="stmt"/>
        <line num="227" count="0" type="stmt"/>
        <line num="229" count="0" type="stmt"/>
        <line num="230" count="0" type="stmt"/>
        <line num="231" count="0" type="stmt"/>
        <line num="233" count="0" type="stmt"/>
        <line num="234" count="0" type="stmt"/>
        <line num="235" count="0" type="stmt"/>
        <line num="238" count="0" type="stmt"/>
        <line num="239" count="0" type="stmt"/>
        <line num="241" count="0" type="stmt"/>
        <line num="305" count="16" type="cond" truecount="2" falsecount="0"/>
        <line num="321" count="22" type="stmt"/>
        <line num="338" count="0" type="stmt"/>
        <line num="356" count="0" type="stmt"/>
        <line num="392" count="0" type="stmt"/>
        <line num="421" count="0" type="stmt"/>
        <line num="449" count="0" type="stmt"/>
        <line num="481" count="0" type="stmt"/>
        <line num="536" count="0" type="stmt"/>
        <line num="537" count="0" type="stmt"/>
        <line num="538" count="0" type="stmt"/>
        <line num="539" count="0" type="stmt"/>
        <line num="540" count="0" type="stmt"/>
        <line num="575" count="0" type="stmt"/>
        <line num="576" count="0" type="stmt"/>
        <line num="608" count="0" type="stmt"/>
        <line num="636" count="0" type="stmt"/>
        <line num="664" count="0" type="stmt"/>
        <line num="692" count="0" type="stmt"/>
        <line num="693" count="0" type="stmt"/>
        <line num="694" count="0" type="stmt"/>
        <line num="695" count="0" type="stmt"/>
        <line num="730" count="0" type="stmt"/>
        <line num="731" count="0" type="stmt"/>
        <line num="767" count="0" type="stmt"/>
        <line num="810" count="0" type="stmt"/>
      </file>
    </package>
    <package name="src.pages.Landing">
      <metrics statements="16" coveredstatements="15" conditionals="6" coveredconditionals="2" methods="7" coveredmethods="5"/>
      <file name="Landing.cy.tsx" path="C:/Users/ivans/Documents/2 курс 2 семестер/web/clario/src/pages/Landing/Landing.cy.tsx">
        <metrics statements="8" coveredstatements="8" conditionals="0" coveredconditionals="0" methods="3" coveredmethods="3"/>
        <line num="5" count="30" type="stmt"/>
        <line num="6" count="30" type="stmt"/>
        <line num="7" count="30" type="stmt"/>
        <line num="18" count="30" type="stmt"/>
        <line num="19" count="30" type="stmt"/>
        <line num="21" count="30" type="stmt"/>
        <line num="22" count="20" type="stmt"/>
        <line num="33" count="20" type="stmt"/>
      </file>
      <file name="index.tsx" path="C:/Users/ivans/Documents/2 курс 2 семестер/web/clario/src/pages/Landing/index.tsx">
        <metrics statements="8" coveredstatements="7" conditionals="6" coveredconditionals="2" methods="4" coveredmethods="2"/>
        <line num="5" count="30" type="stmt"/>
        <line num="28" count="50" type="stmt"/>
        <line num="29" count="50" type="stmt"/>
        <line num="30" count="50" type="stmt"/>
        <line num="31" count="50" type="stmt"/>
        <line num="268" count="250" type="stmt"/>
        <line num="269" count="250" type="stmt"/>
        <line num="281" count="0" type="cond" truecount="0" falsecount="2"/>
      </file>
    </package>
    <package name="src.pages.NotFound">
      <metrics statements="6" coveredstatements="6" conditionals="0" coveredconditionals="0" methods="3" coveredmethods="3"/>
      <file name="NotFound.cy.tsx" path="C:/Users/ivans/Documents/2 курс 2 семестер/web/clario/src/pages/NotFound/NotFound.cy.tsx">
        <metrics statements="5" coveredstatements="5" conditionals="0" coveredconditionals="0" methods="2" coveredmethods="2"/>
        <line num="5" count="20" type="stmt"/>
        <line num="6" count="20" type="stmt"/>
        <line num="7" count="20" type="stmt"/>
        <line num="18" count="20" type="stmt"/>
        <line num="19" count="20" type="stmt"/>
      </file>
      <file name="index.tsx" path="C:/Users/ivans/Documents/2 курс 2 семестер/web/clario/src/pages/NotFound/index.tsx">
        <metrics statements="1" coveredstatements="1" conditionals="0" coveredconditionals="0" methods="1" coveredmethods="1"/>
        <line num="5" count="20" type="stmt"/>
      </file>
    </package>
    <package name="src.pages.Profile">
      <metrics statements="26" coveredstatements="21" conditionals="26" coveredconditionals="21" methods="6" coveredmethods="5"/>
      <file name="Profile.cy.tsx" path="C:/Users/ivans/Documents/2 курс 2 семестер/web/clario/src/pages/Profile/Profile.cy.tsx">
        <metrics statements="9" coveredstatements="9" conditionals="0" coveredconditionals="0" methods="3" coveredmethods="3"/>
        <line num="6" count="20" type="stmt"/>
        <line num="13" count="20" type="stmt"/>
        <line num="14" count="20" type="stmt"/>
        <line num="15" count="20" type="stmt"/>
        <line num="17" count="20" type="stmt"/>
        <line num="18" count="20" type="stmt"/>
        <line num="33" count="20" type="stmt"/>
        <line num="34" count="20" type="stmt"/>
        <line num="35" count="20" type="stmt"/>
      </file>
      <file name="index.tsx" path="C:/Users/ivans/Documents/2 курс 2 семестер/web/clario/src/pages/Profile/index.tsx">
        <metrics statements="17" coveredstatements="12" conditionals="26" coveredconditionals="21" methods="3" coveredmethods="2"/>
        <line num="7" count="40" type="stmt"/>
        <line num="8" count="40" type="stmt"/>
        <line num="9" count="40" type="stmt"/>
        <line num="10" count="40" type="cond" truecount="2" falsecount="0"/>
        <line num="11" count="20" type="cond" truecount="3" falsecount="1"/>
        <line num="12" count="20" type="stmt"/>
        <line num="14" count="0" type="cond" truecount="0" falsecount="2"/>
        <line num="15" count="0" type="cond" truecount="0" falsecount="2"/>
        <line num="16" count="0" type="stmt"/>
        <line num="18" count="40" type="cond" truecount="2" falsecount="0"/>
        <line num="19" count="40" type="cond" truecount="2" falsecount="0"/>
        <line num="20" count="40" type="cond" truecount="2" falsecount="0"/>
        <line num="21" count="40" type="cond" truecount="2" falsecount="0"/>
        <line num="22" count="40" type="cond" truecount="6" falsecount="0"/>
        <line num="24" count="0" type="stmt"/>
        <line num="25" count="0" type="stmt"/>
        <line num="27" count="40" type="stmt"/>
      </file>
    </package>
    <package name="src.routes">
      <metrics statements="54" coveredstatements="52" conditionals="10" coveredconditionals="10" methods="28" coveredmethods="25"/>
      <file name="ProtectedRoute.cy.tsx" path="C:/Users/ivans/Documents/2 курс 2 семестер/web/clario/src/routes/ProtectedRoute.cy.tsx">
        <metrics statements="33" coveredstatements="33" conditionals="4" coveredconditionals="4" methods="18" coveredmethods="18"/>
        <line num="6" count="9" type="stmt"/>
        <line num="7" count="21" type="stmt"/>
        <line num="13" count="6" type="stmt"/>
        <line num="14" count="45" type="cond" truecount="2" falsecount="0"/>
        <line num="15" count="41" type="stmt"/>
        <line num="17" count="41" type="stmt"/>
        <line num="19" count="15" type="stmt"/>
        <line num="27" count="15" type="stmt"/>
        <line num="30" count="15" type="stmt"/>
        <line num="35" count="35" type="stmt"/>
        <line num="39" count="11" type="stmt"/>
        <line num="40" count="11" type="stmt"/>
        <line num="41" count="21" type="stmt"/>
        <line num="42" count="21" type="stmt"/>
        <line num="43" count="24" type="stmt"/>
        <line num="44" count="30" type="stmt"/>
        <line num="45" count="30" type="stmt"/>
        <line num="47" count="30" type="stmt"/>
        <line num="48" count="28" type="stmt"/>
        <line num="49" count="28" type="stmt"/>
        <line num="62" count="21" type="stmt"/>
        <line num="63" count="24" type="stmt"/>
        <line num="64" count="24" type="stmt"/>
        <line num="65" count="19" type="stmt"/>
        <line num="67" count="17" type="stmt"/>
        <line num="68" count="17" type="stmt"/>
        <line num="69" count="17" type="stmt"/>
        <line num="70" count="17" type="stmt"/>
        <line num="72" count="17" type="stmt"/>
        <line num="73" count="16" type="stmt"/>
        <line num="74" count="16" type="stmt"/>
        <line num="75" count="16" type="stmt"/>
        <line num="84" count="14" type="stmt"/>
      </file>
      <file name="ProtectedRoute.tsx" path="C:/Users/ivans/Documents/2 курс 2 семестер/web/clario/src/routes/ProtectedRoute.tsx">
        <metrics statements="4" coveredstatements="4" conditionals="2" coveredconditionals="2" methods="1" coveredmethods="1"/>
        <line num="5" count="51" type="stmt"/>
        <line num="6" count="51" type="cond" truecount="2" falsecount="0"/>
        <line num="7" count="33" type="stmt"/>
        <line num="13" count="18" type="stmt"/>
      </file>
      <file name="PublicRoute.cy.tsx" path="C:/Users/ivans/Documents/2 курс 2 семестер/web/clario/src/routes/PublicRoute.cy.tsx">
        <metrics statements="13" coveredstatements="11" conditionals="2" coveredconditionals="2" methods="8" coveredmethods="5"/>
        <line num="7" count="30" type="stmt"/>
        <line num="14" count="50" type="stmt"/>
        <line num="15" count="50" type="stmt"/>
        <line num="27" count="0" type="stmt"/>
        <line num="30" count="0" type="stmt"/>
        <line num="35" count="50" type="stmt"/>
        <line num="41" count="30" type="stmt"/>
        <line num="42" count="30" type="stmt"/>
        <line num="43" count="30" type="stmt"/>
        <line num="62" count="30" type="stmt"/>
        <line num="64" count="30" type="stmt"/>
        <line num="65" count="20" type="stmt"/>
        <line num="84" count="20" type="stmt"/>
      </file>
      <file name="PublicRoute.tsx" path="C:/Users/ivans/Documents/2 курс 2 семестер/web/clario/src/routes/PublicRoute.tsx">
        <metrics statements="4" coveredstatements="4" conditionals="2" coveredconditionals="2" methods="1" coveredmethods="1"/>
        <line num="5" count="50" type="stmt"/>
        <line num="6" count="50" type="cond" truecount="2" falsecount="0"/>
        <line num="7" count="20" type="stmt"/>
        <line num="13" count="30" type="stmt"/>
      </file>
      <file name="index.tsx" path="C:/Users/ivans/Documents/2 курс 2 семестер/web/clario/src/routes/index.tsx">
        <metrics statements="0" coveredstatements="0" conditionals="0" coveredconditionals="0" methods="0" coveredmethods="0"/>
      </file>
    </package>
    <package name="src.services">
      <metrics statements="39" coveredstatements="38" conditionals="27" coveredconditionals="25" methods="24" coveredmethods="23"/>
      <file name="analytics.api.ts" path="C:/Users/ivans/Documents/2 курс 2 семестер/web/clario/src/services/analytics.api.ts">
        <metrics statements="4" coveredstatements="4" conditionals="4" coveredconditionals="4" methods="2" coveredmethods="2"/>
        <line num="17" count="20" type="stmt"/>
        <line num="18" count="20" type="cond" truecount="2" falsecount="0"/>
        <line num="22" count="20" type="stmt"/>
        <line num="23" count="20" type="cond" truecount="2" falsecount="0"/>
      </file>
      <file name="auth.api.ts" path="C:/Users/ivans/Documents/2 курс 2 семестер/web/clario/src/services/auth.api.ts">
        <metrics statements="6" coveredstatements="6" conditionals="0" coveredconditionals="0" methods="3" coveredmethods="3"/>
        <line num="29" count="40" type="stmt"/>
        <line num="30" count="40" type="stmt"/>
        <line num="34" count="20" type="stmt"/>
        <line num="35" count="20" type="stmt"/>
        <line num="39" count="20" type="stmt"/>
        <line num="40" count="20" type="stmt"/>
      </file>
      <file name="goals.api.ts" path="C:/Users/ivans/Documents/2 курс 2 семестер/web/clario/src/services/goals.api.ts">
        <metrics statements="8" coveredstatements="8" conditionals="4" coveredconditionals="4" methods="5" coveredmethods="5"/>
        <line num="17" count="53" type="stmt"/>
        <line num="31" count="133" type="stmt"/>
        <line num="32" count="81" type="stmt"/>
        <line num="36" count="20" type="stmt"/>
        <line num="37" count="20" type="stmt"/>
        <line num="41" count="20" type="stmt"/>
        <line num="42" count="20" type="stmt"/>
        <line num="46" count="20" type="stmt"/>
      </file>
      <file name="services.cy.tsx" path="C:/Users/ivans/Documents/2 курс 2 семестер/web/clario/src/services/services.cy.tsx">
        <metrics statements="13" coveredstatements="13" conditionals="0" coveredconditionals="0" methods="10" coveredmethods="10"/>
        <line num="8" count="60" type="stmt"/>
        <line num="9" count="180" type="stmt"/>
        <line num="12" count="60" type="stmt"/>
        <line num="14" count="180" type="stmt"/>
        <line num="15" count="180" type="stmt"/>
        <line num="16" count="20" type="stmt"/>
        <line num="21" count="20" type="stmt"/>
        <line num="22" count="20" type="stmt"/>
        <line num="23" count="20" type="stmt"/>
        <line num="25" count="20" type="stmt"/>
        <line num="26" count="20" type="stmt"/>
        <line num="27" count="20" type="stmt"/>
        <line num="28" count="20" type="stmt"/>
      </file>
      <file name="transactions.api.ts" path="C:/Users/ivans/Documents/2 курс 2 семестер/web/clario/src/services/transactions.api.ts">
        <metrics statements="8" coveredstatements="7" conditionals="19" coveredconditionals="17" methods="4" coveredmethods="3"/>
        <line num="18" count="23" type="cond" truecount="4" falsecount="0"/>
        <line num="20" count="23" type="stmt"/>
        <line num="34" count="106" type="stmt"/>
        <line num="35" count="82" type="stmt"/>
        <line num="39" count="10" type="stmt"/>
        <line num="48" count="10" type="stmt"/>
        <line num="49" count="10" type="stmt"/>
        <line num="53" count="0" type="stmt"/>
      </file>
    </package>
    <package name="src.shared">
      <metrics statements="12" coveredstatements="12" conditionals="0" coveredconditionals="0" methods="6" coveredmethods="6"/>
      <file name="coverage-helper.cy.tsx" path="C:/Users/ivans/Documents/2 курс 2 семестер/web/clario/src/shared/coverage-helper.cy.tsx">
        <metrics statements="12" coveredstatements="12" conditionals="0" coveredconditionals="0" methods="6" coveredmethods="6"/>
        <line num="7" count="4" type="stmt"/>
        <line num="8" count="4" type="stmt"/>
        <line num="9" count="4" type="stmt"/>
        <line num="10" count="4" type="stmt"/>
        <line num="11" count="24" type="stmt"/>
        <line num="13" count="24" type="stmt"/>
        <line num="14" count="42" type="stmt"/>
        <line num="16" count="22" type="stmt"/>
        <line num="18" count="22" type="stmt"/>
        <line num="19" count="22" type="stmt"/>
        <line num="21" count="44" type="stmt"/>
        <line num="23" count="22" type="stmt"/>
      </file>
    </package>
    <package name="src.shared.context">
      <metrics statements="74" coveredstatements="42" conditionals="24" coveredconditionals="9" methods="13" coveredmethods="7"/>
      <file name="AuthContext.tsx" path="C:/Users/ivans/Documents/2 курс 2 семестер/web/clario/src/shared/context/AuthContext.tsx">
        <metrics statements="74" coveredstatements="42" conditionals="24" coveredconditionals="9" methods="13" coveredmethods="7"/>
        <line num="9" count="208" type="stmt"/>
        <line num="10" count="208" type="stmt"/>
        <line num="12" count="412" type="stmt"/>
        <line num="13" count="412" type="stmt"/>
        <line num="14" count="412" type="stmt"/>
        <line num="15" count="412" type="stmt"/>
        <line num="16" count="20" type="cond" truecount="1" falsecount="1"/>
        <line num="17" count="20" type="cond" truecount="1" falsecount="1"/>
        <line num="18" count="0" type="stmt"/>
        <line num="19" count="0" type="stmt"/>
        <line num="21" count="20" type="stmt"/>
        <line num="23" count="412" type="stmt"/>
        <line num="24" count="0" type="stmt"/>
        <line num="25" count="0" type="stmt"/>
        <line num="26" count="0" type="stmt"/>
        <line num="27" count="0" type="stmt"/>
        <line num="29" count="412" type="stmt"/>
        <line num="30" count="222" type="cond" truecount="1" falsecount="1"/>
        <line num="31" count="222" type="stmt"/>
        <line num="32" count="222" type="cond" truecount="2" falsecount="0"/>
        <line num="33" count="138" type="stmt"/>
        <line num="34" count="138" type="stmt"/>
        <line num="35" count="138" type="stmt"/>
        <line num="37" count="0" type="stmt"/>
        <line num="40" count="222" type="stmt"/>
        <line num="41" count="222" type="cond" truecount="1" falsecount="1"/>
        <line num="42" count="222" type="stmt"/>
        <line num="44" count="0" type="stmt"/>
        <line num="45" count="0" type="stmt"/>
        <line num="46" count="0" type="stmt"/>
        <line num="48" count="0" type="stmt"/>
        <line num="51" count="412" type="stmt"/>
        <line num="52" count="222" type="cond" truecount="1" falsecount="1"/>
        <line num="53" count="222" type="stmt"/>
        <line num="55" count="0" type="stmt"/>
        <line num="57" count="222" type="stmt"/>
        <line num="58" count="222" type="stmt"/>
        <line num="59" count="91" type="stmt"/>
        <line num="62" count="412" type="stmt"/>
        <line num="64" count="0" type="cond" truecount="0" falsecount="2"/>
        <line num="65" count="0" type="cond" truecount="0" falsecount="6"/>
        <line num="66" count="0" type="stmt"/>
        <line num="68" count="0" type="stmt"/>
        <line num="69" count="0" type="cond" truecount="0" falsecount="2"/>
        <line num="72" count="0" type="stmt"/>
        <line num="73" count="0" type="stmt"/>
        <line num="74" count="0" type="stmt"/>
        <line num="75" count="0" type="stmt"/>
        <line num="76" count="0" type="stmt"/>
        <line num="77" count="0" type="stmt"/>
        <line num="78" count="0" type="stmt"/>
        <line num="79" count="0" type="stmt"/>
        <line num="81" count="0" type="stmt"/>
        <line num="82" count="0" type="stmt"/>
        <line num="83" count="0" type="stmt"/>
        <line num="85" count="0" type="stmt"/>
        <line num="89" count="20" type="stmt"/>
        <line num="90" count="20" type="stmt"/>
        <line num="91" count="20" type="stmt"/>
        <line num="92" count="20" type="stmt"/>
        <line num="93" count="20" type="stmt"/>
        <line num="94" count="20" type="stmt"/>
        <line num="95" count="20" type="stmt"/>
        <line num="96" count="20" type="stmt"/>
        <line num="98" count="0" type="stmt"/>
        <line num="99" count="0" type="stmt"/>
        <line num="100" count="0" type="stmt"/>
        <line num="102" count="20" type="stmt"/>
        <line num="105" count="412" type="stmt"/>
        <line num="114" count="412" type="stmt"/>
        <line num="121" count="2337" type="stmt"/>
        <line num="122" count="2329" type="cond" truecount="2" falsecount="0"/>
        <line num="123" count="84" type="stmt"/>
        <line num="125" count="2245" type="stmt"/>
      </file>
    </package>
    <package name="src.shared.hooks">
      <metrics statements="37" coveredstatements="24" conditionals="10" coveredconditionals="4" methods="12" coveredmethods="7"/>
      <file name="useTransactions.ts" path="C:/Users/ivans/Documents/2 курс 2 семестер/web/clario/src/shared/hooks/useTransactions.ts">
        <metrics statements="37" coveredstatements="24" conditionals="10" coveredconditionals="4" methods="12" coveredmethods="7"/>
        <line num="5" count="791" type="stmt"/>
        <line num="6" count="791" type="stmt"/>
        <line num="7" count="791" type="stmt"/>
        <line num="8" count="791" type="stmt"/>
        <line num="9" count="791" type="stmt"/>
        <line num="10" count="791" type="stmt"/>
        <line num="11" count="218" type="cond" truecount="2" falsecount="0"/>
        <line num="12" count="106" type="stmt"/>
        <line num="13" count="106" type="stmt"/>
        <line num="14" count="106" type="stmt"/>
        <line num="15" count="82" type="stmt"/>
        <line num="16" count="82" type="stmt"/>
        <line num="18" count="0" type="stmt"/>
        <line num="20" count="82" type="stmt"/>
        <line num="23" count="791" type="stmt"/>
        <line num="24" count="205" type="stmt"/>
        <line num="25" count="205" type="cond" truecount="1" falsecount="1"/>
        <line num="26" count="0" type="cond" truecount="0" falsecount="2"/>
        <line num="29" count="10" type="cond" truecount="1" falsecount="1"/>
        <line num="30" count="10" type="stmt"/>
        <line num="31" count="10" type="stmt"/>
        <line num="32" count="10" type="stmt"/>
        <line num="33" count="10" type="stmt"/>
        <line num="40" count="10" type="stmt"/>
        <line num="42" count="0" type="stmt"/>
        <line num="43" count="0" type="stmt"/>
        <line num="45" count="10" type="stmt"/>
        <line num="49" count="0" type="cond" truecount="0" falsecount="2"/>
        <line num="50" count="0" type="stmt"/>
        <line num="51" count="0" type="stmt"/>
        <line num="52" count="0" type="stmt"/>
        <line num="53" count="0" type="stmt"/>
        <line num="54" count="0" type="stmt"/>
        <line num="56" count="0" type="stmt"/>
        <line num="57" count="0" type="stmt"/>
        <line num="59" count="0" type="stmt"/>
        <line num="62" count="791" type="stmt"/>
      </file>
    </package>
    <package name="src.shared.types">
      <metrics statements="0" coveredstatements="0" conditionals="0" coveredconditionals="0" methods="0" coveredmethods="0"/>
      <file name="goals.ts" path="C:/Users/ivans/Documents/2 курс 2 семестер/web/clario/src/shared/types/goals.ts">
        <metrics statements="0" coveredstatements="0" conditionals="0" coveredconditionals="0" methods="0" coveredmethods="0"/>
      </file>
      <file name="transactions.ts" path="C:/Users/ivans/Documents/2 курс 2 семестер/web/clario/src/shared/types/transactions.ts">
        <metrics statements="0" coveredstatements="0" conditionals="0" coveredconditionals="0" methods="0" coveredmethods="0"/>
      </file>
    </package>
    <package name="src.types">
      <metrics statements="0" coveredstatements="0" conditionals="0" coveredconditionals="0" methods="0" coveredmethods="0"/>
      <file name="css.d.ts" path="C:/Users/ivans/Documents/2 курс 2 семестер/web/clario/src/types/css.d.ts">
        <metrics statements="0" coveredstatements="0" conditionals="0" coveredconditionals="0" methods="0" coveredmethods="0"/>
      </file>
    </package>
  </project>
</coverage>
