{"total": {"lines":{"total":1064,"covered":771,"skipped":0,"pct":72.46},"statements":{"total":1273,"covered":937,"skipped":0,"pct":73.6},"functions":{"total":318,"covered":250,"skipped":0,"pct":78.61},"branches":{"total":497,"covered":247,"skipped":0,"pct":49.69},"branchesTrue":{"total":0,"covered":0,"skipped":0,"pct":100}}
,"C:/Users/ivans/Documents/2 курс 2 семестер/web/clario/src/App.tsx": {"lines":{"total":0,"covered":0,"skipped":0,"pct":0},"functions":{"total":0,"covered":0,"skipped":0,"pct":0},"statements":{"total":0,"covered":0,"skipped":0,"pct":0},"branches":{"total":0,"covered":0,"skipped":0,"pct":0}}
,"C:/Users/ivans/Documents/2 курс 2 семестер/web/clario/src/main.tsx": {"lines":{"total":0,"covered":0,"skipped":0,"pct":0},"functions":{"total":0,"covered":0,"skipped":0,"pct":0},"statements":{"total":0,"covered":0,"skipped":0,"pct":0},"branches":{"total":0,"covered":0,"skipped":0,"pct":0}}
,"C:/Users/ivans/Documents/2 курс 2 семестер/web/clario/src/api/axios.ts": {"lines":{"total":37,"covered":30,"skipped":0,"pct":81.08},"functions":{"total":10,"covered":9,"skipped":0,"pct":90},"statements":{"total":39,"covered":30,"skipped":0,"pct":76.92},"branches":{"total":17,"covered":10,"skipped":0,"pct":58.82}}
,"C:/Users/ivans/Documents/2 курс 2 семестер/web/clario/src/app/index.tsx": {"lines":{"total":0,"covered":0,"skipped":0,"pct":0},"functions":{"total":0,"covered":0,"skipped":0,"pct":0},"statements":{"total":0,"covered":0,"skipped":0,"pct":0},"branches":{"total":0,"covered":0,"skipped":0,"pct":0}}
,"C:/Users/ivans/Documents/2 курс 2 семестер/web/clario/src/dev/DevNav.cy.tsx": {"lines":{"total":0,"covered":0,"skipped":0,"pct":0},"functions":{"total":0,"covered":0,"skipped":0,"pct":0},"statements":{"total":0,"covered":0,"skipped":0,"pct":0},"branches":{"total":0,"covered":0,"skipped":0,"pct":0}}
,"C:/Users/ivans/Documents/2 курс 2 семестер/web/clario/src/pages/Assistant/Assistant.cy.tsx": {"lines":{"total":9,"covered":9,"skipped":0,"pct":100},"functions":{"total":3,"covered":3,"skipped":0,"pct":100},"statements":{"total":9,"covered":9,"skipped":0,"pct":100},"branches":{"total":0,"covered":0,"skipped":0,"pct":100}}
,"C:/Users/ivans/Documents/2 курс 2 семестер/web/clario/src/pages/Assistant/index.tsx": {"lines":{"total":1,"covered":1,"skipped":0,"pct":100},"functions":{"total":1,"covered":1,"skipped":0,"pct":100},"statements":{"total":1,"covered":1,"skipped":0,"pct":100},"branches":{"total":0,"covered":0,"skipped":0,"pct":100}}
,"C:/Users/ivans/Documents/2 курс 2 семестер/web/clario/src/pages/Auth/index.tsx": {"lines":{"total":0,"covered":0,"skipped":0,"pct":0},"functions":{"total":0,"covered":0,"skipped":0,"pct":0},"statements":{"total":0,"covered":0,"skipped":0,"pct":0},"branches":{"total":0,"covered":0,"skipped":0,"pct":0}}
,"C:/Users/ivans/Documents/2 курс 2 семестер/web/clario/src/pages/Auth/Login/Login.cy.tsx": {"lines":{"total":15,"covered":15,"skipped":0,"pct":100},"functions":{"total":6,"covered":6,"skipped":0,"pct":100},"statements":{"total":15,"covered":15,"skipped":0,"pct":100},"branches":{"total":0,"covered":0,"skipped":0,"pct":100}}
,"C:/Users/ivans/Documents/2 курс 2 семестер/web/clario/src/pages/Auth/Login/index.tsx": {"lines":{"total":18,"covered":17,"skipped":0,"pct":94.44},"functions":{"total":4,"covered":4,"skipped":0,"pct":100},"statements":{"total":18,"covered":17,"skipped":0,"pct":94.44},"branches":{"total":10,"covered":10,"skipped":0,"pct":100}}
,"C:/Users/ivans/Documents/2 курс 2 семестер/web/clario/src/pages/Auth/Register/Register.cy.tsx": {"lines":{"total":40,"covered":40,"skipped":0,"pct":100},"functions":{"total":18,"covered":18,"skipped":0,"pct":100},"statements":{"total":55,"covered":55,"skipped":0,"pct":100},"branches":{"total":0,"covered":0,"skipped":0,"pct":100}}
,"C:/Users/ivans/Documents/2 курс 2 семестер/web/clario/src/pages/Auth/Register/index.tsx": {"lines":{"total":53,"covered":26,"skipped":0,"pct":49.05},"functions":{"total":8,"covered":6,"skipped":0,"pct":75},"statements":{"total":53,"covered":26,"skipped":0,"pct":49.05},"branches":{"total":30,"covered":7,"skipped":0,"pct":23.33}}
,"C:/Users/ivans/Documents/2 курс 2 семестер/web/clario/src/pages/BalanceAndTransactions/BalanceAndTransactions.cy.tsx": {"lines":{"total":65,"covered":65,"skipped":0,"pct":100},"functions":{"total":26,"covered":26,"skipped":0,"pct":100},"statements":{"total":102,"covered":102,"skipped":0,"pct":100},"branches":{"total":2,"covered":0,"skipped":0,"pct":0}}
,"C:/Users/ivans/Documents/2 курс 2 семестер/web/clario/src/pages/BalanceAndTransactions/index.tsx": {"lines":{"total":206,"covered":152,"skipped":0,"pct":73.78},"functions":{"total":37,"covered":21,"skipped":0,"pct":56.75},"statements":{"total":227,"covered":164,"skipped":0,"pct":72.24},"branches":{"total":137,"covered":80,"skipped":0,"pct":58.39}}
,"C:/Users/ivans/Documents/2 курс 2 семестер/web/clario/src/pages/Dashboard/Dashboard.cy.tsx": {"lines":{"total":49,"covered":49,"skipped":0,"pct":100},"functions":{"total":22,"covered":22,"skipped":0,"pct":100},"statements":{"total":83,"covered":83,"skipped":0,"pct":100},"branches":{"total":2,"covered":0,"skipped":0,"pct":0}}
,"C:/Users/ivans/Documents/2 курс 2 семестер/web/clario/src/pages/Dashboard/index.tsx": {"lines":{"total":108,"covered":72,"skipped":0,"pct":66.66},"functions":{"total":16,"covered":13,"skipped":0,"pct":81.25},"statements":{"total":122,"covered":76,"skipped":0,"pct":62.29},"branches":{"total":96,"covered":42,"skipped":0,"pct":43.75}}
,"C:/Users/ivans/Documents/2 курс 2 семестер/web/clario/src/pages/Goals/Goals.cy.tsx": {"lines":{"total":45,"covered":45,"skipped":0,"pct":100},"functions":{"total":29,"covered":29,"skipped":0,"pct":100},"statements":{"total":90,"covered":90,"skipped":0,"pct":100},"branches":{"total":1,"covered":0,"skipped":0,"pct":0}}
,"C:/Users/ivans/Documents/2 курс 2 семестер/web/clario/src/pages/Goals/index.tsx": {"lines":{"total":154,"covered":40,"skipped":0,"pct":25.97},"functions":{"total":39,"covered":11,"skipped":0,"pct":28.2},"statements":{"total":167,"covered":43,"skipped":0,"pct":25.74},"branches":{"total":99,"covered":27,"skipped":0,"pct":27.27}}
,"C:/Users/ivans/Documents/2 курс 2 семестер/web/clario/src/pages/Landing/Landing.cy.tsx": {"lines":{"total":8,"covered":8,"skipped":0,"pct":100},"functions":{"total":3,"covered":3,"skipped":0,"pct":100},"statements":{"total":8,"covered":8,"skipped":0,"pct":100},"branches":{"total":0,"covered":0,"skipped":0,"pct":100}}
,"C:/Users/ivans/Documents/2 курс 2 семестер/web/clario/src/pages/Landing/index.tsx": {"lines":{"total":8,"covered":7,"skipped":0,"pct":87.5},"functions":{"total":4,"covered":2,"skipped":0,"pct":50},"statements":{"total":9,"covered":7,"skipped":0,"pct":77.77},"branches":{"total":6,"covered":2,"skipped":0,"pct":33.33}}
,"C:/Users/ivans/Documents/2 курс 2 семестер/web/clario/src/pages/NotFound/NotFound.cy.tsx": {"lines":{"total":5,"covered":5,"skipped":0,"pct":100},"functions":{"total":2,"covered":2,"skipped":0,"pct":100},"statements":{"total":5,"covered":5,"skipped":0,"pct":100},"branches":{"total":0,"covered":0,"skipped":0,"pct":100}}
,"C:/Users/ivans/Documents/2 курс 2 семестер/web/clario/src/pages/NotFound/index.tsx": {"lines":{"total":1,"covered":1,"skipped":0,"pct":100},"functions":{"total":1,"covered":1,"skipped":0,"pct":100},"statements":{"total":1,"covered":1,"skipped":0,"pct":100},"branches":{"total":0,"covered":0,"skipped":0,"pct":100}}
,"C:/Users/ivans/Documents/2 курс 2 семестер/web/clario/src/pages/Profile/Profile.cy.tsx": {"lines":{"total":9,"covered":9,"skipped":0,"pct":100},"functions":{"total":3,"covered":3,"skipped":0,"pct":100},"statements":{"total":9,"covered":9,"skipped":0,"pct":100},"branches":{"total":0,"covered":0,"skipped":0,"pct":100}}
,"C:/Users/ivans/Documents/2 курс 2 семестер/web/clario/src/pages/Profile/index.tsx": {"lines":{"total":17,"covered":12,"skipped":0,"pct":70.58},"functions":{"total":3,"covered":2,"skipped":0,"pct":66.66},"statements":{"total":20,"covered":13,"skipped":0,"pct":65},"branches":{"total":26,"covered":21,"skipped":0,"pct":80.76}}
,"C:/Users/ivans/Documents/2 курс 2 семестер/web/clario/src/routes/ProtectedRoute.cy.tsx": {"lines":{"total":33,"covered":33,"skipped":0,"pct":100},"functions":{"total":18,"covered":18,"skipped":0,"pct":100},"statements":{"total":41,"covered":41,"skipped":0,"pct":100},"branches":{"total":4,"covered":4,"skipped":0,"pct":100}}
,"C:/Users/ivans/Documents/2 курс 2 семестер/web/clario/src/routes/ProtectedRoute.tsx": {"lines":{"total":4,"covered":4,"skipped":0,"pct":100},"functions":{"total":1,"covered":1,"skipped":0,"pct":100},"statements":{"total":4,"covered":4,"skipped":0,"pct":100},"branches":{"total":2,"covered":2,"skipped":0,"pct":100}}
,"C:/Users/ivans/Documents/2 курс 2 семестер/web/clario/src/routes/PublicRoute.cy.tsx": {"lines":{"total":13,"covered":11,"skipped":0,"pct":84.61},"functions":{"total":8,"covered":5,"skipped":0,"pct":62.5},"statements":{"total":13,"covered":11,"skipped":0,"pct":84.61},"branches":{"total":2,"covered":2,"skipped":0,"pct":100}}
,"C:/Users/ivans/Documents/2 курс 2 семестер/web/clario/src/routes/PublicRoute.tsx": {"lines":{"total":4,"covered":4,"skipped":0,"pct":100},"functions":{"total":1,"covered":1,"skipped":0,"pct":100},"statements":{"total":4,"covered":4,"skipped":0,"pct":100},"branches":{"total":2,"covered":2,"skipped":0,"pct":100}}
,"C:/Users/ivans/Documents/2 курс 2 семестер/web/clario/src/routes/index.tsx": {"lines":{"total":0,"covered":0,"skipped":0,"pct":0},"functions":{"total":0,"covered":0,"skipped":0,"pct":0},"statements":{"total":0,"covered":0,"skipped":0,"pct":0},"branches":{"total":0,"covered":0,"skipped":0,"pct":0}}
,"C:/Users/ivans/Documents/2 курс 2 семестер/web/clario/src/services/analytics.api.ts": {"lines":{"total":4,"covered":4,"skipped":0,"pct":100},"functions":{"total":2,"covered":2,"skipped":0,"pct":100},"statements":{"total":4,"covered":4,"skipped":0,"pct":100},"branches":{"total":4,"covered":4,"skipped":0,"pct":100}}
,"C:/Users/ivans/Documents/2 курс 2 семестер/web/clario/src/services/auth.api.ts": {"lines":{"total":6,"covered":6,"skipped":0,"pct":100},"functions":{"total":3,"covered":3,"skipped":0,"pct":100},"statements":{"total":6,"covered":6,"skipped":0,"pct":100},"branches":{"total":0,"covered":0,"skipped":0,"pct":100}}
,"C:/Users/ivans/Documents/2 курс 2 семестер/web/clario/src/services/goals.api.ts": {"lines":{"total":8,"covered":8,"skipped":0,"pct":100},"functions":{"total":5,"covered":5,"skipped":0,"pct":100},"statements":{"total":8,"covered":8,"skipped":0,"pct":100},"branches":{"total":4,"covered":4,"skipped":0,"pct":100}}
,"C:/Users/ivans/Documents/2 курс 2 семестер/web/clario/src/services/services.cy.tsx": {"lines":{"total":13,"covered":13,"skipped":0,"pct":100},"functions":{"total":10,"covered":10,"skipped":0,"pct":100},"statements":{"total":13,"covered":13,"skipped":0,"pct":100},"branches":{"total":0,"covered":0,"skipped":0,"pct":100}}
,"C:/Users/ivans/Documents/2 курс 2 семестер/web/clario/src/services/transactions.api.ts": {"lines":{"total":8,"covered":7,"skipped":0,"pct":87.5},"functions":{"total":4,"covered":3,"skipped":0,"pct":75},"statements":{"total":8,"covered":7,"skipped":0,"pct":87.5},"branches":{"total":19,"covered":17,"skipped":0,"pct":89.47}}
,"C:/Users/ivans/Documents/2 курс 2 семестер/web/clario/src/shared/coverage-helper.cy.tsx": {"lines":{"total":12,"covered":12,"skipped":0,"pct":100},"functions":{"total":6,"covered":6,"skipped":0,"pct":100},"statements":{"total":16,"covered":16,"skipped":0,"pct":100},"branches":{"total":0,"covered":0,"skipped":0,"pct":100}}
,"C:/Users/ivans/Documents/2 курс 2 семестер/web/clario/src/shared/context/AuthContext.tsx": {"lines":{"total":74,"covered":42,"skipped":0,"pct":56.75},"functions":{"total":13,"covered":7,"skipped":0,"pct":53.84},"statements":{"total":78,"covered":42,"skipped":0,"pct":53.84},"branches":{"total":24,"covered":9,"skipped":0,"pct":37.5}}
,"C:/Users/ivans/Documents/2 курс 2 семестер/web/clario/src/shared/hooks/useTransactions.ts": {"lines":{"total":37,"covered":24,"skipped":0,"pct":64.86},"functions":{"total":12,"covered":7,"skipped":0,"pct":58.33},"statements":{"total":45,"covered":27,"skipped":0,"pct":60},"branches":{"total":10,"covered":4,"skipped":0,"pct":40}}
,"C:/Users/ivans/Documents/2 курс 2 семестер/web/clario/src/shared/types/goals.ts": {"lines":{"total":0,"covered":0,"skipped":0,"pct":0},"functions":{"total":0,"covered":0,"skipped":0,"pct":0},"statements":{"total":0,"covered":0,"skipped":0,"pct":0},"branches":{"total":0,"covered":0,"skipped":0,"pct":0}}
,"C:/Users/ivans/Documents/2 курс 2 семестер/web/clario/src/shared/types/transactions.ts": {"lines":{"total":0,"covered":0,"skipped":0,"pct":0},"functions":{"total":0,"covered":0,"skipped":0,"pct":0},"statements":{"total":0,"covered":0,"skipped":0,"pct":0},"branches":{"total":0,"covered":0,"skipped":0,"pct":0}}
,"C:/Users/ivans/Documents/2 курс 2 семестер/web/clario/src/types/css.d.ts": {"lines":{"total":0,"covered":0,"skipped":0,"pct":0},"functions":{"total":0,"covered":0,"skipped":0,"pct":0},"statements":{"total":0,"covered":0,"skipped":0,"pct":0},"branches":{"total":0,"covered":0,"skipped":0,"pct":0}}
}
