TN:
SF:src\App.tsx
FNF:0
FNH:0
LF:0
LH:0
BRF:0
BRH:0
end_of_record
TN:
SF:src\main.tsx
FNF:0
FNH:0
LF:0
LH:0
BRF:0
BRH:0
end_of_record
TN:
SF:src\api\axios.ts
FN:9,getBaseUrl
FN:19,readToken
FN:28,persistToken
FN:41,clearToken
FN:51,(anonymous_4)
FN:59,(anonymous_5)
FN:63,(anonymous_6)
FN:64,(anonymous_7)
FN:76,getUnauthorizedEventName
FN:80,getTokenKey
FNF:10
FNH:9
FNDA:285,getBaseUrl
FNDA:437,readToken
FNDA:74,persistToken
FNDA:32,clearToken
FNDA:437,(anonymous_4)
FNDA:0,(anonymous_5)
FNDA:353,(anonymous_6)
FNDA:18,(anonymous_7)
FNDA:244,getUnauthorizedEventName
FNDA:244,getTokenKey
DA:3,285
DA:4,285
DA:5,285
DA:10,285
DA:11,0
DA:13,285
DA:14,0
DA:16,285
DA:20,437
DA:21,437
DA:22,437
DA:24,0
DA:29,74
DA:30,74
DA:31,74
DA:32,38
DA:34,36
DA:37,0
DA:42,32
DA:45,285
DA:50,285
DA:52,437
DA:53,437
DA:54,0
DA:55,0
DA:57,437
DA:59,0
DA:62,285
DA:63,353
DA:65,18
DA:66,18
DA:67,10
DA:68,10
DA:69,10
DA:72,18
DA:77,244
DA:81,244
LF:37
LH:30
BRDA:10,0,0,0
BRDA:10,1,0,285
BRDA:10,1,1,285
BRDA:13,2,0,0
BRDA:13,3,0,285
BRDA:13,3,1,285
BRDA:20,4,0,0
BRDA:29,5,0,0
BRDA:31,6,0,38
BRDA:31,6,1,36
BRDA:53,7,0,0
BRDA:54,8,0,0
BRDA:54,8,1,0
BRDA:66,9,0,10
BRDA:66,10,0,18
BRDA:66,10,1,8
BRDA:68,11,0,10
BRF:17
BRH:10
end_of_record
TN:
SF:src\app\index.tsx
FNF:0
FNH:0
LF:0
LH:0
BRF:0
BRH:0
end_of_record
TN:
SF:src\dev\DevNav.cy.tsx
FNF:0
FNH:0
LF:0
LH:0
BRF:0
BRH:0
end_of_record
TN:
SF:src\pages\Assistant\Assistant.cy.tsx
FN:5,(anonymous_0)
FN:6,(anonymous_1)
FN:21,(anonymous_2)
FNF:3
FNH:3
FNDA:30,(anonymous_0)
FNDA:30,(anonymous_1)
FNDA:20,(anonymous_2)
DA:5,30
DA:6,30
DA:7,30
DA:18,30
DA:19,30
DA:21,30
DA:22,20
DA:33,20
DA:34,20
LF:9
LH:9
BRF:0
BRH:0
end_of_record
TN:
SF:src\pages\Assistant\index.tsx
FN:4,Assistant
FNF:1
FNH:1
FNDA:50,Assistant
DA:5,50
LF:1
LH:1
BRF:0
BRH:0
end_of_record
TN:
SF:src\pages\Auth\index.tsx
FNF:0
FNH:0
LF:0
LH:0
BRF:0
BRH:0
end_of_record
TN:
SF:src\pages\Auth\Login\Login.cy.tsx
FN:6,mountLogin
FN:43,(anonymous_1)
FN:44,(anonymous_2)
FN:46,(anonymous_3)
FN:51,(anonymous_4)
FN:53,(anonymous_5)
FNF:6
FNH:6
FNDA:50,mountLogin
FNDA:30,(anonymous_1)
FNDA:30,(anonymous_2)
FNDA:30,(anonymous_3)
FNDA:20,(anonymous_4)
FNDA:20,(anonymous_5)
DA:7,50
DA:19,50
DA:43,30
DA:44,30
DA:45,30
DA:46,30
DA:47,30
DA:49,30
DA:51,30
DA:52,20
DA:53,20
DA:54,20
DA:55,20
DA:56,20
DA:58,20
LF:15
LH:15
BRF:0
BRH:0
end_of_record
TN:
SF:src\pages\Auth\Login\index.tsx
FN:6,Login
FN:12,handleSubmit
FN:114,(anonymous_2)
FN:132,(anonymous_3)
FNF:4
FNH:4
FNDA:660,Login
FNDA:50,handleSubmit
FNDA:320,(anonymous_2)
FNDA:220,(anonymous_3)
DA:7,660
DA:8,660
DA:9,660
DA:10,660
DA:11,660
DA:13,50
DA:14,50
DA:15,50
DA:16,30
DA:17,30
DA:19,20
DA:20,20
DA:21,20
DA:23,0
DA:26,660
DA:27,660
DA:114,320
DA:132,220
LF:18
LH:17
BRDA:15,0,0,30
BRDA:15,0,1,20
BRDA:15,1,0,50
BRDA:15,1,1,20
BRDA:26,2,0,660
BRDA:26,2,1,630
BRDA:175,3,0,660
BRDA:175,3,1,30
BRDA:180,4,0,20
BRDA:180,4,1,640
BRF:10
BRH:10
end_of_record
TN:
SF:src\pages\Auth\Register\Register.cy.tsx
FN:6,mountRegister
FN:43,(anonymous_1)
FN:44,(anonymous_2)
FN:46,(anonymous_3)
FN:51,(anonymous_4)
FN:53,(anonymous_5)
FN:6,(anonymous_0)
FN:7,(anonymous_1)
FN:14,(anonymous_2)
FN:27,(anonymous_3)
FN:32,(anonymous_4)
FN:49,(anonymous_5)
FN:5,(anonymous_0)
FN:18,(anonymous_1)
FN:19,(anonymous_2)
FN:5,(anonymous_0)
FN:16,(anonymous_1)
FN:17,(anonymous_2)
FNF:18
FNH:18
FNDA:25,mountRegister
FNDA:15,(anonymous_1)
FNDA:23,(anonymous_2)
FNDA:23,(anonymous_3)
FNDA:10,(anonymous_4)
FNDA:14,(anonymous_5)
FNDA:8,(anonymous_0)
FNDA:41,(anonymous_1)
FNDA:43,(anonymous_2)
FNDA:33,(anonymous_3)
FNDA:6,(anonymous_4)
FNDA:19,(anonymous_5)
FNDA:2,(anonymous_0)
FNDA:45,(anonymous_1)
FNDA:45,(anonymous_2)
FNDA:6,(anonymous_0)
FNDA:47,(anonymous_1)
FNDA:47,(anonymous_2)
DA:5,8
DA:6,10
DA:7,39
DA:8,41
DA:9,41
DA:10,41
DA:11,41
DA:12,41
DA:14,8
DA:15,18
DA:16,22
DA:17,22
DA:18,24
DA:19,33
DA:20,24
DA:21,24
DA:22,20
DA:27,33
DA:28,33
DA:29,33
DA:30,33
DA:32,8
DA:33,6
DA:43,15
DA:44,23
DA:45,21
DA:46,23
DA:47,23
DA:49,23
DA:50,19
DA:51,15
DA:52,14
DA:53,18
DA:54,14
DA:55,18
DA:56,18
DA:57,18
DA:58,18
DA:59,19
DA:60,18
LF:40
LH:40
BRF:0
BRH:0
end_of_record
TN:
SF:src\pages\Auth\Register\index.tsx
FN:6,Register
FN:16,handleSubmit
FN:165,(anonymous_2)
FN:182,(anonymous_3)
FN:204,(anonymous_4)
FN:222,(anonymous_5)
FN:240,(anonymous_6)
FN:258,(anonymous_7)
FNF:8
FNH:6
FNDA:572,Register
FNDA:15,handleSubmit
FNDA:90,(anonymous_2)
FNDA:160,(anonymous_3)
FNDA:110,(anonymous_4)
FNDA:110,(anonymous_5)
FNDA:0,(anonymous_6)
FNDA:0,(anonymous_7)
DA:7,572
DA:8,558
DA:9,510
DA:10,510
DA:11,510
DA:12,510
DA:13,510
DA:14,510
DA:15,510
DA:17,15
DA:18,15
DA:19,15
DA:20,15
DA:21,15
DA:22,15
DA:23,15
DA:24,15
DA:25,15
DA:26,15
DA:27,15
DA:29,0
DA:30,0
DA:31,0
DA:33,0
DA:34,0
DA:35,0
DA:36,0
DA:38,0
DA:39,0
DA:40,0
DA:41,0
DA:43,0
DA:44,0
DA:45,0
DA:46,0
DA:48,0
DA:49,0
DA:50,0
DA:52,0
DA:53,0
DA:54,0
DA:56,0
DA:57,0
DA:64,0
DA:66,0
DA:69,510
DA:70,510
DA:165,90
DA:182,160
DA:204,110
DA:222,110
DA:240,0
DA:258,0
LF:53
LH:26
BRDA:25,0,0,15
BRDA:25,0,1,0
BRDA:25,1,0,15
BRDA:25,1,1,0
BRDA:25,1,2,0
BRDA:25,1,3,0
BRDA:25,1,4,0
BRDA:25,1,5,0
BRDA:29,2,0,0
BRDA:29,2,1,0
BRDA:29,3,0,0
BRDA:29,3,1,0
BRDA:34,4,0,0
BRDA:34,4,1,0
BRDA:34,5,0,0
BRDA:34,5,1,0
BRDA:39,6,0,0
BRDA:39,6,1,0
BRDA:44,7,0,0
BRDA:44,7,1,0
BRDA:48,8,0,0
BRDA:48,8,1,0
BRDA:52,9,0,0
BRDA:52,9,1,0
BRDA:69,10,0,510
BRDA:69,10,1,495
BRDA:269,11,0,510
BRDA:269,11,1,15
BRDA:274,12,0,0
BRDA:274,12,1,510
BRF:30
BRH:7
end_of_record
TN:
SF:src\pages\BalanceAndTransactions\BalanceAndTransactions.cy.tsx
FN:13,mountBalancePage
FN:51,(anonymous_1)
FN:52,(anonymous_2)
FN:58,(anonymous_3)
FN:61,(anonymous_4)
FN:67,(anonymous_5)
FN:15,mountBalancePage
FN:55,(anonymous_1)
FN:56,(anonymous_2)
FN:62,(anonymous_3)
FN:77,(anonymous_4)
FN:80,(anonymous_5)
FN:86,(anonymous_6)
FN:16,prepareAuth
FN:23,(anonymous_1)
FN:24,(anonymous_2)
FN:47,(anonymous_3)
FN:79,(anonymous_4)
FN:103,(anonymous_5)
FN:13,(anonymous_0)
FN:23,(anonymous_1)
FN:41,(anonymous_2)
FN:42,(anonymous_3)
FN:45,(anonymous_4)
FN:48,(anonymous_5)
FN:53,(anonymous_6)
FNF:26
FNH:26
FNDA:15,mountBalancePage
FNDA:18,(anonymous_1)
FNDA:18,(anonymous_2)
FNDA:19,(anonymous_3)
FNDA:19,(anonymous_4)
FNDA:18,(anonymous_5)
FNDA:9,mountBalancePage
FNDA:16,(anonymous_1)
FNDA:22,(anonymous_2)
FNDA:12,(anonymous_3)
FNDA:14,(anonymous_4)
FNDA:6,(anonymous_5)
FNDA:6,(anonymous_6)
FNDA:63,prepareAuth
FNDA:12,(anonymous_1)
FNDA:21,(anonymous_2)
FNDA:9,(anonymous_3)
FNDA:6,(anonymous_4)
FNDA:4,(anonymous_5)
FNDA:42,(anonymous_0)
FNDA:36,(anonymous_1)
FNDA:24,(anonymous_2)
FNDA:48,(anonymous_3)
FNDA:24,(anonymous_4)
FNDA:18,(anonymous_5)
FNDA:24,(anonymous_6)
DA:6,37
DA:13,16
DA:14,58
DA:15,54
DA:16,51
DA:17,48
DA:18,54
DA:19,15
DA:21,9
DA:23,27
DA:24,39
DA:25,48
DA:26,48
DA:27,48
DA:28,27
DA:29,21
DA:41,24
DA:42,24
DA:43,48
DA:44,33
DA:45,33
DA:46,33
DA:47,12
DA:48,30
DA:49,18
DA:50,18
DA:51,21
DA:52,39
DA:53,39
DA:54,30
DA:55,28
DA:56,34
DA:57,22
DA:58,25
DA:59,22
DA:60,25
DA:61,22
DA:62,19
DA:63,18
DA:64,18
DA:65,18
DA:67,18
DA:68,18
DA:69,18
DA:70,18
DA:72,18
DA:75,12
DA:77,16
DA:78,14
DA:79,14
DA:80,14
DA:81,8
DA:82,8
DA:83,10
DA:84,6
DA:86,14
DA:87,6
DA:88,6
DA:89,6
DA:91,8
DA:102,6
DA:103,6
DA:104,4
DA:105,4
DA:106,4
LF:65
LH:65
BRDA:15,0,0,0
BRDA:15,1,0,0
BRF:2
BRH:0
end_of_record
TN:
SF:src\pages\BalanceAndTransactions\index.tsx
FN:10,parseTransactionDate
FN:43,BalanceAndTransactions
FN:64,(anonymous_2)
FN:77,(anonymous_3)
FN:104,(anonymous_4)
FN:121,(anonymous_5)
FN:122,(anonymous_6)
FN:140,(anonymous_7)
FN:154,(anonymous_8)
FN:181,handleAddTransaction
FN:219,handleDelete
FN:227,handleDeleteSubmit
FN:234,(anonymous_12)
FN:236,(anonymous_13)
FN:247,(anonymous_14)
FN:374,(anonymous_15)
FN:375,(anonymous_16)
FN:437,(anonymous_17)
FN:553,(anonymous_18)
FN:554,(anonymous_19)
FN:576,(anonymous_20)
FN:577,(anonymous_21)
FN:605,(anonymous_22)
FN:637,(anonymous_23)
FN:644,(anonymous_24)
FN:688,(anonymous_25)
FN:725,(anonymous_26)
FN:741,(anonymous_27)
FN:742,(anonymous_28)
FN:742,(anonymous_29)
FN:763,(anonymous_30)
FN:780,(anonymous_31)
FN:891,(anonymous_32)
FN:903,(anonymous_33)
FN:952,(anonymous_34)
FN:960,(anonymous_35)
FN:979,(anonymous_36)
FNF:37
FNH:21
FNDA:206,parseTransactionDate
FNDA:652,BalanceAndTransactions
FNDA:143,(anonymous_2)
FNDA:143,(anonymous_3)
FNDA:143,(anonymous_4)
FNDA:858,(anonymous_5)
FNDA:858,(anonymous_6)
FNDA:143,(anonymous_7)
FNDA:0,(anonymous_8)
FNDA:16,handleAddTransaction
FNDA:0,handleDelete
FNDA:0,handleDeleteSubmit
FNDA:143,(anonymous_12)
FNDA:0,(anonymous_13)
FNDA:88,(anonymous_14)
FNDA:0,(anonymous_15)
FNDA:0,(anonymous_16)
FNDA:3888,(anonymous_17)
FNDA:10,(anonymous_18)
FNDA:10,(anonymous_19)
FNDA:0,(anonymous_20)
FNDA:0,(anonymous_21)
FNDA:0,(anonymous_22)
FNDA:0,(anonymous_23)
FNDA:0,(anonymous_24)
FNDA:0,(anonymous_25)
FNDA:166,(anonymous_26)
FNDA:0,(anonymous_27)
FNDA:3888,(anonymous_28)
FNDA:3240,(anonymous_29)
FNDA:54,(anonymous_30)
FNDA:108,(anonymous_31)
FNDA:38,(anonymous_32)
FNDA:0,(anonymous_33)
FNDA:648,(anonymous_34)
FNDA:0,(anonymous_35)
FNDA:0,(anonymous_36)
DA:7,37
DA:8,37
DA:9,37
DA:11,206
DA:12,106
DA:13,106
DA:14,106
DA:15,16
DA:16,16
DA:17,16
DA:18,16
DA:19,16
DA:20,16
DA:21,10
DA:24,96
DA:25,96
DA:26,96
DA:27,90
DA:28,90
DA:29,90
DA:30,90
DA:31,90
DA:32,90
DA:33,90
DA:36,6
DA:37,6
DA:38,0
DA:39,0
DA:41,6
DA:44,652
DA:45,648
DA:46,648
DA:47,648
DA:48,648
DA:49,648
DA:50,648
DA:51,648
DA:52,648
DA:53,648
DA:63,648
DA:64,648
DA:65,143
DA:66,143
DA:67,143
DA:68,19
DA:69,10
DA:71,143
DA:77,648
DA:78,143
DA:79,143
DA:80,143
DA:81,143
DA:82,1001
DA:83,1001
DA:84,1001
DA:85,1001
DA:86,1001
DA:87,1001
DA:88,1001
DA:89,133
DA:90,133
DA:91,63
DA:92,0
DA:93,0
DA:96,1001
DA:100,1001
DA:102,143
DA:104,648
DA:105,143
DA:113,143
DA:114,19
DA:115,0
DA:116,0
DA:117,0
DA:119,0
DA:121,858
DA:122,858
DA:128,143
DA:129,143
DA:130,143
DA:131,858
DA:132,0
DA:133,0
DA:134,0
DA:135,0
DA:137,143
DA:138,143
DA:140,648
DA:141,143
DA:142,143
DA:143,143
DA:144,143
DA:145,19
DA:146,19
DA:147,9
DA:148,9
DA:149,9
DA:150,9
DA:151,9
DA:152,9
DA:154,143
DA:155,143
DA:156,143
DA:157,143
DA:158,9
DA:159,9
DA:161,143
DA:162,143
DA:163,143
DA:164,143
DA:165,143
DA:166,1001
DA:167,1001
DA:168,1001
DA:169,1001
DA:170,1001
DA:171,0
DA:173,1001
DA:177,1001
DA:179,143
DA:182,16
DA:183,16
DA:184,16
DA:185,16
DA:186,16
DA:187,16
DA:188,0
DA:189,0
DA:191,16
DA:192,16
DA:193,6
DA:194,6
DA:196,10
DA:197,0
DA:198,0
DA:200,10
DA:201,10
DA:208,10
DA:209,10
DA:210,10
DA:211,10
DA:212,10
DA:213,10
DA:214,10
DA:216,0
DA:220,0
DA:221,0
DA:222,0
DA:224,0
DA:228,0
DA:229,0
DA:230,0
DA:231,0
DA:232,0
DA:234,648
DA:235,143
DA:236,143
DA:237,0
DA:238,0
DA:239,0
DA:240,0
DA:241,0
DA:242,0
DA:244,143
DA:246,648
DA:247,648
DA:248,88
DA:250,648
DA:251,648
DA:252,648
DA:253,648
DA:254,648
DA:374,0
DA:375,0
DA:437,3888
DA:554,10
DA:555,10
DA:556,0
DA:557,0
DA:577,0
DA:578,0
DA:579,0
DA:605,0
DA:637,0
DA:644,0
DA:689,0
DA:690,0
DA:691,0
DA:692,0
DA:693,0
DA:694,0
DA:725,166
DA:741,0
DA:742,3888
DA:763,54
DA:780,108
DA:892,38
DA:893,38
DA:898,38
DA:904,0
DA:905,0
DA:953,648
DA:954,648
DA:955,648
DA:960,0
DA:980,0
LF:206
LH:152
BRDA:11,0,0,100
BRDA:11,0,1,106
BRDA:14,1,0,16
BRDA:14,1,1,90
BRDA:20,2,0,10
BRDA:20,2,1,6
BRDA:20,3,0,16
BRDA:20,3,1,10
BRDA:20,3,2,10
BRDA:24,4,0,96
BRDA:24,4,1,0
BRDA:26,5,0,90
BRDA:26,5,1,6
BRDA:32,6,0,90
BRDA:32,6,1,0
BRDA:32,7,0,90
BRDA:32,7,1,90
BRDA:32,7,2,90
BRDA:37,8,0,0
BRDA:37,8,1,6
BRDA:68,9,0,9
BRDA:68,9,1,10
BRDA:90,10,0,70
BRDA:90,10,1,63
BRDA:91,11,0,0
BRDA:91,11,1,63
BRDA:91,12,0,63
BRDA:91,12,1,0
BRDA:92,13,0,0
BRDA:92,13,1,0
BRDA:114,14,0,19
BRDA:114,14,1,0
BRDA:116,15,0,0
BRDA:116,15,1,0
BRDA:121,16,0,143
BRDA:121,16,1,143
BRDA:131,17,0,858
BRDA:131,17,1,0
BRDA:137,18,0,0
BRDA:137,18,1,143
BRDA:146,19,0,10
BRDA:146,19,1,9
BRDA:148,20,0,0
BRDA:148,20,1,9
BRDA:150,21,0,9
BRDA:150,21,1,9
BRDA:151,22,0,9
BRDA:151,22,1,0
BRDA:158,23,0,9
BRDA:158,23,1,0
BRDA:170,24,0,0
BRDA:170,24,1,1001
BRDA:171,25,0,0
BRDA:171,25,1,0
BRDA:187,26,0,0
BRDA:187,26,1,16
BRDA:187,27,0,16
BRDA:187,27,1,16
BRDA:192,28,0,6
BRDA:192,28,1,10
BRDA:196,29,0,0
BRDA:196,29,1,10
BRDA:196,30,0,10
BRDA:196,30,1,10
BRDA:203,31,0,0
BRDA:203,31,1,10
BRDA:206,32,0,10
BRDA:206,32,1,4
BRDA:229,33,0,0
BRDA:229,33,1,0
BRDA:239,34,0,0
BRDA:239,34,1,0
BRDA:239,35,0,0
BRDA:239,35,1,0
BRDA:240,36,0,0
BRDA:240,36,1,0
BRDA:240,37,0,0
BRDA:240,37,1,0
BRDA:241,38,0,0
BRDA:241,38,1,0
BRDA:241,39,0,0
BRDA:241,39,1,0
BRDA:253,40,0,648
BRDA:253,40,1,552
BRDA:253,40,2,552
BRDA:555,41,0,0
BRDA:555,41,1,10
BRDA:560,42,0,354
BRDA:560,42,1,294
BRDA:581,43,0,0
BRDA:581,43,1,648
BRDA:631,44,0,648
BRDA:631,44,1,0
BRDA:636,45,0,0
BRDA:636,45,1,0
BRDA:637,46,0,0
BRDA:637,46,1,0
BRDA:649,47,0,0
BRDA:649,47,1,0
BRDA:667,48,0,0
BRDA:667,48,1,0
BRDA:680,49,0,354
BRDA:680,49,1,294
BRDA:691,50,0,0
BRDA:691,50,1,0
BRDA:693,51,0,0
BRDA:693,51,1,0
BRDA:736,52,0,648
BRDA:736,52,1,648
BRDA:791,53,0,76
BRDA:791,53,1,572
BRDA:807,54,0,648
BRDA:807,54,1,96
BRDA:839,55,0,648
BRDA:839,55,1,76
BRDA:839,55,2,76
BRDA:865,56,0,648
BRDA:865,56,1,572
BRDA:865,56,2,534
BRDA:893,57,0,18
BRDA:893,57,1,20
BRDA:902,58,0,0
BRDA:902,58,1,38
BRDA:902,59,0,38
BRDA:902,59,1,0
BRDA:904,60,0,0
BRDA:904,60,1,0
BRDA:919,61,0,18
BRDA:919,61,1,20
BRDA:920,62,0,18
BRDA:920,62,1,20
BRDA:928,63,0,38
BRDA:928,63,1,20
BRDA:959,64,0,648
BRDA:959,64,1,0
BRDA:980,65,0,0
BRDA:980,65,1,0
BRF:137
BRH:80
end_of_record
TN:
SF:src\pages\Dashboard\Dashboard.cy.tsx
FN:13,(anonymous_0)
FN:14,(anonymous_1)
FN:17,(anonymous_2)
FN:15,mountDashboard
FN:51,(anonymous_1)
FN:52,(anonymous_2)
FN:58,(anonymous_3)
FN:16,prepareAuth
FN:23,(anonymous_1)
FN:24,(anonymous_2)
FN:47,(anonymous_3)
FN:5,(anonymous_0)
FN:6,(anonymous_1)
FN:21,(anonymous_2)
FN:36,(anonymous_3)
FN:13,(anonymous_0)
FN:27,(anonymous_1)
FN:45,(anonymous_2)
FN:46,(anonymous_3)
FN:49,(anonymous_4)
FN:52,(anonymous_5)
FN:57,(anonymous_6)
FNF:22
FNH:22
FNDA:14,(anonymous_0)
FNDA:41,(anonymous_1)
FNDA:19,(anonymous_2)
FNDA:13,mountDashboard
FNDA:5,(anonymous_1)
FNDA:17,(anonymous_2)
FNDA:4,(anonymous_3)
FNDA:45,prepareAuth
FNDA:3,(anonymous_1)
FNDA:16,(anonymous_2)
FNDA:2,(anonymous_3)
FNDA:8,(anonymous_0)
FNDA:8,(anonymous_1)
FNDA:17,(anonymous_2)
FNDA:7,(anonymous_3)
FNDA:35,(anonymous_0)
FNDA:43,(anonymous_1)
FNDA:15,(anonymous_2)
FNDA:34,(anonymous_3)
FNDA:19,(anonymous_4)
FNDA:14,(anonymous_5)
FNDA:11,(anonymous_6)
DA:5,8
DA:6,32
DA:7,8
DA:13,26
DA:14,47
DA:15,44
DA:16,46
DA:17,36
DA:18,46
DA:19,46
DA:21,31
DA:22,41
DA:23,3
DA:24,11
DA:25,26
DA:26,14
DA:27,23
DA:28,39
DA:29,38
DA:33,49
DA:34,47
DA:35,49
DA:36,49
DA:37,45
DA:38,45
DA:43,24
DA:44,12
DA:45,24
DA:46,23
DA:47,38
DA:48,28
DA:49,28
DA:50,18
DA:51,6
DA:52,17
DA:53,17
DA:54,17
DA:55,14
DA:56,17
DA:57,18
DA:58,8
DA:59,8
DA:60,11
DA:61,10
DA:73,2
DA:79,4
DA:80,4
DA:88,2
DA:89,2
LF:49
LH:49
BRDA:15,0,0,0
BRDA:15,1,0,0
BRF:2
BRH:0
end_of_record
TN:
SF:src\pages\Dashboard\index.tsx
FN:8,parseDate
FN:42,getGoalClasses
FN:59,Dashboard
FN:64,(anonymous_3)
FN:66,fetchGoals
FN:71,(anonymous_5)
FN:80,(anonymous_6)
FN:84,(anonymous_7)
FN:93,(anonymous_8)
FN:113,(anonymous_9)
FN:130,(anonymous_10)
FN:130,(anonymous_11)
FN:133,(anonymous_12)
FN:135,(anonymous_13)
FN:323,(anonymous_14)
FN:374,(anonymous_15)
FNF:16
FNH:13
FNDA:4,parseDate
FNDA:0,getGoalClasses
FNDA:187,Dashboard
FNDA:43,(anonymous_3)
FNDA:43,fetchGoals
FNDA:4,(anonymous_5)
FNDA:19,(anonymous_6)
FNDA:83,(anonymous_7)
FNDA:62,(anonymous_8)
FNDA:0,(anonymous_9)
FNDA:69,(anonymous_10)
FNDA:4,(anonymous_11)
FNDA:69,(anonymous_12)
FNDA:4,(anonymous_13)
FNDA:4,(anonymous_14)
FNDA:0,(anonymous_15)
DA:9,4
DA:10,4
DA:11,4
DA:12,4
DA:13,0
DA:14,0
DA:15,0
DA:16,0
DA:17,0
DA:18,0
DA:19,0
DA:21,4
DA:22,4
DA:23,4
DA:25,4
DA:26,4
DA:27,4
DA:28,4
DA:29,4
DA:30,4
DA:31,4
DA:32,4
DA:33,4
DA:35,0
DA:36,0
DA:37,0
DA:38,0
DA:40,0
DA:43,0
DA:45,0
DA:47,0
DA:49,0
DA:52,0
DA:54,0
DA:56,0
DA:60,187
DA:61,143
DA:62,143
DA:63,143
DA:64,143
DA:65,43
DA:67,43
DA:68,43
DA:69,43
DA:70,26
DA:71,26
DA:74,0
DA:75,0
DA:79,43
DA:80,43
DA:81,19
DA:84,143
DA:85,83
DA:86,40
DA:87,40
DA:88,40
DA:89,40
DA:90,0
DA:91,0
DA:93,143
DA:94,62
DA:95,62
DA:96,62
DA:97,62
DA:98,62
DA:99,62
DA:100,62
DA:101,62
DA:102,62
DA:103,62
DA:104,62
DA:105,4
DA:106,4
DA:107,4
DA:108,4
DA:109,0
DA:110,0
DA:113,62
DA:114,0
DA:115,0
DA:116,0
DA:117,0
DA:118,0
DA:119,0
DA:121,62
DA:122,62
DA:129,143
DA:130,69
DA:133,143
DA:134,69
DA:135,69
DA:136,4
DA:137,4
DA:138,4
DA:139,0
DA:144,4
DA:145,0
DA:152,69
DA:154,143
DA:155,143
DA:156,143
DA:157,143
DA:158,143
DA:159,143
DA:323,4
DA:375,0
DA:376,0
DA:377,0
LF:108
LH:72
BRDA:9,0,0,0
BRDA:9,0,1,4
BRDA:12,1,0,0
BRDA:12,1,1,4
BRDA:17,2,0,0
BRDA:17,2,1,0
BRDA:22,3,0,4
BRDA:22,3,1,0
BRDA:26,4,0,4
BRDA:26,4,1,0
BRDA:31,5,0,0
BRDA:31,5,1,4
BRDA:36,6,0,0
BRDA:36,6,1,0
BRDA:43,7,0,0
BRDA:43,7,1,0
BRDA:43,7,2,0
BRDA:43,7,3,0
BRDA:43,7,4,0
BRDA:43,7,5,0
BRDA:43,7,6,0
BRDA:70,8,0,26
BRDA:70,8,1,0
BRDA:74,9,0,0
BRDA:74,9,1,0
BRDA:85,10,0,43
BRDA:85,10,1,40
BRDA:86,11,0,40
BRDA:86,11,1,0
BRDA:87,12,0,40
BRDA:87,12,1,0
BRDA:89,13,0,40
BRDA:89,13,1,0
BRDA:90,14,0,0
BRDA:90,14,1,0
BRDA:105,15,0,0
BRDA:105,15,1,4
BRDA:108,16,0,0
BRDA:108,16,1,4
BRDA:108,17,0,4
BRDA:108,17,1,4
BRDA:108,17,2,0
BRDA:109,18,0,0
BRDA:109,18,1,0
BRDA:116,19,0,0
BRDA:116,19,1,0
BRDA:116,20,0,0
BRDA:116,20,1,0
BRDA:117,21,0,0
BRDA:117,21,1,0
BRDA:117,22,0,0
BRDA:117,22,1,0
BRDA:118,23,0,0
BRDA:118,23,1,0
BRDA:118,24,0,0
BRDA:118,24,1,0
BRDA:130,25,0,4
BRDA:130,25,1,0
BRDA:136,26,0,0
BRDA:136,26,1,4
BRDA:138,27,0,0
BRDA:138,27,1,4
BRDA:144,28,0,0
BRDA:144,28,1,4
BRDA:155,29,0,143
BRDA:155,29,1,0
BRDA:156,30,0,143
BRDA:156,30,1,0
BRDA:158,31,0,143
BRDA:158,31,1,143
BRDA:233,32,0,143
BRDA:233,32,1,143
BRDA:261,33,0,143
BRDA:261,33,1,143
BRDA:305,34,0,143
BRDA:305,34,1,41
BRDA:314,35,0,143
BRDA:314,35,1,102
BRDA:314,35,2,98
BRDA:323,36,0,143
BRDA:323,36,1,102
BRDA:330,37,0,0
BRDA:330,37,1,4
BRDA:364,38,0,143
BRDA:364,38,1,0
BRDA:369,39,0,143
BRDA:369,39,1,143
BRDA:369,39,2,143
BRDA:374,40,0,143
BRDA:374,40,1,143
BRDA:375,41,0,0
BRDA:375,41,1,0
BRDA:376,42,0,0
BRDA:376,42,1,0
BRDA:427,43,0,0
BRDA:427,43,1,143
BRF:96
BRH:42
end_of_record
TN:
SF:src\pages\Goals\Goals.cy.tsx
FN:5,(anonymous_0)
FN:6,(anonymous_1)
FN:22,(anonymous_2)
FN:6,mountGoals
FN:32,(anonymous_1)
FN:33,(anonymous_2)
FN:39,(anonymous_3)
FN:51,(anonymous_4)
FN:55,(anonymous_5)
FN:6,(anonymous_0)
FN:7,(anonymous_1)
FN:27,(anonymous_2)
FN:53,(anonymous_3)
FN:5,(anonymous_0)
FN:11,(anonymous_1)
FN:24,(anonymous_2)
FN:25,(anonymous_3)
FN:28,(anonymous_4)
FN:31,(anonymous_5)
FN:36,(anonymous_6)
FN:5,(anonymous_0)
FN:18,(anonymous_1)
FN:19,(anonymous_2)
FN:22,(anonymous_3)
FN:26,(anonymous_4)
FN:5,(anonymous_0)
FN:16,(anonymous_1)
FN:17,(anonymous_2)
FN:20,(anonymous_3)
FNF:29
FNH:29
FNDA:9,(anonymous_0)
FNDA:26,(anonymous_1)
FNDA:14,(anonymous_2)
FNDA:26,mountGoals
FNDA:12,(anonymous_1)
FNDA:20,(anonymous_2)
FNDA:9,(anonymous_3)
FNDA:10,(anonymous_4)
FNDA:4,(anonymous_5)
FNDA:8,(anonymous_0)
FNDA:26,(anonymous_1)
FNDA:6,(anonymous_2)
FNDA:4,(anonymous_3)
FNDA:28,(anonymous_0)
FNDA:35,(anonymous_1)
FNDA:12,(anonymous_2)
FNDA:39,(anonymous_3)
FNDA:12,(anonymous_4)
FNDA:9,(anonymous_5)
FNDA:8,(anonymous_6)
FNDA:9,(anonymous_0)
FNDA:12,(anonymous_1)
FNDA:45,(anonymous_2)
FNDA:29,(anonymous_3)
FNDA:14,(anonymous_4)
FNDA:19,(anonymous_0)
FNDA:32,(anonymous_1)
FNDA:41,(anonymous_2)
FNDA:16,(anonymous_3)
DA:5,23
DA:6,41
DA:7,41
DA:8,32
DA:11,26
DA:12,30
DA:16,23
DA:17,36
DA:18,45
DA:19,45
DA:20,45
DA:21,16
DA:22,25
DA:23,36
DA:24,33
DA:25,34
DA:26,39
DA:27,14
DA:28,16
DA:29,14
DA:30,29
DA:31,10
DA:32,12
DA:33,23
DA:34,20
DA:35,23
DA:36,20
DA:37,23
DA:38,8
DA:39,14
DA:40,11
DA:41,11
DA:42,11
DA:49,9
DA:51,12
DA:52,10
DA:53,10
DA:54,8
DA:55,10
DA:56,4
DA:57,8
DA:58,4
DA:69,4
DA:70,4
DA:71,4
LF:45
LH:45
BRDA:6,0,0,0
BRF:1
BRH:0
end_of_record
TN:
SF:src\pages\Goals\index.tsx
FN:6,Goals
FN:20,(anonymous_1)
FN:22,fetchGoals
FN:36,(anonymous_3)
FN:40,(anonymous_4)
FN:42,(anonymous_5)
FN:61,handleAddGoal
FN:82,(anonymous_7)
FN:91,handleSelectEdit
FN:98,handleUpdateGoal
FN:101,(anonymous_10)
FN:127,(anonymous_11)
FN:127,(anonymous_12)
FN:135,handleDeleteGoal
FN:140,(anonymous_14)
FN:140,(anonymous_15)
FN:146,(anonymous_16)
FN:163,(anonymous_17)
FN:213,(anonymous_18)
FN:305,(anonymous_19)
FN:305,(anonymous_20)
FN:321,(anonymous_21)
FN:338,(anonymous_22)
FN:356,(anonymous_23)
FN:392,(anonymous_24)
FN:421,(anonymous_25)
FN:449,(anonymous_26)
FN:481,(anonymous_27)
FN:535,(anonymous_28)
FN:575,(anonymous_29)
FN:576,(anonymous_30)
FN:608,(anonymous_31)
FN:636,(anonymous_32)
FN:664,(anonymous_33)
FN:691,(anonymous_34)
FN:730,(anonymous_35)
FN:731,(anonymous_36)
FN:767,(anonymous_37)
FN:810,(anonymous_38)
FNF:39
FNH:11
FNDA:172,Goals
FNDA:70,(anonymous_1)
FNDA:70,fetchGoals
FNDA:35,(anonymous_3)
FNDA:100,(anonymous_4)
FNDA:9,(anonymous_5)
FNDA:0,handleAddGoal
FNDA:0,(anonymous_7)
FNDA:0,handleSelectEdit
FNDA:0,handleUpdateGoal
FNDA:0,(anonymous_10)
FNDA:0,(anonymous_11)
FNDA:0,(anonymous_12)
FNDA:0,handleDeleteGoal
FNDA:0,(anonymous_14)
FNDA:0,(anonymous_15)
FNDA:18,(anonymous_16)
FNDA:18,(anonymous_17)
FNDA:0,(anonymous_18)
FNDA:16,(anonymous_19)
FNDA:16,(anonymous_20)
FNDA:22,(anonymous_21)
FNDA:0,(anonymous_22)
FNDA:0,(anonymous_23)
FNDA:0,(anonymous_24)
FNDA:0,(anonymous_25)
FNDA:0,(anonymous_26)
FNDA:0,(anonymous_27)
FNDA:0,(anonymous_28)
FNDA:0,(anonymous_29)
FNDA:0,(anonymous_30)
FNDA:0,(anonymous_31)
FNDA:0,(anonymous_32)
FNDA:0,(anonymous_33)
FNDA:0,(anonymous_34)
FNDA:0,(anonymous_35)
FNDA:0,(anonymous_36)
FNDA:0,(anonymous_37)
FNDA:0,(anonymous_38)
DA:7,172
DA:8,172
DA:9,172
DA:10,172
DA:11,172
DA:12,172
DA:13,172
DA:14,172
DA:15,172
DA:16,172
DA:17,172
DA:18,172
DA:19,172
DA:20,172
DA:21,70
DA:23,70
DA:24,70
DA:25,70
DA:26,35
DA:27,35
DA:30,18
DA:31,6
DA:35,70
DA:36,70
DA:37,35
DA:40,172
DA:41,100
DA:42,100
DA:43,100
DA:44,0
DA:45,0
DA:46,0
DA:47,0
DA:48,0
DA:49,0
DA:51,0
DA:52,0
DA:53,0
DA:54,0
DA:55,0
DA:57,100
DA:58,0
DA:62,0
DA:63,0
DA:64,0
DA:65,0
DA:66,0
DA:67,0
DA:68,0
DA:70,0
DA:71,0
DA:72,0
DA:74,0
DA:75,0
DA:76,0
DA:82,0
DA:83,0
DA:84,0
DA:85,0
DA:86,0
DA:88,0
DA:92,0
DA:93,0
DA:94,0
DA:95,0
DA:96,0
DA:99,0
DA:100,0
DA:101,0
DA:102,0
DA:103,0
DA:104,0
DA:105,0
DA:106,0
DA:107,0
DA:109,0
DA:110,0
DA:111,0
DA:112,0
DA:114,0
DA:115,0
DA:116,0
DA:118,0
DA:119,0
DA:121,0
DA:122,0
DA:127,0
DA:128,0
DA:129,0
DA:130,0
DA:132,0
DA:136,0
DA:137,0
DA:138,0
DA:139,0
DA:140,0
DA:142,0
DA:145,172
DA:146,172
DA:147,18
DA:148,18
DA:149,18
DA:150,0
DA:155,18
DA:156,0
DA:163,172
DA:164,172
DA:214,0
DA:215,0
DA:216,0
DA:217,0
DA:218,0
DA:219,0
DA:221,0
DA:222,0
DA:223,0
DA:225,0
DA:226,0
DA:227,0
DA:229,0
DA:230,0
DA:231,0
DA:233,0
DA:234,0
DA:235,0
DA:238,0
DA:239,0
DA:241,0
DA:305,16
DA:321,22
DA:338,0
DA:356,0
DA:392,0
DA:421,0
DA:449,0
DA:481,0
DA:536,0
DA:537,0
DA:538,0
DA:539,0
DA:540,0
DA:575,0
DA:576,0
DA:608,0
DA:636,0
DA:664,0
DA:692,0
DA:693,0
DA:694,0
DA:695,0
DA:730,0
DA:731,0
DA:767,0
DA:810,0
LF:154
LH:40
BRDA:26,0,0,35
BRDA:26,0,1,0
BRDA:30,1,0,6
BRDA:30,1,1,12
BRDA:42,2,0,9
BRDA:42,2,1,0
BRDA:43,3,0,0
BRDA:43,3,1,100
BRDA:44,4,0,0
BRDA:44,4,1,0
BRDA:57,5,0,0
BRDA:57,5,1,100
BRDA:58,6,0,0
BRDA:58,6,1,0
BRDA:66,7,0,0
BRDA:66,7,1,0
BRDA:66,8,0,0
BRDA:66,8,1,0
BRDA:70,9,0,0
BRDA:70,9,1,0
BRDA:70,10,0,0
BRDA:70,10,1,0
BRDA:74,11,0,0
BRDA:74,11,1,0
BRDA:74,12,0,0
BRDA:74,12,1,0
BRDA:100,13,0,0
BRDA:100,13,1,0
BRDA:102,14,0,0
BRDA:102,14,1,0
BRDA:103,15,0,0
BRDA:103,15,1,0
BRDA:104,16,0,0
BRDA:104,16,1,0
BRDA:105,17,0,0
BRDA:105,17,1,0
BRDA:105,18,0,0
BRDA:105,18,1,0
BRDA:109,19,0,0
BRDA:109,19,1,0
BRDA:110,20,0,0
BRDA:110,20,1,0
BRDA:110,21,0,0
BRDA:110,21,1,0
BRDA:110,21,2,0
BRDA:115,22,0,0
BRDA:115,22,1,0
BRDA:118,23,0,0
BRDA:118,23,1,0
BRDA:127,24,0,0
BRDA:127,24,1,0
BRDA:137,25,0,0
BRDA:137,25,1,0
BRDA:147,26,0,0
BRDA:147,26,1,18
BRDA:149,27,0,0
BRDA:149,27,1,18
BRDA:155,28,0,0
BRDA:155,28,1,18
BRDA:163,29,0,18
BRDA:163,29,1,0
BRDA:208,30,0,172
BRDA:208,30,1,172
BRDA:214,31,0,0
BRDA:214,31,1,0
BRDA:216,32,0,0
BRDA:216,32,1,0
BRDA:219,33,0,0
BRDA:219,33,1,0
BRDA:219,33,2,0
BRDA:219,33,3,0
BRDA:219,33,4,0
BRDA:219,33,5,0
BRDA:305,34,0,36
BRDA:305,34,1,136
BRDA:314,35,0,36
BRDA:314,35,1,136
BRDA:320,36,0,172
BRDA:320,36,1,0
BRDA:337,37,0,0
BRDA:337,37,1,172
BRDA:355,38,0,0
BRDA:355,38,1,172
BRDA:374,39,0,172
BRDA:374,39,1,8
BRDA:379,40,0,172
BRDA:379,40,1,172
BRDA:563,41,0,172
BRDA:563,41,1,0
BRDA:563,41,2,0
BRDA:574,42,0,0
BRDA:574,42,1,0
BRDA:718,43,0,172
BRDA:718,43,1,0
BRDA:718,43,2,0
BRDA:729,44,0,0
BRDA:729,44,1,0
BRDA:805,45,0,172
BRDA:805,45,1,172
BRF:99
BRH:27
end_of_record
TN:
SF:src\pages\Landing\Landing.cy.tsx
FN:5,(anonymous_0)
FN:6,(anonymous_1)
FN:21,(anonymous_2)
FNF:3
FNH:3
FNDA:30,(anonymous_0)
FNDA:30,(anonymous_1)
FNDA:20,(anonymous_2)
DA:5,30
DA:6,30
DA:7,30
DA:18,30
DA:19,30
DA:21,30
DA:22,20
DA:33,20
LF:8
LH:8
BRF:0
BRH:0
end_of_record
TN:
SF:src\pages\Landing\index.tsx
FN:27,Landing
FN:30,(anonymous_1)
FN:267,(anonymous_2)
FN:281,(anonymous_3)
FNF:4
FNH:2
FNDA:50,Landing
FNDA:0,(anonymous_1)
FNDA:250,(anonymous_2)
FNDA:0,(anonymous_3)
DA:5,30
DA:28,50
DA:29,50
DA:30,50
DA:31,50
DA:268,250
DA:269,250
DA:281,0
LF:8
LH:7
BRDA:281,0,0,0
BRDA:281,0,1,0
BRDA:282,1,0,0
BRDA:282,1,1,250
BRDA:313,2,0,0
BRDA:313,2,1,250
BRF:6
BRH:2
end_of_record
TN:
SF:src\pages\NotFound\NotFound.cy.tsx
FN:5,(anonymous_0)
FN:6,(anonymous_1)
FNF:2
FNH:2
FNDA:20,(anonymous_0)
FNDA:20,(anonymous_1)
DA:5,20
DA:6,20
DA:7,20
DA:18,20
DA:19,20
LF:5
LH:5
BRF:0
BRH:0
end_of_record
TN:
SF:src\pages\NotFound\index.tsx
FN:4,NotFound
FNF:1
FNH:1
FNDA:20,NotFound
DA:5,20
LF:1
LH:1
BRF:0
BRH:0
end_of_record
TN:
SF:src\pages\Profile\Profile.cy.tsx
FN:13,(anonymous_0)
FN:14,(anonymous_1)
FN:17,(anonymous_2)
FNF:3
FNH:3
FNDA:20,(anonymous_0)
FNDA:20,(anonymous_1)
FNDA:20,(anonymous_2)
DA:6,20
DA:13,20
DA:14,20
DA:15,20
DA:17,20
DA:18,20
DA:33,20
DA:34,20
DA:35,20
LF:9
LH:9
BRF:0
BRH:0
end_of_record
TN:
SF:src\pages\Profile\index.tsx
FN:6,Profile
FN:9,(anonymous_1)
FN:23,handleLogout
FNF:3
FNH:2
FNDA:40,Profile
FNDA:40,(anonymous_1)
FNDA:0,handleLogout
DA:7,40
DA:8,40
DA:9,40
DA:10,40
DA:11,20
DA:12,20
DA:14,0
DA:15,0
DA:16,0
DA:18,40
DA:19,40
DA:20,40
DA:21,40
DA:22,40
DA:24,0
DA:25,0
DA:27,40
LF:17
LH:12
BRDA:10,0,0,20
BRDA:10,0,1,20
BRDA:11,1,0,20
BRDA:11,1,1,0
BRDA:11,2,0,20
BRDA:11,2,1,20
BRDA:14,3,0,0
BRDA:14,3,1,0
BRDA:15,4,0,0
BRDA:15,4,1,0
BRDA:18,5,0,40
BRDA:18,5,1,20
BRDA:19,6,0,40
BRDA:19,6,1,20
BRDA:20,7,0,40
BRDA:20,7,1,20
BRDA:21,8,0,40
BRDA:21,8,1,20
BRDA:22,9,0,40
BRDA:22,9,1,20
BRDA:22,10,0,20
BRDA:22,10,1,20
BRDA:22,11,0,40
BRDA:22,11,1,20
BRDA:65,12,0,40
BRDA:65,12,1,20
BRF:26
BRH:21
end_of_record
TN:
SF:src\routes\ProtectedRoute.cy.tsx
FN:6,Dummy
FN:13,AuthWrapper
FN:26,(anonymous_2)
FN:29,(anonymous_3)
FN:32,(anonymous_4)
FN:41,(anonymous_5)
FN:42,(anonymous_6)
FN:64,(anonymous_7)
FN:13,(anonymous_0)
FN:63,(anonymous_1)
FN:64,(anonymous_2)
FN:67,(anonymous_3)
FN:72,(anonymous_4)
FN:13,(anonymous_0)
FN:39,(anonymous_1)
FN:40,(anonymous_2)
FN:43,(anonymous_3)
FN:47,(anonymous_4)
FNF:18
FNH:18
FNDA:12,Dummy
FNDA:30,AuthWrapper
FNDA:15,(anonymous_2)
FNDA:15,(anonymous_3)
FNDA:15,(anonymous_4)
FNDA:21,(anonymous_5)
FNDA:21,(anonymous_6)
FNDA:14,(anonymous_7)
FNDA:5,(anonymous_0)
FNDA:24,(anonymous_1)
FNDA:26,(anonymous_2)
FNDA:17,(anonymous_3)
FNDA:16,(anonymous_4)
FNDA:15,(anonymous_0)
FNDA:11,(anonymous_1)
FNDA:15,(anonymous_2)
FNDA:11,(anonymous_3)
FNDA:9,(anonymous_4)
DA:6,9
DA:7,21
DA:13,6
DA:14,45
DA:15,41
DA:17,41
DA:19,15
DA:27,15
DA:30,15
DA:35,35
DA:39,11
DA:40,11
DA:41,21
DA:42,21
DA:43,24
DA:44,30
DA:45,30
DA:47,30
DA:48,28
DA:49,28
DA:62,21
DA:63,24
DA:64,24
DA:65,19
DA:67,17
DA:68,17
DA:69,17
DA:70,17
DA:72,17
DA:73,16
DA:74,16
DA:75,16
DA:84,14
LF:33
LH:33
BRDA:16,0,0,12
BRDA:16,0,1,18
BRDA:14,1,0,4
BRDA:14,1,1,6
BRF:4
BRH:4
end_of_record
TN:
SF:src\routes\ProtectedRoute.tsx
FN:4,ProtectedRoute
FNF:1
FNH:1
FNDA:51,ProtectedRoute
DA:5,51
DA:6,51
DA:7,33
DA:13,18
LF:4
LH:4
BRDA:6,0,0,33
BRDA:6,0,1,18
BRF:2
BRH:2
end_of_record
TN:
SF:src\routes\PublicRoute.cy.tsx
FN:6,Dummy
FN:13,AuthWrapper
FN:26,(anonymous_2)
FN:29,(anonymous_3)
FN:32,(anonymous_4)
FN:41,(anonymous_5)
FN:42,(anonymous_6)
FN:64,(anonymous_7)
FNF:8
FNH:5
FNDA:30,Dummy
FNDA:50,AuthWrapper
FNDA:0,(anonymous_2)
FNDA:0,(anonymous_3)
FNDA:0,(anonymous_4)
FNDA:30,(anonymous_5)
FNDA:30,(anonymous_6)
FNDA:20,(anonymous_7)
DA:7,30
DA:14,50
DA:15,50
DA:27,0
DA:30,0
DA:35,50
DA:41,30
DA:42,30
DA:43,30
DA:62,30
DA:64,30
DA:65,20
DA:84,20
LF:13
LH:11
BRDA:16,0,0,20
BRDA:16,0,1,30
BRF:2
BRH:2
end_of_record
TN:
SF:src\routes\PublicRoute.tsx
FN:4,PublicRoute
FNF:1
FNH:1
FNDA:50,PublicRoute
DA:5,50
DA:6,50
DA:7,20
DA:13,30
LF:4
LH:4
BRDA:6,0,0,20
BRDA:6,0,1,30
BRF:2
BRH:2
end_of_record
TN:
SF:src\routes\index.tsx
FNF:0
FNH:0
LF:0
LH:0
BRF:0
BRH:0
end_of_record
TN:
SF:src\services\analytics.api.ts
FN:16,fetchIncomeReport
FN:21,fetchExpenseReport
FNF:2
FNH:2
FNDA:20,fetchIncomeReport
FNDA:20,fetchExpenseReport
DA:17,20
DA:18,20
DA:22,20
DA:23,20
LF:4
LH:4
BRDA:18,0,0,20
BRDA:18,0,1,20
BRDA:23,1,0,20
BRDA:23,1,1,20
BRF:4
BRH:4
end_of_record
TN:
SF:src\services\auth.api.ts
FN:28,login
FN:33,register
FN:38,fetchProfile
FNF:3
FNH:3
FNDA:40,login
FNDA:20,register
FNDA:20,fetchProfile
DA:29,40
DA:30,40
DA:34,20
DA:35,20
DA:39,20
DA:40,20
LF:6
LH:6
BRF:0
BRH:0
end_of_record
TN:
SF:src\services\goals.api.ts
FN:16,toGoal
FN:30,listGoals
FN:35,createGoal
FN:40,updateGoal
FN:45,deleteGoal
FNF:5
FNH:5
FNDA:53,toGoal
FNDA:133,listGoals
FNDA:20,createGoal
FNDA:20,updateGoal
FNDA:20,deleteGoal
DA:17,53
DA:31,133
DA:32,81
DA:36,20
DA:37,20
DA:41,20
DA:42,20
DA:46,20
LF:8
LH:8
BRDA:19,0,0,53
BRDA:19,0,1,53
BRDA:25,1,0,53
BRDA:25,1,1,53
BRF:4
BRH:4
end_of_record
TN:
SF:src\services\services.cy.tsx
FN:7,callAll
FN:9,(anonymous_1)
FN:13,(anonymous_2)
FN:15,(anonymous_3)
FN:16,(anonymous_4)
FN:21,(anonymous_5)
FN:22,(anonymous_6)
FN:25,(anonymous_7)
FN:27,(anonymous_8)
FN:28,(anonymous_9)
FNF:10
FNH:10
FNDA:60,callAll
FNDA:180,(anonymous_1)
FNDA:180,(anonymous_2)
FNDA:180,(anonymous_3)
FNDA:20,(anonymous_4)
FNDA:20,(anonymous_5)
FNDA:20,(anonymous_6)
FNDA:20,(anonymous_7)
FNDA:20,(anonymous_8)
FNDA:20,(anonymous_9)
DA:8,60
DA:9,180
DA:12,60
DA:14,180
DA:15,180
DA:16,20
DA:21,20
DA:22,20
DA:23,20
DA:25,20
DA:26,20
DA:27,20
DA:28,20
LF:13
LH:13
BRF:0
BRH:0
end_of_record
TN:
SF:src\services\transactions.api.ts
FN:17,toTransaction
FN:33,getTransactions
FN:38,createTransaction
FN:52,deleteTransaction
FNF:4
FNH:3
FNDA:23,toTransaction
FNDA:106,getTransactions
FNDA:10,createTransaction
FNDA:0,deleteTransaction
DA:18,23
DA:20,23
DA:34,106
DA:35,82
DA:39,10
DA:48,10
DA:49,10
DA:53,0
LF:8
LH:7
BRDA:18,0,0,9
BRDA:18,0,1,14
BRDA:18,1,0,14
BRDA:18,1,1,14
BRDA:22,2,0,23
BRDA:22,2,1,23
BRDA:22,2,2,23
BRDA:27,3,0,23
BRDA:27,3,1,10
BRDA:28,4,0,23
BRDA:28,4,1,23
BRDA:42,5,0,0
BRDA:42,5,1,10
BRDA:42,6,0,10
BRDA:42,6,1,0
BRDA:43,7,0,10
BRDA:43,7,1,4
BRDA:45,8,0,10
BRDA:45,8,1,10
BRF:19
BRH:17
end_of_record
TN:
SF:src\shared\coverage-helper.cy.tsx
FN:7,(anonymous_0)
FN:8,(anonymous_1)
FN:9,(anonymous_2)
FN:11,(anonymous_3)
FN:12,(anonymous_4)
FN:14,(anonymous_1)
FNF:6
FNH:6
FNDA:4,(anonymous_0)
FNDA:4,(anonymous_1)
FNDA:4,(anonymous_2)
FNDA:24,(anonymous_3)
FNDA:24,(anonymous_4)
FNDA:18,(anonymous_1)
DA:7,4
DA:8,4
DA:9,4
DA:10,4
DA:11,24
DA:13,24
DA:14,42
DA:16,22
DA:18,22
DA:19,22
DA:21,44
DA:23,22
LF:12
LH:12
BRF:0
BRH:0
end_of_record
TN:
SF:src\shared\context\AuthContext.tsx
FN:11,AuthProvider
FN:15,(anonymous_1)
FN:23,(anonymous_2)
FN:29,(anonymous_3)
FN:44,(anonymous_4)
FN:47,(anonymous_5)
FN:51,(anonymous_6)
FN:54,handleUnauthorized
FN:58,(anonymous_8)
FN:63,extractErrorMessage
FN:71,register
FN:88,login
FN:120,useAuth
FNF:13
FNH:7
FNDA:412,AuthProvider
FNDA:20,(anonymous_1)
FNDA:0,(anonymous_2)
FNDA:222,(anonymous_3)
FNDA:0,(anonymous_4)
FNDA:0,(anonymous_5)
FNDA:222,(anonymous_6)
FNDA:0,handleUnauthorized
FNDA:91,(anonymous_8)
FNDA:0,extractErrorMessage
FNDA:0,register
FNDA:20,login
FNDA:2337,useAuth
DA:9,208
DA:10,208
DA:12,412
DA:13,412
DA:14,412
DA:15,412
DA:16,20
DA:17,20
DA:18,0
DA:19,0
DA:21,20
DA:23,412
DA:24,0
DA:25,0
DA:26,0
DA:27,0
DA:29,412
DA:30,222
DA:31,222
DA:32,222
DA:33,138
DA:34,138
DA:35,138
DA:37,0
DA:40,222
DA:41,222
DA:42,222
DA:44,0
DA:45,0
DA:46,0
DA:48,0
DA:51,412
DA:52,222
DA:53,222
DA:55,0
DA:57,222
DA:58,222
DA:59,91
DA:62,412
DA:64,0
DA:65,0
DA:66,0
DA:68,0
DA:69,0
DA:72,0
DA:73,0
DA:74,0
DA:75,0
DA:76,0
DA:77,0
DA:78,0
DA:79,0
DA:81,0
DA:82,0
DA:83,0
DA:85,0
DA:89,20
DA:90,20
DA:91,20
DA:92,20
DA:93,20
DA:94,20
DA:95,20
DA:96,20
DA:98,0
DA:99,0
DA:100,0
DA:102,20
DA:105,412
DA:114,412
DA:121,2337
DA:122,2329
DA:123,84
DA:125,2245
LF:74
LH:42
BRDA:16,0,0,0
BRDA:16,0,1,20
BRDA:17,1,0,0
BRDA:17,1,1,20
BRDA:30,2,0,0
BRDA:30,2,1,222
BRDA:32,3,0,138
BRDA:32,3,1,84
BRDA:41,4,0,222
BRDA:41,4,1,0
BRDA:52,5,0,0
BRDA:52,5,1,222
BRDA:64,6,0,0
BRDA:64,6,1,0
BRDA:65,7,0,0
BRDA:65,7,1,0
BRDA:65,8,0,0
BRDA:65,8,1,0
BRDA:65,8,2,0
BRDA:65,8,3,0
BRDA:69,9,0,0
BRDA:69,9,1,0
BRDA:122,10,0,84
BRDA:122,10,1,2245
BRF:24
BRH:9
end_of_record
TN:
SF:src\shared\hooks\useTransactions.ts
FN:4,useTransactions
FN:10,(anonymous_1)
FN:14,(anonymous_2)
FN:17,(anonymous_3)
FN:19,(anonymous_4)
FN:23,(anonymous_5)
FN:26,(anonymous_6)
FN:28,addTransaction
FN:40,(anonymous_8)
FN:48,deleteTransaction
FN:54,(anonymous_10)
FN:54,(anonymous_11)
FNF:12
FNH:7
FNDA:791,useTransactions
FNDA:218,(anonymous_1)
FNDA:82,(anonymous_2)
FNDA:0,(anonymous_3)
FNDA:82,(anonymous_4)
FNDA:205,(anonymous_5)
FNDA:0,(anonymous_6)
FNDA:10,addTransaction
FNDA:10,(anonymous_8)
FNDA:0,deleteTransaction
FNDA:0,(anonymous_10)
FNDA:0,(anonymous_11)
DA:5,791
DA:6,791
DA:7,791
DA:8,791
DA:9,791
DA:10,791
DA:11,218
DA:12,106
DA:13,106
DA:14,106
DA:15,82
DA:16,82
DA:18,0
DA:20,82
DA:23,791
DA:24,205
DA:25,205
DA:26,0
DA:29,10
DA:30,10
DA:31,10
DA:32,10
DA:33,10
DA:40,10
DA:42,0
DA:43,0
DA:45,10
DA:49,0
DA:50,0
DA:51,0
DA:52,0
DA:53,0
DA:54,0
DA:56,0
DA:57,0
DA:59,0
DA:62,791
LF:37
LH:24
BRDA:11,0,0,112
BRDA:11,0,1,106
BRDA:25,1,0,205
BRDA:25,1,1,0
BRDA:26,2,0,0
BRDA:26,2,1,0
BRDA:29,3,0,0
BRDA:29,3,1,10
BRDA:49,4,0,0
BRDA:49,4,1,0
BRF:10
BRH:4
end_of_record
TN:
SF:src\shared\types\goals.ts
FNF:0
FNH:0
LF:0
LH:0
BRF:0
BRH:0
end_of_record
TN:
SF:src\shared\types\transactions.ts
FNF:0
FNH:0
LF:0
LH:0
BRF:0
BRH:0
end_of_record
TN:
SF:src\types\css.d.ts
FNF:0
FNH:0
LF:0
LH:0
BRF:0
BRH:0
end_of_record
