TN:
SF:src\App.tsx
FNF:0
FNH:0
LF:0
LH:0
BRF:0
BRH:0
end_of_record
TN:
SF:src\main.tsx
FNF:0
FNH:0
LF:0
LH:0
BRF:0
BRH:0
end_of_record
TN:
SF:src\api\axios.ts
FN:9,getBaseUrl
FN:19,readToken
FN:28,persistToken
FN:41,clearToken
FN:51,(anonymous_4)
FN:59,(anonymous_5)
FN:63,(anonymous_6)
FN:64,(anonymous_7)
FN:76,getUnauthorizedEventName
FN:80,getTokenKey
FNF:10
FNH:9
FNDA:257,getBaseUrl
FNDA:387,readToken
FNDA:68,persistToken
FNDA:30,clearToken
FNDA:387,(anonymous_4)
FNDA:0,(anonymous_5)
FNDA:311,(anonymous_6)
FNDA:16,(anonymous_7)
FNDA:212,getUnauthorizedEventName
FNDA:212,getTokenKey
DA:3,257
DA:4,257
DA:5,257
DA:10,257
DA:11,0
DA:13,257
DA:14,0
DA:16,257
DA:20,387
DA:21,387
DA:22,387
DA:24,0
DA:29,68
DA:30,68
DA:31,68
DA:32,34
DA:34,34
DA:37,0
DA:42,30
DA:45,257
DA:50,257
DA:52,387
DA:53,387
DA:54,0
DA:55,0
DA:57,387
DA:59,0
DA:62,257
DA:63,311
DA:65,16
DA:66,16
DA:67,10
DA:68,10
DA:69,10
DA:72,16
DA:77,212
DA:81,212
LF:37
LH:30
BRDA:10,0,0,0
BRDA:10,1,0,257
BRDA:10,1,1,257
BRDA:13,2,0,0
BRDA:13,3,0,257
BRDA:13,3,1,257
BRDA:20,4,0,0
BRDA:29,5,0,0
BRDA:31,6,0,34
BRDA:31,6,1,34
BRDA:53,7,0,0
BRDA:54,8,0,0
BRDA:54,8,1,0
BRDA:66,9,0,10
BRDA:66,10,0,16
BRDA:66,10,1,6
BRDA:68,11,0,10
BRF:17
BRH:10
end_of_record
TN:
SF:src\app\index.tsx
FNF:0
FNH:0
LF:0
LH:0
BRF:0
BRH:0
end_of_record
TN:
SF:src\dev\DevNav.cy.tsx
FNF:0
FNH:0
LF:0
LH:0
BRF:0
BRH:0
end_of_record
TN:
SF:src\pages\Assistant\Assistant.cy.tsx
FN:5,(anonymous_0)
FN:6,(anonymous_1)
FN:21,(anonymous_2)
FNF:3
FNH:3
FNDA:27,(anonymous_0)
FNDA:27,(anonymous_1)
FNDA:18,(anonymous_2)
DA:5,27
DA:6,27
DA:7,27
DA:18,27
DA:19,27
DA:21,27
DA:22,18
DA:33,18
DA:34,18
LF:9
LH:9
BRF:0
BRH:0
end_of_record
TN:
SF:src\pages\Assistant\index.tsx
FN:4,Assistant
FNF:1
FNH:1
FNDA:45,Assistant
DA:5,45
LF:1
LH:1
BRF:0
BRH:0
end_of_record
TN:
SF:src\pages\Auth\index.tsx
FNF:0
FNH:0
LF:0
LH:0
BRF:0
BRH:0
end_of_record
TN:
SF:src\pages\Auth\Login\Login.cy.tsx
FN:6,mountLogin
FN:43,(anonymous_1)
FN:44,(anonymous_2)
FN:46,(anonymous_3)
FN:51,(anonymous_4)
FN:53,(anonymous_5)
FNF:6
FNH:6
FNDA:45,mountLogin
FNDA:27,(anonymous_1)
FNDA:27,(anonymous_2)
FNDA:27,(anonymous_3)
FNDA:18,(anonymous_4)
FNDA:18,(anonymous_5)
DA:7,45
DA:19,45
DA:43,27
DA:44,27
DA:45,27
DA:46,27
DA:47,27
DA:49,27
DA:51,27
DA:52,18
DA:53,18
DA:54,18
DA:55,18
DA:56,18
DA:58,18
LF:15
LH:15
BRF:0
BRH:0
end_of_record
TN:
SF:src\pages\Auth\Login\index.tsx
FN:6,Login
FN:12,handleSubmit
FN:114,(anonymous_2)
FN:132,(anonymous_3)
FNF:4
FNH:4
FNDA:594,Login
FNDA:45,handleSubmit
FNDA:288,(anonymous_2)
FNDA:198,(anonymous_3)
DA:7,594
DA:8,594
DA:9,594
DA:10,594
DA:11,594
DA:13,45
DA:14,45
DA:15,45
DA:16,27
DA:17,27
DA:19,18
DA:20,18
DA:21,18
DA:23,0
DA:26,594
DA:27,594
DA:114,288
DA:132,198
LF:18
LH:17
BRDA:15,0,0,27
BRDA:15,0,1,18
BRDA:15,1,0,45
BRDA:15,1,1,18
BRDA:26,2,0,594
BRDA:26,2,1,567
BRDA:175,3,0,594
BRDA:175,3,1,27
BRDA:180,4,0,18
BRDA:180,4,1,576
BRF:10
BRH:10
end_of_record
TN:
SF:src\pages\Auth\Register\Register.cy.tsx
FN:6,mountRegister
FN:43,(anonymous_1)
FN:44,(anonymous_2)
FN:46,(anonymous_3)
FN:51,(anonymous_4)
FN:53,(anonymous_5)
FN:6,(anonymous_0)
FN:7,(anonymous_1)
FN:14,(anonymous_2)
FN:27,(anonymous_3)
FN:32,(anonymous_4)
FN:49,(anonymous_5)
FN:5,(anonymous_0)
FN:18,(anonymous_1)
FN:19,(anonymous_2)
FN:5,(anonymous_0)
FN:16,(anonymous_1)
FN:17,(anonymous_2)
FNF:18
FNH:18
FNDA:25,mountRegister
FNDA:15,(anonymous_1)
FNDA:23,(anonymous_2)
FNDA:23,(anonymous_3)
FNDA:10,(anonymous_4)
FNDA:14,(anonymous_5)
FNDA:8,(anonymous_0)
FNDA:39,(anonymous_1)
FNDA:43,(anonymous_2)
FNDA:33,(anonymous_3)
FNDA:6,(anonymous_4)
FNDA:19,(anonymous_5)
FNDA:2,(anonymous_0)
FNDA:45,(anonymous_1)
FNDA:45,(anonymous_2)
FNDA:4,(anonymous_0)
FNDA:45,(anonymous_1)
FNDA:45,(anonymous_2)
DA:5,8
DA:6,10
DA:7,37
DA:8,39
DA:9,39
DA:10,39
DA:11,39
DA:12,39
DA:14,8
DA:15,18
DA:16,20
DA:17,20
DA:18,22
DA:19,33
DA:20,22
DA:21,22
DA:22,20
DA:27,33
DA:28,33
DA:29,33
DA:30,33
DA:32,8
DA:33,6
DA:43,15
DA:44,23
DA:45,21
DA:46,23
DA:47,23
DA:49,23
DA:50,19
DA:51,15
DA:52,14
DA:53,18
DA:54,14
DA:55,18
DA:56,18
DA:57,18
DA:58,18
DA:59,19
DA:60,18
LF:40
LH:40
BRF:0
BRH:0
end_of_record
TN:
SF:src\pages\Auth\Register\index.tsx
FN:6,Register
FN:16,handleSubmit
FN:165,(anonymous_2)
FN:182,(anonymous_3)
FN:204,(anonymous_4)
FN:222,(anonymous_5)
FN:240,(anonymous_6)
FN:258,(anonymous_7)
FNF:8
FNH:6
FNDA:566,Register
FNDA:15,handleSubmit
FNDA:90,(anonymous_2)
FNDA:160,(anonymous_3)
FNDA:110,(anonymous_4)
FNDA:110,(anonymous_5)
FNDA:0,(anonymous_6)
FNDA:0,(anonymous_7)
DA:7,566
DA:8,554
DA:9,510
DA:10,510
DA:11,510
DA:12,510
DA:13,510
DA:14,510
DA:15,510
DA:17,15
DA:18,15
DA:19,15
DA:20,15
DA:21,15
DA:22,15
DA:23,15
DA:24,15
DA:25,15
DA:26,15
DA:27,15
DA:29,0
DA:30,0
DA:31,0
DA:33,0
DA:34,0
DA:35,0
DA:36,0
DA:38,0
DA:39,0
DA:40,0
DA:41,0
DA:43,0
DA:44,0
DA:45,0
DA:46,0
DA:48,0
DA:49,0
DA:50,0
DA:52,0
DA:53,0
DA:54,0
DA:56,0
DA:57,0
DA:64,0
DA:66,0
DA:69,510
DA:70,510
DA:165,90
DA:182,160
DA:204,110
DA:222,110
DA:240,0
DA:258,0
LF:53
LH:26
BRDA:25,0,0,15
BRDA:25,0,1,0
BRDA:25,1,0,15
BRDA:25,1,1,0
BRDA:25,1,2,0
BRDA:25,1,3,0
BRDA:25,1,4,0
BRDA:25,1,5,0
BRDA:29,2,0,0
BRDA:29,2,1,0
BRDA:29,3,0,0
BRDA:29,3,1,0
BRDA:34,4,0,0
BRDA:34,4,1,0
BRDA:34,5,0,0
BRDA:34,5,1,0
BRDA:39,6,0,0
BRDA:39,6,1,0
BRDA:44,7,0,0
BRDA:44,7,1,0
BRDA:48,8,0,0
BRDA:48,8,1,0
BRDA:52,9,0,0
BRDA:52,9,1,0
BRDA:69,10,0,510
BRDA:69,10,1,495
BRDA:269,11,0,510
BRDA:269,11,1,15
BRDA:274,12,0,0
BRDA:274,12,1,510
BRF:30
BRH:7
end_of_record
TN:
SF:src\pages\BalanceAndTransactions\BalanceAndTransactions.cy.tsx
FN:13,mountBalancePage
FN:51,(anonymous_1)
FN:52,(anonymous_2)
FN:58,(anonymous_3)
FN:61,(anonymous_4)
FN:67,(anonymous_5)
FN:15,mountBalancePage
FN:55,(anonymous_1)
FN:56,(anonymous_2)
FN:62,(anonymous_3)
FN:77,(anonymous_4)
FN:80,(anonymous_5)
FN:86,(anonymous_6)
FN:16,prepareAuth
FN:23,(anonymous_1)
FN:24,(anonymous_2)
FN:47,(anonymous_3)
FN:79,(anonymous_4)
FN:103,(anonymous_5)
FN:13,(anonymous_0)
FN:23,(anonymous_1)
FN:41,(anonymous_2)
FN:42,(anonymous_3)
FN:45,(anonymous_4)
FN:48,(anonymous_5)
FN:53,(anonymous_6)
FNF:26
FNH:26
FNDA:15,mountBalancePage
FNDA:18,(anonymous_1)
FNDA:18,(anonymous_2)
FNDA:19,(anonymous_3)
FNDA:19,(anonymous_4)
FNDA:18,(anonymous_5)
FNDA:9,mountBalancePage
FNDA:16,(anonymous_1)
FNDA:22,(anonymous_2)
FNDA:12,(anonymous_3)
FNDA:14,(anonymous_4)
FNDA:6,(anonymous_5)
FNDA:6,(anonymous_6)
FNDA:54,prepareAuth
FNDA:12,(anonymous_1)
FNDA:21,(anonymous_2)
FNDA:9,(anonymous_3)
FNDA:6,(anonymous_4)
FNDA:4,(anonymous_5)
FNDA:33,(anonymous_0)
FNDA:27,(anonymous_1)
FNDA:20,(anonymous_2)
FNDA:39,(anonymous_3)
FNDA:20,(anonymous_4)
FNDA:15,(anonymous_5)
FNDA:22,(anonymous_6)
DA:6,33
DA:13,16
DA:14,49
DA:15,45
DA:16,42
DA:17,44
DA:18,45
DA:19,15
DA:21,9
DA:23,27
DA:24,30
DA:25,39
DA:26,39
DA:27,39
DA:28,27
DA:29,21
DA:41,20
DA:42,20
DA:43,39
DA:44,29
DA:45,29
DA:46,29
DA:47,12
DA:48,26
DA:49,15
DA:50,15
DA:51,21
DA:52,35
DA:53,35
DA:54,26
DA:55,26
DA:56,30
DA:57,22
DA:58,25
DA:59,22
DA:60,25
DA:61,22
DA:62,19
DA:63,18
DA:64,18
DA:65,18
DA:67,18
DA:68,18
DA:69,18
DA:70,18
DA:72,18
DA:75,12
DA:77,16
DA:78,14
DA:79,14
DA:80,14
DA:81,8
DA:82,8
DA:83,10
DA:84,6
DA:86,14
DA:87,6
DA:88,6
DA:89,6
DA:91,8
DA:102,6
DA:103,6
DA:104,4
DA:105,4
DA:106,4
LF:65
LH:65
BRDA:15,0,0,0
BRDA:15,1,0,0
BRF:2
BRH:0
end_of_record
TN:
SF:src\pages\BalanceAndTransactions\index.tsx
FN:10,parseTransactionDate
FN:43,BalanceAndTransactions
FN:64,(anonymous_2)
FN:77,(anonymous_3)
FN:104,(anonymous_4)
FN:121,(anonymous_5)
FN:122,(anonymous_6)
FN:140,(anonymous_7)
FN:154,(anonymous_8)
FN:181,handleAddTransaction
FN:219,handleDelete
FN:227,handleDeleteSubmit
FN:234,(anonymous_12)
FN:236,(anonymous_13)
FN:247,(anonymous_14)
FN:374,(anonymous_15)
FN:375,(anonymous_16)
FN:437,(anonymous_17)
FN:553,(anonymous_18)
FN:554,(anonymous_19)
FN:576,(anonymous_20)
FN:577,(anonymous_21)
FN:605,(anonymous_22)
FN:637,(anonymous_23)
FN:644,(anonymous_24)
FN:688,(anonymous_25)
FN:725,(anonymous_26)
FN:741,(anonymous_27)
FN:742,(anonymous_28)
FN:742,(anonymous_29)
FN:763,(anonymous_30)
FN:780,(anonymous_31)
FN:891,(anonymous_32)
FN:903,(anonymous_33)
FN:952,(anonymous_34)
FN:960,(anonymous_35)
FN:979,(anonymous_36)
FNF:37
FNH:21
FNDA:206,parseTransactionDate
FNDA:625,BalanceAndTransactions
FNDA:132,(anonymous_2)
FNDA:132,(anonymous_3)
FNDA:132,(anonymous_4)
FNDA:792,(anonymous_5)
FNDA:792,(anonymous_6)
FNDA:132,(anonymous_7)
FNDA:0,(anonymous_8)
FNDA:16,handleAddTransaction
FNDA:0,handleDelete
FNDA:0,handleDeleteSubmit
FNDA:132,(anonymous_12)
FNDA:0,(anonymous_13)
FNDA:79,(anonymous_14)
FNDA:0,(anonymous_15)
FNDA:0,(anonymous_16)
FNDA:3726,(anonymous_17)
FNDA:10,(anonymous_18)
FNDA:10,(anonymous_19)
FNDA:0,(anonymous_20)
FNDA:0,(anonymous_21)
FNDA:0,(anonymous_22)
FNDA:0,(anonymous_23)
FNDA:0,(anonymous_24)
FNDA:0,(anonymous_25)
FNDA:166,(anonymous_26)
FNDA:0,(anonymous_27)
FNDA:3726,(anonymous_28)
FNDA:3105,(anonymous_29)
FNDA:54,(anonymous_30)
FNDA:108,(anonymous_31)
FNDA:38,(anonymous_32)
FNDA:0,(anonymous_33)
FNDA:621,(anonymous_34)
FNDA:0,(anonymous_35)
FNDA:0,(anonymous_36)
DA:7,33
DA:8,33
DA:9,33
DA:11,206
DA:12,106
DA:13,106
DA:14,106
DA:15,16
DA:16,16
DA:17,16
DA:18,16
DA:19,16
DA:20,16
DA:21,10
DA:24,96
DA:25,96
DA:26,96
DA:27,90
DA:28,90
DA:29,90
DA:30,90
DA:31,90
DA:32,90
DA:33,90
DA:36,6
DA:37,6
DA:38,0
DA:39,0
DA:41,6
DA:44,625
DA:45,621
DA:46,621
DA:47,621
DA:48,621
DA:49,621
DA:50,621
DA:51,621
DA:52,621
DA:53,621
DA:63,621
DA:64,621
DA:65,132
DA:66,132
DA:67,132
DA:68,19
DA:69,10
DA:71,132
DA:77,621
DA:78,132
DA:79,132
DA:80,132
DA:81,132
DA:82,924
DA:83,924
DA:84,924
DA:85,924
DA:86,924
DA:87,924
DA:88,924
DA:89,133
DA:90,133
DA:91,63
DA:92,0
DA:93,0
DA:96,924
DA:100,924
DA:102,132
DA:104,621
DA:105,132
DA:113,132
DA:114,19
DA:115,0
DA:116,0
DA:117,0
DA:119,0
DA:121,792
DA:122,792
DA:128,132
DA:129,132
DA:130,132
DA:131,792
DA:132,0
DA:133,0
DA:134,0
DA:135,0
DA:137,132
DA:138,132
DA:140,621
DA:141,132
DA:142,132
DA:143,132
DA:144,132
DA:145,19
DA:146,19
DA:147,9
DA:148,9
DA:149,9
DA:150,9
DA:151,9
DA:152,9
DA:154,132
DA:155,132
DA:156,132
DA:157,132
DA:158,9
DA:159,9
DA:161,132
DA:162,132
DA:163,132
DA:164,132
DA:165,132
DA:166,924
DA:167,924
DA:168,924
DA:169,924
DA:170,924
DA:171,0
DA:173,924
DA:177,924
DA:179,132
DA:182,16
DA:183,16
DA:184,16
DA:185,16
DA:186,16
DA:187,16
DA:188,0
DA:189,0
DA:191,16
DA:192,16
DA:193,6
DA:194,6
DA:196,10
DA:197,0
DA:198,0
DA:200,10
DA:201,10
DA:208,10
DA:209,10
DA:210,10
DA:211,10
DA:212,10
DA:213,10
DA:214,10
DA:216,0
DA:220,0
DA:221,0
DA:222,0
DA:224,0
DA:228,0
DA:229,0
DA:230,0
DA:231,0
DA:232,0
DA:234,621
DA:235,132
DA:236,132
DA:237,0
DA:238,0
DA:239,0
DA:240,0
DA:241,0
DA:242,0
DA:244,132
DA:246,621
DA:247,621
DA:248,79
DA:250,621
DA:251,621
DA:252,621
DA:253,621
DA:254,621
DA:374,0
DA:375,0
DA:437,3726
DA:554,10
DA:555,10
DA:556,0
DA:557,0
DA:577,0
DA:578,0
DA:579,0
DA:605,0
DA:637,0
DA:644,0
DA:689,0
DA:690,0
DA:691,0
DA:692,0
DA:693,0
DA:694,0
DA:725,166
DA:741,0
DA:742,3726
DA:763,54
DA:780,108
DA:892,38
DA:893,38
DA:898,38
DA:904,0
DA:905,0
DA:953,621
DA:954,621
DA:955,621
DA:960,0
DA:980,0
LF:206
LH:152
BRDA:11,0,0,100
BRDA:11,0,1,106
BRDA:14,1,0,16
BRDA:14,1,1,90
BRDA:20,2,0,10
BRDA:20,2,1,6
BRDA:20,3,0,16
BRDA:20,3,1,10
BRDA:20,3,2,10
BRDA:24,4,0,96
BRDA:24,4,1,0
BRDA:26,5,0,90
BRDA:26,5,1,6
BRDA:32,6,0,90
BRDA:32,6,1,0
BRDA:32,7,0,90
BRDA:32,7,1,90
BRDA:32,7,2,90
BRDA:37,8,0,0
BRDA:37,8,1,6
BRDA:68,9,0,9
BRDA:68,9,1,10
BRDA:90,10,0,70
BRDA:90,10,1,63
BRDA:91,11,0,0
BRDA:91,11,1,63
BRDA:91,12,0,63
BRDA:91,12,1,0
BRDA:92,13,0,0
BRDA:92,13,1,0
BRDA:114,14,0,19
BRDA:114,14,1,0
BRDA:116,15,0,0
BRDA:116,15,1,0
BRDA:121,16,0,132
BRDA:121,16,1,132
BRDA:131,17,0,792
BRDA:131,17,1,0
BRDA:137,18,0,0
BRDA:137,18,1,132
BRDA:146,19,0,10
BRDA:146,19,1,9
BRDA:148,20,0,0
BRDA:148,20,1,9
BRDA:150,21,0,9
BRDA:150,21,1,9
BRDA:151,22,0,9
BRDA:151,22,1,0
BRDA:158,23,0,9
BRDA:158,23,1,0
BRDA:170,24,0,0
BRDA:170,24,1,924
BRDA:171,25,0,0
BRDA:171,25,1,0
BRDA:187,26,0,0
BRDA:187,26,1,16
BRDA:187,27,0,16
BRDA:187,27,1,16
BRDA:192,28,0,6
BRDA:192,28,1,10
BRDA:196,29,0,0
BRDA:196,29,1,10
BRDA:196,30,0,10
BRDA:196,30,1,10
BRDA:203,31,0,0
BRDA:203,31,1,10
BRDA:206,32,0,10
BRDA:206,32,1,4
BRDA:229,33,0,0
BRDA:229,33,1,0
BRDA:239,34,0,0
BRDA:239,34,1,0
BRDA:239,35,0,0
BRDA:239,35,1,0
BRDA:240,36,0,0
BRDA:240,36,1,0
BRDA:240,37,0,0
BRDA:240,37,1,0
BRDA:241,38,0,0
BRDA:241,38,1,0
BRDA:241,39,0,0
BRDA:241,39,1,0
BRDA:253,40,0,621
BRDA:253,40,1,525
BRDA:253,40,2,525
BRDA:555,41,0,0
BRDA:555,41,1,10
BRDA:560,42,0,354
BRDA:560,42,1,267
BRDA:581,43,0,0
BRDA:581,43,1,621
BRDA:631,44,0,621
BRDA:631,44,1,0
BRDA:636,45,0,0
BRDA:636,45,1,0
BRDA:637,46,0,0
BRDA:637,46,1,0
BRDA:649,47,0,0
BRDA:649,47,1,0
BRDA:667,48,0,0
BRDA:667,48,1,0
BRDA:680,49,0,354
BRDA:680,49,1,267
BRDA:691,50,0,0
BRDA:691,50,1,0
BRDA:693,51,0,0
BRDA:693,51,1,0
BRDA:736,52,0,621
BRDA:736,52,1,621
BRDA:791,53,0,68
BRDA:791,53,1,553
BRDA:807,54,0,621
BRDA:807,54,1,96
BRDA:839,55,0,621
BRDA:839,55,1,68
BRDA:839,55,2,68
BRDA:865,56,0,621
BRDA:865,56,1,553
BRDA:865,56,2,515
BRDA:893,57,0,18
BRDA:893,57,1,20
BRDA:902,58,0,0
BRDA:902,58,1,38
BRDA:902,59,0,38
BRDA:902,59,1,0
BRDA:904,60,0,0
BRDA:904,60,1,0
BRDA:919,61,0,18
BRDA:919,61,1,20
BRDA:920,62,0,18
BRDA:920,62,1,20
BRDA:928,63,0,38
BRDA:928,63,1,20
BRDA:959,64,0,621
BRDA:959,64,1,0
BRDA:980,65,0,0
BRDA:980,65,1,0
BRF:137
BRH:80
end_of_record
TN:
SF:src\pages\Dashboard\Dashboard.cy.tsx
FN:13,(anonymous_0)
FN:14,(anonymous_1)
FN:17,(anonymous_2)
FN:15,mountDashboard
FN:51,(anonymous_1)
FN:52,(anonymous_2)
FN:58,(anonymous_3)
FN:16,prepareAuth
FN:23,(anonymous_1)
FN:24,(anonymous_2)
FN:47,(anonymous_3)
FN:5,(anonymous_0)
FN:6,(anonymous_1)
FN:21,(anonymous_2)
FN:36,(anonymous_3)
FN:13,(anonymous_0)
FN:27,(anonymous_1)
FN:45,(anonymous_2)
FN:46,(anonymous_3)
FN:49,(anonymous_4)
FN:52,(anonymous_5)
FN:57,(anonymous_6)
FNF:22
FNH:22
FNDA:14,(anonymous_0)
FNDA:32,(anonymous_1)
FNDA:19,(anonymous_2)
FNDA:13,mountDashboard
FNDA:5,(anonymous_1)
FNDA:13,(anonymous_2)
FNDA:4,(anonymous_3)
FNDA:36,prepareAuth
FNDA:3,(anonymous_1)
FNDA:16,(anonymous_2)
FNDA:2,(anonymous_3)
FNDA:8,(anonymous_0)
FNDA:8,(anonymous_1)
FNDA:17,(anonymous_2)
FNDA:7,(anonymous_3)
FNDA:26,(anonymous_0)
FNDA:34,(anonymous_1)
FNDA:11,(anonymous_2)
FNDA:25,(anonymous_3)
FNDA:15,(anonymous_4)
FNDA:11,(anonymous_5)
FNDA:9,(anonymous_6)
DA:5,8
DA:6,28
DA:7,8
DA:13,22
DA:14,38
DA:15,35
DA:16,37
DA:17,32
DA:18,37
DA:19,37
DA:21,27
DA:22,32
DA:23,3
DA:24,11
DA:25,22
DA:26,14
DA:27,19
DA:28,30
DA:29,29
DA:33,40
DA:34,38
DA:35,40
DA:36,40
DA:37,36
DA:38,36
DA:43,20
DA:44,12
DA:45,20
DA:46,19
DA:47,29
DA:48,24
DA:49,24
DA:50,14
DA:51,6
DA:52,13
DA:53,13
DA:54,13
DA:55,11
DA:56,13
DA:57,14
DA:58,6
DA:59,6
DA:60,9
DA:61,8
DA:73,2
DA:79,4
DA:80,4
DA:88,2
DA:89,2
LF:49
LH:49
BRDA:15,0,0,0
BRDA:15,1,0,0
BRF:2
BRH:0
end_of_record
TN:
SF:src\pages\Dashboard\index.tsx
FN:8,parseDate
FN:42,getGoalClasses
FN:59,Dashboard
FN:64,(anonymous_3)
FN:66,fetchGoals
FN:71,(anonymous_5)
FN:80,(anonymous_6)
FN:84,(anonymous_7)
FN:93,(anonymous_8)
FN:113,(anonymous_9)
FN:130,(anonymous_10)
FN:130,(anonymous_11)
FN:133,(anonymous_12)
FN:135,(anonymous_13)
FN:323,(anonymous_14)
FN:374,(anonymous_15)
FNF:16
FNH:13
FNDA:4,parseDate
FNDA:0,getGoalClasses
FNDA:155,Dashboard
FNDA:34,(anonymous_3)
FNDA:34,fetchGoals
FNDA:4,(anonymous_5)
FNDA:14,(anonymous_6)
FNDA:66,(anonymous_7)
FNDA:48,(anonymous_8)
FNDA:0,(anonymous_9)
FNDA:52,(anonymous_10)
FNDA:4,(anonymous_11)
FNDA:52,(anonymous_12)
FNDA:4,(anonymous_13)
FNDA:4,(anonymous_14)
FNDA:0,(anonymous_15)
DA:9,4
DA:10,4
DA:11,4
DA:12,4
DA:13,0
DA:14,0
DA:15,0
DA:16,0
DA:17,0
DA:18,0
DA:19,0
DA:21,4
DA:22,4
DA:23,4
DA:25,4
DA:26,4
DA:27,4
DA:28,4
DA:29,4
DA:30,4
DA:31,4
DA:32,4
DA:33,4
DA:35,0
DA:36,0
DA:37,0
DA:38,0
DA:40,0
DA:43,0
DA:45,0
DA:47,0
DA:49,0
DA:52,0
DA:54,0
DA:56,0
DA:60,155
DA:61,111
DA:62,111
DA:63,111
DA:64,111
DA:65,34
DA:67,34
DA:68,34
DA:69,34
DA:70,18
DA:71,18
DA:74,0
DA:75,0
DA:79,34
DA:80,34
DA:81,14
DA:84,111
DA:85,66
DA:86,32
DA:87,32
DA:88,32
DA:89,32
DA:90,0
DA:91,0
DA:93,111
DA:94,48
DA:95,48
DA:96,48
DA:97,48
DA:98,48
DA:99,48
DA:100,48
DA:101,48
DA:102,48
DA:103,48
DA:104,48
DA:105,4
DA:106,4
DA:107,4
DA:108,4
DA:109,0
DA:110,0
DA:113,48
DA:114,0
DA:115,0
DA:116,0
DA:117,0
DA:118,0
DA:119,0
DA:121,48
DA:122,48
DA:129,111
DA:130,52
DA:133,111
DA:134,52
DA:135,52
DA:136,4
DA:137,4
DA:138,4
DA:139,0
DA:144,4
DA:145,0
DA:152,52
DA:154,111
DA:155,111
DA:156,111
DA:157,111
DA:158,111
DA:159,111
DA:323,4
DA:375,0
DA:376,0
DA:377,0
LF:108
LH:72
BRDA:9,0,0,0
BRDA:9,0,1,4
BRDA:12,1,0,0
BRDA:12,1,1,4
BRDA:17,2,0,0
BRDA:17,2,1,0
BRDA:22,3,0,4
BRDA:22,3,1,0
BRDA:26,4,0,4
BRDA:26,4,1,0
BRDA:31,5,0,0
BRDA:31,5,1,4
BRDA:36,6,0,0
BRDA:36,6,1,0
BRDA:43,7,0,0
BRDA:43,7,1,0
BRDA:43,7,2,0
BRDA:43,7,3,0
BRDA:43,7,4,0
BRDA:43,7,5,0
BRDA:43,7,6,0
BRDA:70,8,0,18
BRDA:70,8,1,0
BRDA:74,9,0,0
BRDA:74,9,1,0
BRDA:85,10,0,34
BRDA:85,10,1,32
BRDA:86,11,0,32
BRDA:86,11,1,0
BRDA:87,12,0,32
BRDA:87,12,1,0
BRDA:89,13,0,32
BRDA:89,13,1,0
BRDA:90,14,0,0
BRDA:90,14,1,0
BRDA:105,15,0,0
BRDA:105,15,1,4
BRDA:108,16,0,0
BRDA:108,16,1,4
BRDA:108,17,0,4
BRDA:108,17,1,4
BRDA:108,17,2,0
BRDA:109,18,0,0
BRDA:109,18,1,0
BRDA:116,19,0,0
BRDA:116,19,1,0
BRDA:116,20,0,0
BRDA:116,20,1,0
BRDA:117,21,0,0
BRDA:117,21,1,0
BRDA:117,22,0,0
BRDA:117,22,1,0
BRDA:118,23,0,0
BRDA:118,23,1,0
BRDA:118,24,0,0
BRDA:118,24,1,0
BRDA:130,25,0,4
BRDA:130,25,1,0
BRDA:136,26,0,0
BRDA:136,26,1,4
BRDA:138,27,0,0
BRDA:138,27,1,4
BRDA:144,28,0,0
BRDA:144,28,1,4
BRDA:155,29,0,111
BRDA:155,29,1,0
BRDA:156,30,0,111
BRDA:156,30,1,0
BRDA:158,31,0,111
BRDA:158,31,1,111
BRDA:233,32,0,111
BRDA:233,32,1,111
BRDA:261,33,0,111
BRDA:261,33,1,111
BRDA:305,34,0,111
BRDA:305,34,1,31
BRDA:314,35,0,111
BRDA:314,35,1,80
BRDA:314,35,2,76
BRDA:323,36,0,111
BRDA:323,36,1,80
BRDA:330,37,0,0
BRDA:330,37,1,4
BRDA:364,38,0,111
BRDA:364,38,1,0
BRDA:369,39,0,111
BRDA:369,39,1,111
BRDA:369,39,2,111
BRDA:374,40,0,111
BRDA:374,40,1,111
BRDA:375,41,0,0
BRDA:375,41,1,0
BRDA:376,42,0,0
BRDA:376,42,1,0
BRDA:427,43,0,0
BRDA:427,43,1,111
BRF:96
BRH:42
end_of_record
TN:
SF:src\pages\Goals\Goals.cy.tsx
FN:5,(anonymous_0)
FN:6,(anonymous_1)
FN:22,(anonymous_2)
FN:6,mountGoals
FN:32,(anonymous_1)
FN:33,(anonymous_2)
FN:39,(anonymous_3)
FN:51,(anonymous_4)
FN:55,(anonymous_5)
FN:6,(anonymous_0)
FN:7,(anonymous_1)
FN:27,(anonymous_2)
FN:53,(anonymous_3)
FN:5,(anonymous_0)
FN:11,(anonymous_1)
FN:24,(anonymous_2)
FN:25,(anonymous_3)
FN:28,(anonymous_4)
FN:31,(anonymous_5)
FN:36,(anonymous_6)
FN:5,(anonymous_0)
FN:18,(anonymous_1)
FN:19,(anonymous_2)
FN:22,(anonymous_3)
FN:26,(anonymous_4)
FN:5,(anonymous_0)
FN:16,(anonymous_1)
FN:17,(anonymous_2)
FN:20,(anonymous_3)
FNF:29
FNH:29
FNDA:9,(anonymous_0)
FNDA:26,(anonymous_1)
FNDA:14,(anonymous_2)
FNDA:26,mountGoals
FNDA:12,(anonymous_1)
FNDA:20,(anonymous_2)
FNDA:9,(anonymous_3)
FNDA:10,(anonymous_4)
FNDA:4,(anonymous_5)
FNDA:8,(anonymous_0)
FNDA:26,(anonymous_1)
FNDA:6,(anonymous_2)
FNDA:4,(anonymous_3)
FNDA:23,(anonymous_0)
FNDA:35,(anonymous_1)
FNDA:12,(anonymous_2)
FNDA:39,(anonymous_3)
FNDA:12,(anonymous_4)
FNDA:9,(anonymous_5)
FNDA:8,(anonymous_6)
FNDA:9,(anonymous_0)
FNDA:12,(anonymous_1)
FNDA:42,(anonymous_2)
FNDA:29,(anonymous_3)
FNDA:14,(anonymous_4)
FNDA:14,(anonymous_0)
FNDA:29,(anonymous_1)
FNDA:38,(anonymous_2)
FNDA:14,(anonymous_3)
DA:5,21
DA:6,38
DA:7,38
DA:8,29
DA:11,26
DA:12,30
DA:16,20
DA:17,33
DA:18,42
DA:19,42
DA:20,42
DA:21,14
DA:22,23
DA:23,33
DA:24,33
DA:25,34
DA:26,39
DA:27,14
DA:28,16
DA:29,14
DA:30,29
DA:31,10
DA:32,12
DA:33,23
DA:34,20
DA:35,23
DA:36,20
DA:37,23
DA:38,8
DA:39,14
DA:40,11
DA:41,11
DA:42,11
DA:49,9
DA:51,12
DA:52,10
DA:53,10
DA:54,8
DA:55,10
DA:56,4
DA:57,8
DA:58,4
DA:69,4
DA:70,4
DA:71,4
LF:45
LH:45
BRDA:6,0,0,0
BRF:1
BRH:0
end_of_record
TN:
SF:src\pages\Goals\index.tsx
FN:6,Goals
FN:20,(anonymous_1)
FN:22,fetchGoals
FN:36,(anonymous_3)
FN:40,(anonymous_4)
FN:42,(anonymous_5)
FN:61,handleAddGoal
FN:82,(anonymous_7)
FN:91,handleSelectEdit
FN:98,handleUpdateGoal
FN:101,(anonymous_10)
FN:127,(anonymous_11)
FN:127,(anonymous_12)
FN:135,handleDeleteGoal
FN:140,(anonymous_14)
FN:140,(anonymous_15)
FN:146,(anonymous_16)
FN:163,(anonymous_17)
FN:213,(anonymous_18)
FN:305,(anonymous_19)
FN:305,(anonymous_20)
FN:321,(anonymous_21)
FN:338,(anonymous_22)
FN:356,(anonymous_23)
FN:392,(anonymous_24)
FN:421,(anonymous_25)
FN:449,(anonymous_26)
FN:481,(anonymous_27)
FN:535,(anonymous_28)
FN:575,(anonymous_29)
FN:576,(anonymous_30)
FN:608,(anonymous_31)
FN:636,(anonymous_32)
FN:664,(anonymous_33)
FN:691,(anonymous_34)
FN:730,(anonymous_35)
FN:731,(anonymous_36)
FN:767,(anonymous_37)
FN:810,(anonymous_38)
FNF:39
FNH:11
FNDA:167,Goals
FNDA:65,(anonymous_1)
FNDA:65,fetchGoals
FNDA:33,(anonymous_3)
FNDA:95,(anonymous_4)
FNDA:9,(anonymous_5)
FNDA:0,handleAddGoal
FNDA:0,(anonymous_7)
FNDA:0,handleSelectEdit
FNDA:0,handleUpdateGoal
FNDA:0,(anonymous_10)
FNDA:0,(anonymous_11)
FNDA:0,(anonymous_12)
FNDA:0,handleDeleteGoal
FNDA:0,(anonymous_14)
FNDA:0,(anonymous_15)
FNDA:18,(anonymous_16)
FNDA:18,(anonymous_17)
FNDA:0,(anonymous_18)
FNDA:16,(anonymous_19)
FNDA:16,(anonymous_20)
FNDA:22,(anonymous_21)
FNDA:0,(anonymous_22)
FNDA:0,(anonymous_23)
FNDA:0,(anonymous_24)
FNDA:0,(anonymous_25)
FNDA:0,(anonymous_26)
FNDA:0,(anonymous_27)
FNDA:0,(anonymous_28)
FNDA:0,(anonymous_29)
FNDA:0,(anonymous_30)
FNDA:0,(anonymous_31)
FNDA:0,(anonymous_32)
FNDA:0,(anonymous_33)
FNDA:0,(anonymous_34)
FNDA:0,(anonymous_35)
FNDA:0,(anonymous_36)
FNDA:0,(anonymous_37)
FNDA:0,(anonymous_38)
DA:7,167
DA:8,167
DA:9,167
DA:10,167
DA:11,167
DA:12,167
DA:13,167
DA:14,167
DA:15,167
DA:16,167
DA:17,167
DA:18,167
DA:19,167
DA:20,167
DA:21,65
DA:23,65
DA:24,65
DA:25,65
DA:26,35
DA:27,35
DA:30,16
DA:31,6
DA:35,65
DA:36,65
DA:37,33
DA:40,167
DA:41,95
DA:42,95
DA:43,95
DA:44,0
DA:45,0
DA:46,0
DA:47,0
DA:48,0
DA:49,0
DA:51,0
DA:52,0
DA:53,0
DA:54,0
DA:55,0
DA:57,95
DA:58,0
DA:62,0
DA:63,0
DA:64,0
DA:65,0
DA:66,0
DA:67,0
DA:68,0
DA:70,0
DA:71,0
DA:72,0
DA:74,0
DA:75,0
DA:76,0
DA:82,0
DA:83,0
DA:84,0
DA:85,0
DA:86,0
DA:88,0
DA:92,0
DA:93,0
DA:94,0
DA:95,0
DA:96,0
DA:99,0
DA:100,0
DA:101,0
DA:102,0
DA:103,0
DA:104,0
DA:105,0
DA:106,0
DA:107,0
DA:109,0
DA:110,0
DA:111,0
DA:112,0
DA:114,0
DA:115,0
DA:116,0
DA:118,0
DA:119,0
DA:121,0
DA:122,0
DA:127,0
DA:128,0
DA:129,0
DA:130,0
DA:132,0
DA:136,0
DA:137,0
DA:138,0
DA:139,0
DA:140,0
DA:142,0
DA:145,167
DA:146,167
DA:147,18
DA:148,18
DA:149,18
DA:150,0
DA:155,18
DA:156,0
DA:163,167
DA:164,167
DA:214,0
DA:215,0
DA:216,0
DA:217,0
DA:218,0
DA:219,0
DA:221,0
DA:222,0
DA:223,0
DA:225,0
DA:226,0
DA:227,0
DA:229,0
DA:230,0
DA:231,0
DA:233,0
DA:234,0
DA:235,0
DA:238,0
DA:239,0
DA:241,0
DA:305,16
DA:321,22
DA:338,0
DA:356,0
DA:392,0
DA:421,0
DA:449,0
DA:481,0
DA:536,0
DA:537,0
DA:538,0
DA:539,0
DA:540,0
DA:575,0
DA:576,0
DA:608,0
DA:636,0
DA:664,0
DA:692,0
DA:693,0
DA:694,0
DA:695,0
DA:730,0
DA:731,0
DA:767,0
DA:810,0
LF:154
LH:40
BRDA:26,0,0,35
BRDA:26,0,1,0
BRDA:30,1,0,6
BRDA:30,1,1,10
BRDA:42,2,0,9
BRDA:42,2,1,0
BRDA:43,3,0,0
BRDA:43,3,1,95
BRDA:44,4,0,0
BRDA:44,4,1,0
BRDA:57,5,0,0
BRDA:57,5,1,95
BRDA:58,6,0,0
BRDA:58,6,1,0
BRDA:66,7,0,0
BRDA:66,7,1,0
BRDA:66,8,0,0
BRDA:66,8,1,0
BRDA:70,9,0,0
BRDA:70,9,1,0
BRDA:70,10,0,0
BRDA:70,10,1,0
BRDA:74,11,0,0
BRDA:74,11,1,0
BRDA:74,12,0,0
BRDA:74,12,1,0
BRDA:100,13,0,0
BRDA:100,13,1,0
BRDA:102,14,0,0
BRDA:102,14,1,0
BRDA:103,15,0,0
BRDA:103,15,1,0
BRDA:104,16,0,0
BRDA:104,16,1,0
BRDA:105,17,0,0
BRDA:105,17,1,0
BRDA:105,18,0,0
BRDA:105,18,1,0
BRDA:109,19,0,0
BRDA:109,19,1,0
BRDA:110,20,0,0
BRDA:110,20,1,0
BRDA:110,21,0,0
BRDA:110,21,1,0
BRDA:110,21,2,0
BRDA:115,22,0,0
BRDA:115,22,1,0
BRDA:118,23,0,0
BRDA:118,23,1,0
BRDA:127,24,0,0
BRDA:127,24,1,0
BRDA:137,25,0,0
BRDA:137,25,1,0
BRDA:147,26,0,0
BRDA:147,26,1,18
BRDA:149,27,0,0
BRDA:149,27,1,18
BRDA:155,28,0,0
BRDA:155,28,1,18
BRDA:163,29,0,18
BRDA:163,29,1,0
BRDA:208,30,0,167
BRDA:208,30,1,167
BRDA:214,31,0,0
BRDA:214,31,1,0
BRDA:216,32,0,0
BRDA:216,32,1,0
BRDA:219,33,0,0
BRDA:219,33,1,0
BRDA:219,33,2,0
BRDA:219,33,3,0
BRDA:219,33,4,0
BRDA:219,33,5,0
BRDA:305,34,0,36
BRDA:305,34,1,131
BRDA:314,35,0,36
BRDA:314,35,1,131
BRDA:320,36,0,167
BRDA:320,36,1,0
BRDA:337,37,0,0
BRDA:337,37,1,167
BRDA:355,38,0,0
BRDA:355,38,1,167
BRDA:374,39,0,167
BRDA:374,39,1,8
BRDA:379,40,0,167
BRDA:379,40,1,167
BRDA:563,41,0,167
BRDA:563,41,1,0
BRDA:563,41,2,0
BRDA:574,42,0,0
BRDA:574,42,1,0
BRDA:718,43,0,167
BRDA:718,43,1,0
BRDA:718,43,2,0
BRDA:729,44,0,0
BRDA:729,44,1,0
BRDA:805,45,0,167
BRDA:805,45,1,167
BRF:99
BRH:27
end_of_record
TN:
SF:src\pages\Landing\Landing.cy.tsx
FN:5,(anonymous_0)
FN:6,(anonymous_1)
FN:21,(anonymous_2)
FNF:3
FNH:3
FNDA:27,(anonymous_0)
FNDA:27,(anonymous_1)
FNDA:18,(anonymous_2)
DA:5,27
DA:6,27
DA:7,27
DA:18,27
DA:19,27
DA:21,27
DA:22,18
DA:33,18
LF:8
LH:8
BRF:0
BRH:0
end_of_record
TN:
SF:src\pages\Landing\index.tsx
FN:27,Landing
FN:30,(anonymous_1)
FN:267,(anonymous_2)
FN:281,(anonymous_3)
FNF:4
FNH:2
FNDA:45,Landing
FNDA:0,(anonymous_1)
FNDA:225,(anonymous_2)
FNDA:0,(anonymous_3)
DA:5,27
DA:28,45
DA:29,45
DA:30,45
DA:31,45
DA:268,225
DA:269,225
DA:281,0
LF:8
LH:7
BRDA:281,0,0,0
BRDA:281,0,1,0
BRDA:282,1,0,0
BRDA:282,1,1,225
BRDA:313,2,0,0
BRDA:313,2,1,225
BRF:6
BRH:2
end_of_record
TN:
SF:src\pages\NotFound\NotFound.cy.tsx
FN:5,(anonymous_0)
FN:6,(anonymous_1)
FNF:2
FNH:2
FNDA:18,(anonymous_0)
FNDA:18,(anonymous_1)
DA:5,18
DA:6,18
DA:7,18
DA:18,18
DA:19,18
LF:5
LH:5
BRF:0
BRH:0
end_of_record
TN:
SF:src\pages\NotFound\index.tsx
FN:4,NotFound
FNF:1
FNH:1
FNDA:18,NotFound
DA:5,18
LF:1
LH:1
BRF:0
BRH:0
end_of_record
TN:
SF:src\pages\Profile\Profile.cy.tsx
FN:13,(anonymous_0)
FN:14,(anonymous_1)
FN:17,(anonymous_2)
FNF:3
FNH:3
FNDA:18,(anonymous_0)
FNDA:18,(anonymous_1)
FNDA:18,(anonymous_2)
DA:6,18
DA:13,18
DA:14,18
DA:15,18
DA:17,18
DA:18,18
DA:33,18
DA:34,18
DA:35,18
LF:9
LH:9
BRF:0
BRH:0
end_of_record
TN:
SF:src\pages\Profile\index.tsx
FN:6,Profile
FN:9,(anonymous_1)
FN:23,handleLogout
FNF:3
FNH:2
FNDA:36,Profile
FNDA:36,(anonymous_1)
FNDA:0,handleLogout
DA:7,36
DA:8,36
DA:9,36
DA:10,36
DA:11,18
DA:12,18
DA:14,0
DA:15,0
DA:16,0
DA:18,36
DA:19,36
DA:20,36
DA:21,36
DA:22,36
DA:24,0
DA:25,0
DA:27,36
LF:17
LH:12
BRDA:10,0,0,18
BRDA:10,0,1,18
BRDA:11,1,0,18
BRDA:11,1,1,0
BRDA:11,2,0,18
BRDA:11,2,1,18
BRDA:14,3,0,0
BRDA:14,3,1,0
BRDA:15,4,0,0
BRDA:15,4,1,0
BRDA:18,5,0,36
BRDA:18,5,1,18
BRDA:19,6,0,36
BRDA:19,6,1,18
BRDA:20,7,0,36
BRDA:20,7,1,18
BRDA:21,8,0,36
BRDA:21,8,1,18
BRDA:22,9,0,36
BRDA:22,9,1,18
BRDA:22,10,0,18
BRDA:22,10,1,18
BRDA:22,11,0,36
BRDA:22,11,1,18
BRDA:65,12,0,36
BRDA:65,12,1,18
BRF:26
BRH:21
end_of_record
TN:
SF:src\routes\ProtectedRoute.cy.tsx
FN:6,Dummy
FN:13,AuthWrapper
FN:26,(anonymous_2)
FN:29,(anonymous_3)
FN:32,(anonymous_4)
FN:41,(anonymous_5)
FN:42,(anonymous_6)
FN:64,(anonymous_7)
FN:13,(anonymous_0)
FN:63,(anonymous_1)
FN:64,(anonymous_2)
FN:67,(anonymous_3)
FN:72,(anonymous_4)
FN:13,(anonymous_0)
FN:39,(anonymous_1)
FN:40,(anonymous_2)
FN:43,(anonymous_3)
FN:47,(anonymous_4)
FNF:18
FNH:18
FNDA:12,Dummy
FNDA:30,AuthWrapper
FNDA:10,(anonymous_2)
FNDA:10,(anonymous_3)
FNDA:10,(anonymous_4)
FNDA:21,(anonymous_5)
FNDA:21,(anonymous_6)
FNDA:14,(anonymous_7)
FNDA:5,(anonymous_0)
FNDA:24,(anonymous_1)
FNDA:26,(anonymous_2)
FNDA:17,(anonymous_3)
FNDA:16,(anonymous_4)
FNDA:10,(anonymous_0)
FNDA:8,(anonymous_1)
FNDA:10,(anonymous_2)
FNDA:8,(anonymous_3)
FNDA:7,(anonymous_4)
DA:6,6
DA:7,18
DA:13,3
DA:14,40
DA:15,38
DA:17,38
DA:19,10
DA:27,10
DA:30,10
DA:35,35
DA:39,8
DA:40,8
DA:41,21
DA:42,21
DA:43,24
DA:44,27
DA:45,27
DA:47,27
DA:48,26
DA:49,26
DA:62,21
DA:63,24
DA:64,24
DA:65,19
DA:67,17
DA:68,17
DA:69,17
DA:70,17
DA:72,17
DA:73,16
DA:74,16
DA:75,16
DA:84,14
LF:33
LH:33
BRDA:16,0,0,12
BRDA:16,0,1,18
BRDA:14,1,0,2
BRDA:14,1,1,3
BRF:4
BRH:4
end_of_record
TN:
SF:src\routes\ProtectedRoute.tsx
FN:4,ProtectedRoute
FNF:1
FNH:1
FNDA:44,ProtectedRoute
DA:5,44
DA:6,44
DA:7,28
DA:13,16
LF:4
LH:4
BRDA:6,0,0,28
BRDA:6,0,1,16
BRF:2
BRH:2
end_of_record
TN:
SF:src\routes\PublicRoute.cy.tsx
FN:6,Dummy
FN:13,AuthWrapper
FN:26,(anonymous_2)
FN:29,(anonymous_3)
FN:32,(anonymous_4)
FN:41,(anonymous_5)
FN:42,(anonymous_6)
FN:64,(anonymous_7)
FNF:8
FNH:5
FNDA:27,Dummy
FNDA:45,AuthWrapper
FNDA:0,(anonymous_2)
FNDA:0,(anonymous_3)
FNDA:0,(anonymous_4)
FNDA:27,(anonymous_5)
FNDA:27,(anonymous_6)
FNDA:18,(anonymous_7)
DA:7,27
DA:14,45
DA:15,45
DA:27,0
DA:30,0
DA:35,45
DA:41,27
DA:42,27
DA:43,27
DA:62,27
DA:64,27
DA:65,18
DA:84,18
LF:13
LH:11
BRDA:16,0,0,18
BRDA:16,0,1,27
BRF:2
BRH:2
end_of_record
TN:
SF:src\routes\PublicRoute.tsx
FN:4,PublicRoute
FNF:1
FNH:1
FNDA:45,PublicRoute
DA:5,45
DA:6,45
DA:7,18
DA:13,27
LF:4
LH:4
BRDA:6,0,0,18
BRDA:6,0,1,27
BRF:2
BRH:2
end_of_record
TN:
SF:src\routes\index.tsx
FNF:0
FNH:0
LF:0
LH:0
BRF:0
BRH:0
end_of_record
TN:
SF:src\services\analytics.api.ts
FN:16,fetchIncomeReport
FN:21,fetchExpenseReport
FNF:2
FNH:2
FNDA:18,fetchIncomeReport
FNDA:18,fetchExpenseReport
DA:17,18
DA:18,18
DA:22,18
DA:23,18
LF:4
LH:4
BRDA:18,0,0,18
BRDA:18,0,1,18
BRDA:23,1,0,18
BRDA:23,1,1,18
BRF:4
BRH:4
end_of_record
TN:
SF:src\services\auth.api.ts
FN:28,login
FN:33,register
FN:38,fetchProfile
FNF:3
FNH:3
FNDA:36,login
FNDA:18,register
FNDA:18,fetchProfile
DA:29,36
DA:30,36
DA:34,18
DA:35,18
DA:39,18
DA:40,18
LF:6
LH:6
BRF:0
BRH:0
end_of_record
TN:
SF:src\services\goals.api.ts
FN:16,toGoal
FN:30,listGoals
FN:35,createGoal
FN:40,updateGoal
FN:45,deleteGoal
FNF:5
FNH:5
FNDA:49,toGoal
FNDA:117,listGoals
FNDA:18,createGoal
FNDA:18,updateGoal
FNDA:18,deleteGoal
DA:17,49
DA:31,117
DA:32,71
DA:36,18
DA:37,18
DA:41,18
DA:42,18
DA:46,18
LF:8
LH:8
BRDA:19,0,0,49
BRDA:19,0,1,49
BRDA:25,1,0,49
BRDA:25,1,1,49
BRF:4
BRH:4
end_of_record
TN:
SF:src\services\services.cy.tsx
FN:7,callAll
FN:9,(anonymous_1)
FN:13,(anonymous_2)
FN:15,(anonymous_3)
FN:16,(anonymous_4)
FN:21,(anonymous_5)
FN:22,(anonymous_6)
FN:25,(anonymous_7)
FN:27,(anonymous_8)
FN:28,(anonymous_9)
FNF:10
FNH:10
FNDA:54,callAll
FNDA:162,(anonymous_1)
FNDA:162,(anonymous_2)
FNDA:162,(anonymous_3)
FNDA:18,(anonymous_4)
FNDA:18,(anonymous_5)
FNDA:18,(anonymous_6)
FNDA:18,(anonymous_7)
FNDA:18,(anonymous_8)
FNDA:18,(anonymous_9)
DA:8,54
DA:9,162
DA:12,54
DA:14,162
DA:15,162
DA:16,18
DA:21,18
DA:22,18
DA:23,18
DA:25,18
DA:26,18
DA:27,18
DA:28,18
LF:13
LH:13
BRF:0
BRH:0
end_of_record
TN:
SF:src\services\transactions.api.ts
FN:17,toTransaction
FN:33,getTransactions
FN:38,createTransaction
FN:52,deleteTransaction
FNF:4
FNH:3
FNDA:23,toTransaction
FNDA:90,getTransactions
FNDA:10,createTransaction
FNDA:0,deleteTransaction
DA:18,23
DA:20,23
DA:34,90
DA:35,68
DA:39,10
DA:48,10
DA:49,10
DA:53,0
LF:8
LH:7
BRDA:18,0,0,9
BRDA:18,0,1,14
BRDA:18,1,0,14
BRDA:18,1,1,14
BRDA:22,2,0,23
BRDA:22,2,1,23
BRDA:22,2,2,23
BRDA:27,3,0,23
BRDA:27,3,1,10
BRDA:28,4,0,23
BRDA:28,4,1,23
BRDA:42,5,0,0
BRDA:42,5,1,10
BRDA:42,6,0,10
BRDA:42,6,1,0
BRDA:43,7,0,10
BRDA:43,7,1,4
BRDA:45,8,0,10
BRDA:45,8,1,10
BRF:19
BRH:17
end_of_record
TN:
SF:src\shared\coverage-helper.cy.tsx
FN:7,(anonymous_0)
FN:8,(anonymous_1)
FN:9,(anonymous_2)
FN:11,(anonymous_3)
FN:12,(anonymous_4)
FN:14,(anonymous_1)
FNF:6
FNH:6
FNDA:4,(anonymous_0)
FNDA:4,(anonymous_1)
FNDA:4,(anonymous_2)
FNDA:24,(anonymous_3)
FNDA:24,(anonymous_4)
FNDA:16,(anonymous_1)
DA:7,4
DA:8,4
DA:9,4
DA:10,4
DA:11,24
DA:13,24
DA:14,40
DA:16,20
DA:18,20
DA:19,20
DA:21,40
DA:23,20
LF:12
LH:12
BRF:0
BRH:0
end_of_record
TN:
SF:src\shared\context\AuthContext.tsx
FN:11,AuthProvider
FN:15,(anonymous_1)
FN:23,(anonymous_2)
FN:29,(anonymous_3)
FN:44,(anonymous_4)
FN:47,(anonymous_5)
FN:51,(anonymous_6)
FN:54,handleUnauthorized
FN:58,(anonymous_8)
FN:63,extractErrorMessage
FN:71,register
FN:88,login
FN:120,useAuth
FNF:13
FNH:7
FNDA:358,AuthProvider
FNDA:18,(anonymous_1)
FNDA:0,(anonymous_2)
FNDA:192,(anonymous_3)
FNDA:0,(anonymous_4)
FNDA:0,(anonymous_5)
FNDA:192,(anonymous_6)
FNDA:0,handleUnauthorized
FNDA:77,(anonymous_8)
FNDA:0,extractErrorMessage
FNDA:0,register
FNDA:18,login
FNDA:2160,useAuth
DA:9,187
DA:10,187
DA:12,358
DA:13,358
DA:14,358
DA:15,358
DA:16,18
DA:17,18
DA:18,0
DA:19,0
DA:21,18
DA:23,358
DA:24,0
DA:25,0
DA:26,0
DA:27,0
DA:29,358
DA:30,192
DA:31,192
DA:32,192
DA:33,116
DA:34,116
DA:35,116
DA:37,0
DA:40,192
DA:41,192
DA:42,192
DA:44,0
DA:45,0
DA:46,0
DA:48,0
DA:51,358
DA:52,192
DA:53,192
DA:55,0
DA:57,192
DA:58,192
DA:59,77
DA:62,358
DA:64,0
DA:65,0
DA:66,0
DA:68,0
DA:69,0
DA:72,0
DA:73,0
DA:74,0
DA:75,0
DA:76,0
DA:77,0
DA:78,0
DA:79,0
DA:81,0
DA:82,0
DA:83,0
DA:85,0
DA:89,18
DA:90,18
DA:91,18
DA:92,18
DA:93,18
DA:94,18
DA:95,18
DA:96,18
DA:98,0
DA:99,0
DA:100,0
DA:102,18
DA:105,358
DA:114,358
DA:121,2160
DA:122,2152
DA:123,80
DA:125,2072
LF:74
LH:42
BRDA:16,0,0,0
BRDA:16,0,1,18
BRDA:17,1,0,0
BRDA:17,1,1,18
BRDA:30,2,0,0
BRDA:30,2,1,192
BRDA:32,3,0,116
BRDA:32,3,1,76
BRDA:41,4,0,192
BRDA:41,4,1,0
BRDA:52,5,0,0
BRDA:52,5,1,192
BRDA:64,6,0,0
BRDA:64,6,1,0
BRDA:65,7,0,0
BRDA:65,7,1,0
BRDA:65,8,0,0
BRDA:65,8,1,0
BRDA:65,8,2,0
BRDA:65,8,3,0
BRDA:69,9,0,0
BRDA:69,9,1,0
BRDA:122,10,0,80
BRDA:122,10,1,2072
BRF:24
BRH:9
end_of_record
TN:
SF:src\shared\hooks\useTransactions.ts
FN:4,useTransactions
FN:10,(anonymous_1)
FN:14,(anonymous_2)
FN:17,(anonymous_3)
FN:19,(anonymous_4)
FN:23,(anonymous_5)
FN:26,(anonymous_6)
FN:28,addTransaction
FN:40,(anonymous_8)
FN:48,deleteTransaction
FN:54,(anonymous_10)
FN:54,(anonymous_11)
FNF:12
FNH:7
FNDA:732,useTransactions
FNDA:184,(anonymous_1)
FNDA:68,(anonymous_2)
FNDA:0,(anonymous_3)
FNDA:68,(anonymous_4)
FNDA:180,(anonymous_5)
FNDA:0,(anonymous_6)
FNDA:10,addTransaction
FNDA:10,(anonymous_8)
FNDA:0,deleteTransaction
FNDA:0,(anonymous_10)
FNDA:0,(anonymous_11)
DA:5,732
DA:6,732
DA:7,732
DA:8,732
DA:9,732
DA:10,732
DA:11,184
DA:12,90
DA:13,90
DA:14,90
DA:15,68
DA:16,68
DA:18,0
DA:20,68
DA:23,732
DA:24,180
DA:25,180
DA:26,0
DA:29,10
DA:30,10
DA:31,10
DA:32,10
DA:33,10
DA:40,10
DA:42,0
DA:43,0
DA:45,10
DA:49,0
DA:50,0
DA:51,0
DA:52,0
DA:53,0
DA:54,0
DA:56,0
DA:57,0
DA:59,0
DA:62,732
LF:37
LH:24
BRDA:11,0,0,94
BRDA:11,0,1,90
BRDA:25,1,0,180
BRDA:25,1,1,0
BRDA:26,2,0,0
BRDA:26,2,1,0
BRDA:29,3,0,0
BRDA:29,3,1,10
BRDA:49,4,0,0
BRDA:49,4,1,0
BRF:10
BRH:4
end_of_record
TN:
SF:src\shared\types\goals.ts
FNF:0
FNH:0
LF:0
LH:0
BRF:0
BRH:0
end_of_record
TN:
SF:src\shared\types\transactions.ts
FNF:0
FNH:0
LF:0
LH:0
BRF:0
BRH:0
end_of_record
TN:
SF:src\types\css.d.ts
FNF:0
FNH:0
LF:0
LH:0
BRF:0
BRH:0
end_of_record
